{"/Users/briana/CascadeProjects/deductly-app/.eslintrc.js": {"path":"/Users/briana/CascadeProjects/deductly-app/.eslintrc.js","statementMap":{"0":{"start":{"line":1,"column":0},"end":{"line":37,"column":2}}},"fnMap":{},"branchMap":{},"s":{"0":0},"f":{},"b":{}}
,"/Users/briana/CascadeProjects/deductly-app/jest.config.js": {"path":"/Users/briana/CascadeProjects/deductly-app/jest.config.js","statementMap":{"0":{"start":{"line":1,"column":0},"end":{"line":15,"column":2}}},"fnMap":{},"branchMap":{},"s":{"0":0},"f":{},"b":{}}
,"/Users/briana/CascadeProjects/deductly-app/scripts/check-reviewer-account.js": {"path":"/Users/briana/CascadeProjects/deductly-app/scripts/check-reviewer-account.js","statementMap":{"0":{"start":{"line":2,"column":17},"end":{"line":2,"column":40}},"1":{"start":{"line":3,"column":0},"end":{"line":3,"column":25}},"2":{"start":{"line":6,"column":23},"end":{"line":13,"column":1}},"3":{"start":{"line":16,"column":0},"end":{"line":18,"column":1}},"4":{"start":{"line":17,"column":2},"end":{"line":17,"column":41}},"5":{"start":{"line":21,"column":2},"end":{"line":46,"column":3}},"6":{"start":{"line":22,"column":4},"end":{"line":22,"column":52}},"7":{"start":{"line":24,"column":4},"end":{"line":42,"column":5}},"8":{"start":{"line":26,"column":29},"end":{"line":29,"column":7}},"9":{"start":{"line":30,"column":6},"end":{"line":30,"column":74}},"10":{"start":{"line":31,"column":6},"end":{"line":31,"column":59}},"11":{"start":{"line":32,"column":6},"end":{"line":32,"column":18}},"12":{"start":{"line":34,"column":6},"end":{"line":40,"column":7}},"13":{"start":{"line":35,"column":8},"end":{"line":35,"column":58}},"14":{"start":{"line":36,"column":13},"end":{"line":40,"column":7}},"15":{"start":{"line":37,"column":8},"end":{"line":37,"column":77}},"16":{"start":{"line":39,"column":8},"end":{"line":39,"column":65}},"17":{"start":{"line":41,"column":6},"end":{"line":41,"column":19}},"18":{"start":{"line":44,"column":4},"end":{"line":44,"column":46}},"19":{"start":{"line":45,"column":4},"end":{"line":45,"column":17}},"20":{"start":{"line":50,"column":0},"end":{"line":58,"column":5}},"21":{"start":{"line":52,"column":4},"end":{"line":52,"column":36}},"22":{"start":{"line":53,"column":4},"end":{"line":53,"column":20}},"23":{"start":{"line":56,"column":4},"end":{"line":56,"column":35}},"24":{"start":{"line":57,"column":4},"end":{"line":57,"column":20}}},"fnMap":{"0":{"name":"checkReviewerAccount","decl":{"start":{"line":20,"column":15},"end":{"line":20,"column":35}},"loc":{"start":{"line":20,"column":38},"end":{"line":47,"column":1}},"line":20},"1":{"name":"(anonymous_1)","decl":{"start":{"line":51,"column":8},"end":{"line":51,"column":9}},"loc":{"start":{"line":51,"column":14},"end":{"line":54,"column":3}},"line":51},"2":{"name":"(anonymous_2)","decl":{"start":{"line":55,"column":9},"end":{"line":55,"column":10}},"loc":{"start":{"line":55,"column":18},"end":{"line":58,"column":3}},"line":55}},"branchMap":{"0":{"loc":{"start":{"line":16,"column":0},"end":{"line":18,"column":1}},"type":"if","locations":[{"start":{"line":16,"column":0},"end":{"line":18,"column":1}},{"start":{},"end":{}}],"line":16},"1":{"loc":{"start":{"line":34,"column":6},"end":{"line":40,"column":7}},"type":"if","locations":[{"start":{"line":34,"column":6},"end":{"line":40,"column":7}},{"start":{"line":36,"column":13},"end":{"line":40,"column":7}}],"line":34},"2":{"loc":{"start":{"line":36,"column":13},"end":{"line":40,"column":7}},"type":"if","locations":[{"start":{"line":36,"column":13},"end":{"line":40,"column":7}},{"start":{"line":38,"column":13},"end":{"line":40,"column":7}}],"line":36}},"s":{"0":0,"1":0,"2":0,"3":0,"4":0,"5":0,"6":0,"7":0,"8":0,"9":0,"10":0,"11":0,"12":0,"13":0,"14":0,"15":0,"16":0,"17":0,"18":0,"19":0,"20":0,"21":0,"22":0,"23":0,"24":0},"f":{"0":0,"1":0,"2":0},"b":{"0":[0,0],"1":[0,0],"2":[0,0]}}
,"/Users/briana/CascadeProjects/deductly-app/scripts/create-reviewer-account-fixed.js": {"path":"/Users/briana/CascadeProjects/deductly-app/scripts/create-reviewer-account-fixed.js","statementMap":{"0":{"start":{"line":13,"column":22},"end":{"line":18,"column":1}},"1":{"start":{"line":14,"column":2},"end":{"line":16,"column":3}},"2":{"start":{"line":15,"column":4},"end":{"line":15,"column":43}},"3":{"start":{"line":17,"column":2},"end":{"line":17,"column":18}},"4":{"start":{"line":21,"column":0},"end":{"line":21,"column":16}},"5":{"start":{"line":27,"column":2},"end":{"line":69,"column":3}},"6":{"start":{"line":28,"column":4},"end":{"line":28,"column":48}},"7":{"start":{"line":31,"column":4},"end":{"line":44,"column":5}},"8":{"start":{"line":32,"column":29},"end":{"line":35,"column":7}},"9":{"start":{"line":36,"column":6},"end":{"line":36,"column":65}},"10":{"start":{"line":37,"column":6},"end":{"line":37,"column":58}},"11":{"start":{"line":38,"column":6},"end":{"line":38,"column":13}},"12":{"start":{"line":40,"column":6},"end":{"line":42,"column":7}},"13":{"start":{"line":41,"column":8},"end":{"line":41,"column":20}},"14":{"start":{"line":47,"column":27},"end":{"line":50,"column":5}},"15":{"start":{"line":52,"column":16},"end":{"line":52,"column":39}},"16":{"start":{"line":55,"column":4},"end":{"line":60,"column":7}},"17":{"start":{"line":62,"column":4},"end":{"line":62,"column":58}},"18":{"start":{"line":65,"column":4},"end":{"line":65,"column":36}},"19":{"start":{"line":68,"column":4},"end":{"line":68,"column":61}},"20":{"start":{"line":76,"column":2},"end":{"line":392,"column":3}},"21":{"start":{"line":77,"column":4},"end":{"line":77,"column":67}},"22":{"start":{"line":79,"column":15},"end":{"line":79,"column":35}},"23":{"start":{"line":80,"column":18},"end":{"line":80,"column":28}},"24":{"start":{"line":83,"column":4},"end":{"line":83,"column":44}},"25":{"start":{"line":86,"column":29},"end":{"line":88,"column":12}},"26":{"start":{"line":92,"column":4},"end":{"line":102,"column":5}},"27":{"start":{"line":93,"column":6},"end":{"line":93,"column":69}},"28":{"start":{"line":94,"column":6},"end":{"line":101,"column":9}},"29":{"start":{"line":95,"column":24},"end":{"line":95,"column":34}},"30":{"start":{"line":96,"column":8},"end":{"line":100,"column":9}},"31":{"start":{"line":97,"column":10},"end":{"line":97,"column":38}},"32":{"start":{"line":98,"column":15},"end":{"line":100,"column":9}},"33":{"start":{"line":99,"column":10},"end":{"line":99,"column":39}},"34":{"start":{"line":104,"column":4},"end":{"line":112,"column":5}},"35":{"start":{"line":105,"column":34},"end":{"line":110,"column":8}},"36":{"start":{"line":111,"column":6},"end":{"line":111,"column":50}},"37":{"start":{"line":114,"column":4},"end":{"line":122,"column":5}},"38":{"start":{"line":115,"column":35},"end":{"line":120,"column":8}},"39":{"start":{"line":121,"column":6},"end":{"line":121,"column":52}},"40":{"start":{"line":125,"column":4},"end":{"line":125,"column":49}},"41":{"start":{"line":128,"column":31},"end":{"line":130,"column":12}},"42":{"start":{"line":132,"column":4},"end":{"line":196,"column":5}},"43":{"start":{"line":134,"column":29},"end":{"line":134,"column":39}},"44":{"start":{"line":135,"column":6},"end":{"line":135,"column":52}},"45":{"start":{"line":137,"column":27},"end":{"line":137,"column":37}},"46":{"start":{"line":138,"column":6},"end":{"line":138,"column":50}},"47":{"start":{"line":140,"column":26},"end":{"line":140,"column":36}},"48":{"start":{"line":141,"column":6},"end":{"line":141,"column":49}},"49":{"start":{"line":143,"column":23},"end":{"line":143,"column":33}},"50":{"start":{"line":144,"column":6},"end":{"line":144,"column":44}},"51":{"start":{"line":147,"column":6},"end":{"line":157,"column":9}},"52":{"start":{"line":159,"column":6},"end":{"line":169,"column":9}},"53":{"start":{"line":171,"column":6},"end":{"line":181,"column":9}},"54":{"start":{"line":183,"column":6},"end":{"line":193,"column":9}},"55":{"start":{"line":195,"column":6},"end":{"line":195,"column":65}},"56":{"start":{"line":199,"column":4},"end":{"line":199,"column":54}},"57":{"start":{"line":202,"column":28},"end":{"line":204,"column":12}},"58":{"start":{"line":206,"column":4},"end":{"line":276,"column":5}},"59":{"start":{"line":208,"column":26},"end":{"line":208,"column":36}},"60":{"start":{"line":209,"column":6},"end":{"line":209,"column":48}},"61":{"start":{"line":211,"column":25},"end":{"line":211,"column":35}},"62":{"start":{"line":212,"column":6},"end":{"line":212,"column":47}},"63":{"start":{"line":214,"column":26},"end":{"line":214,"column":36}},"64":{"start":{"line":215,"column":6},"end":{"line":215,"column":47}},"65":{"start":{"line":217,"column":24},"end":{"line":217,"column":34}},"66":{"start":{"line":218,"column":6},"end":{"line":218,"column":45}},"67":{"start":{"line":220,"column":6},"end":{"line":229,"column":9}},"68":{"start":{"line":231,"column":6},"end":{"line":240,"column":9}},"69":{"start":{"line":242,"column":6},"end":{"line":251,"column":9}},"70":{"start":{"line":253,"column":6},"end":{"line":262,"column":9}},"71":{"start":{"line":264,"column":6},"end":{"line":273,"column":9}},"72":{"start":{"line":275,"column":6},"end":{"line":275,"column":70}},"73":{"start":{"line":279,"column":4},"end":{"line":279,"column":61}},"74":{"start":{"line":282,"column":30},"end":{"line":284,"column":12}},"75":{"start":{"line":286,"column":4},"end":{"line":387,"column":5}},"76":{"start":{"line":288,"column":24},"end":{"line":288,"column":34}},"77":{"start":{"line":289,"column":6},"end":{"line":289,"column":47}},"78":{"start":{"line":290,"column":6},"end":{"line":290,"column":27}},"79":{"start":{"line":293,"column":24},"end":{"line":293,"column":34}},"80":{"start":{"line":294,"column":6},"end":{"line":294,"column":27}},"81":{"start":{"line":296,"column":6},"end":{"line":308,"column":9}},"82":{"start":{"line":310,"column":6},"end":{"line":322,"column":9}},"83":{"start":{"line":324,"column":6},"end":{"line":336,"column":9}},"84":{"start":{"line":339,"column":26},"end":{"line":339,"column":36}},"85":{"start":{"line":340,"column":6},"end":{"line":340,"column":71}},"86":{"start":{"line":341,"column":6},"end":{"line":341,"column":29}},"87":{"start":{"line":343,"column":26},"end":{"line":343,"column":36}},"88":{"start":{"line":344,"column":6},"end":{"line":344,"column":65}},"89":{"start":{"line":345,"column":6},"end":{"line":345,"column":29}},"90":{"start":{"line":347,"column":6},"end":{"line":359,"column":9}},"91":{"start":{"line":362,"column":23},"end":{"line":362,"column":33}},"92":{"start":{"line":363,"column":6},"end":{"line":363,"column":52}},"93":{"start":{"line":364,"column":6},"end":{"line":364,"column":27}},"94":{"start":{"line":365,"column":6},"end":{"line":365,"column":26}},"95":{"start":{"line":367,"column":23},"end":{"line":367,"column":33}},"96":{"start":{"line":368,"column":6},"end":{"line":368,"column":48}},"97":{"start":{"line":369,"column":6},"end":{"line":369,"column":27}},"98":{"start":{"line":370,"column":6},"end":{"line":370,"column":26}},"99":{"start":{"line":372,"column":6},"end":{"line":384,"column":9}},"100":{"start":{"line":386,"column":6},"end":{"line":386,"column":75}},"101":{"start":{"line":389,"column":4},"end":{"line":389,"column":53}},"102":{"start":{"line":391,"column":4},"end":{"line":391,"column":56}},"103":{"start":{"line":396,"column":0},"end":{"line":404,"column":5}},"104":{"start":{"line":398,"column":4},"end":{"line":398,"column":66}},"105":{"start":{"line":399,"column":4},"end":{"line":399,"column":20}},"106":{"start":{"line":402,"column":4},"end":{"line":402,"column":63}},"107":{"start":{"line":403,"column":4},"end":{"line":403,"column":20}}},"fnMap":{"0":{"name":"(anonymous_0)","decl":{"start":{"line":13,"column":22},"end":{"line":13,"column":23}},"loc":{"start":{"line":13,"column":28},"end":{"line":18,"column":1}},"line":13},"1":{"name":"createReviewerAccount","decl":{"start":{"line":26,"column":15},"end":{"line":26,"column":36}},"loc":{"start":{"line":26,"column":39},"end":{"line":70,"column":1}},"line":26},"2":{"name":"populateReviewerData","decl":{"start":{"line":75,"column":15},"end":{"line":75,"column":35}},"loc":{"start":{"line":75,"column":41},"end":{"line":393,"column":1}},"line":75},"3":{"name":"(anonymous_3)","decl":{"start":{"line":94,"column":31},"end":{"line":94,"column":32}},"loc":{"start":{"line":94,"column":38},"end":{"line":101,"column":7}},"line":94},"4":{"name":"(anonymous_4)","decl":{"start":{"line":397,"column":8},"end":{"line":397,"column":9}},"loc":{"start":{"line":397,"column":14},"end":{"line":400,"column":3}},"line":397},"5":{"name":"(anonymous_5)","decl":{"start":{"line":401,"column":9},"end":{"line":401,"column":10}},"loc":{"start":{"line":401,"column":18},"end":{"line":404,"column":3}},"line":401}},"branchMap":{"0":{"loc":{"start":{"line":14,"column":2},"end":{"line":16,"column":3}},"type":"if","locations":[{"start":{"line":14,"column":2},"end":{"line":16,"column":3}},{"start":{},"end":{}}],"line":14},"1":{"loc":{"start":{"line":40,"column":6},"end":{"line":42,"column":7}},"type":"if","locations":[{"start":{"line":40,"column":6},"end":{"line":42,"column":7}},{"start":{},"end":{}}],"line":40},"2":{"loc":{"start":{"line":92,"column":4},"end":{"line":102,"column":5}},"type":"if","locations":[{"start":{"line":92,"column":4},"end":{"line":102,"column":5}},{"start":{},"end":{}}],"line":92},"3":{"loc":{"start":{"line":96,"column":8},"end":{"line":100,"column":9}},"type":"if","locations":[{"start":{"line":96,"column":8},"end":{"line":100,"column":9}},{"start":{"line":98,"column":15},"end":{"line":100,"column":9}}],"line":96},"4":{"loc":{"start":{"line":98,"column":15},"end":{"line":100,"column":9}},"type":"if","locations":[{"start":{"line":98,"column":15},"end":{"line":100,"column":9}},{"start":{},"end":{}}],"line":98},"5":{"loc":{"start":{"line":104,"column":4},"end":{"line":112,"column":5}},"type":"if","locations":[{"start":{"line":104,"column":4},"end":{"line":112,"column":5}},{"start":{},"end":{}}],"line":104},"6":{"loc":{"start":{"line":114,"column":4},"end":{"line":122,"column":5}},"type":"if","locations":[{"start":{"line":114,"column":4},"end":{"line":122,"column":5}},{"start":{},"end":{}}],"line":114},"7":{"loc":{"start":{"line":132,"column":4},"end":{"line":196,"column":5}},"type":"if","locations":[{"start":{"line":132,"column":4},"end":{"line":196,"column":5}},{"start":{"line":194,"column":11},"end":{"line":196,"column":5}}],"line":132},"8":{"loc":{"start":{"line":206,"column":4},"end":{"line":276,"column":5}},"type":"if","locations":[{"start":{"line":206,"column":4},"end":{"line":276,"column":5}},{"start":{"line":274,"column":11},"end":{"line":276,"column":5}}],"line":206},"9":{"loc":{"start":{"line":286,"column":4},"end":{"line":387,"column":5}},"type":"if","locations":[{"start":{"line":286,"column":4},"end":{"line":387,"column":5}},{"start":{"line":385,"column":11},"end":{"line":387,"column":5}}],"line":286}},"s":{"0":0,"1":0,"2":0,"3":0,"4":0,"5":0,"6":0,"7":0,"8":0,"9":0,"10":0,"11":0,"12":0,"13":0,"14":0,"15":0,"16":0,"17":0,"18":0,"19":0,"20":0,"21":0,"22":0,"23":0,"24":0,"25":0,"26":0,"27":0,"28":0,"29":0,"30":0,"31":0,"32":0,"33":0,"34":0,"35":0,"36":0,"37":0,"38":0,"39":0,"40":0,"41":0,"42":0,"43":0,"44":0,"45":0,"46":0,"47":0,"48":0,"49":0,"50":0,"51":0,"52":0,"53":0,"54":0,"55":0,"56":0,"57":0,"58":0,"59":0,"60":0,"61":0,"62":0,"63":0,"64":0,"65":0,"66":0,"67":0,"68":0,"69":0,"70":0,"71":0,"72":0,"73":0,"74":0,"75":0,"76":0,"77":0,"78":0,"79":0,"80":0,"81":0,"82":0,"83":0,"84":0,"85":0,"86":0,"87":0,"88":0,"89":0,"90":0,"91":0,"92":0,"93":0,"94":0,"95":0,"96":0,"97":0,"98":0,"99":0,"100":0,"101":0,"102":0,"103":0,"104":0,"105":0,"106":0,"107":0},"f":{"0":0,"1":0,"2":0,"3":0,"4":0,"5":0},"b":{"0":[0,0],"1":[0,0],"2":[0,0],"3":[0,0],"4":[0,0],"5":[0,0],"6":[0,0],"7":[0,0],"8":[0,0],"9":[0,0]}}
,"/Users/briana/CascadeProjects/deductly-app/scripts/create-reviewer-account-v2.js": {"path":"/Users/briana/CascadeProjects/deductly-app/scripts/create-reviewer-account-v2.js","statementMap":{"0":{"start":{"line":13,"column":23},"end":{"line":23,"column":1}},"1":{"start":{"line":26,"column":12},"end":{"line":26,"column":41}},"2":{"start":{"line":27,"column":13},"end":{"line":27,"column":25}},"3":{"start":{"line":28,"column":11},"end":{"line":28,"column":28}},"4":{"start":{"line":34,"column":2},"end":{"line":78,"column":3}},"5":{"start":{"line":35,"column":4},"end":{"line":35,"column":48}},"6":{"start":{"line":38,"column":4},"end":{"line":52,"column":5}},"7":{"start":{"line":39,"column":29},"end":{"line":43,"column":7}},"8":{"start":{"line":44,"column":6},"end":{"line":44,"column":65}},"9":{"start":{"line":45,"column":6},"end":{"line":45,"column":58}},"10":{"start":{"line":46,"column":6},"end":{"line":46,"column":13}},"11":{"start":{"line":48,"column":6},"end":{"line":50,"column":7}},"12":{"start":{"line":49,"column":8},"end":{"line":49,"column":20}},"13":{"start":{"line":55,"column":27},"end":{"line":59,"column":5}},"14":{"start":{"line":61,"column":16},"end":{"line":61,"column":39}},"15":{"start":{"line":64,"column":4},"end":{"line":69,"column":7}},"16":{"start":{"line":71,"column":4},"end":{"line":71,"column":58}},"17":{"start":{"line":74,"column":4},"end":{"line":74,"column":36}},"18":{"start":{"line":77,"column":4},"end":{"line":77,"column":61}},"19":{"start":{"line":85,"column":2},"end":{"line":396,"column":3}},"20":{"start":{"line":86,"column":4},"end":{"line":86,"column":67}},"21":{"start":{"line":88,"column":18},"end":{"line":88,"column":28}},"22":{"start":{"line":91,"column":4},"end":{"line":91,"column":44}},"23":{"start":{"line":94,"column":26},"end":{"line":94,"column":90}},"24":{"start":{"line":95,"column":29},"end":{"line":95,"column":57}},"25":{"start":{"line":99,"column":4},"end":{"line":109,"column":5}},"26":{"start":{"line":100,"column":6},"end":{"line":100,"column":69}},"27":{"start":{"line":101,"column":6},"end":{"line":108,"column":9}},"28":{"start":{"line":102,"column":24},"end":{"line":102,"column":34}},"29":{"start":{"line":103,"column":8},"end":{"line":107,"column":9}},"30":{"start":{"line":104,"column":10},"end":{"line":104,"column":38}},"31":{"start":{"line":105,"column":15},"end":{"line":107,"column":9}},"32":{"start":{"line":106,"column":10},"end":{"line":106,"column":39}},"33":{"start":{"line":111,"column":4},"end":{"line":119,"column":5}},"34":{"start":{"line":112,"column":34},"end":{"line":117,"column":8}},"35":{"start":{"line":118,"column":6},"end":{"line":118,"column":50}},"36":{"start":{"line":121,"column":4},"end":{"line":129,"column":5}},"37":{"start":{"line":122,"column":35},"end":{"line":127,"column":8}},"38":{"start":{"line":128,"column":6},"end":{"line":128,"column":52}},"39":{"start":{"line":132,"column":4},"end":{"line":132,"column":49}},"40":{"start":{"line":135,"column":28},"end":{"line":135,"column":91}},"41":{"start":{"line":136,"column":31},"end":{"line":136,"column":61}},"42":{"start":{"line":138,"column":4},"end":{"line":202,"column":5}},"43":{"start":{"line":140,"column":29},"end":{"line":140,"column":39}},"44":{"start":{"line":141,"column":6},"end":{"line":141,"column":52}},"45":{"start":{"line":143,"column":27},"end":{"line":143,"column":37}},"46":{"start":{"line":144,"column":6},"end":{"line":144,"column":50}},"47":{"start":{"line":146,"column":26},"end":{"line":146,"column":36}},"48":{"start":{"line":147,"column":6},"end":{"line":147,"column":49}},"49":{"start":{"line":149,"column":23},"end":{"line":149,"column":33}},"50":{"start":{"line":150,"column":6},"end":{"line":150,"column":44}},"51":{"start":{"line":153,"column":6},"end":{"line":163,"column":9}},"52":{"start":{"line":165,"column":6},"end":{"line":175,"column":9}},"53":{"start":{"line":177,"column":6},"end":{"line":187,"column":9}},"54":{"start":{"line":189,"column":6},"end":{"line":199,"column":9}},"55":{"start":{"line":201,"column":6},"end":{"line":201,"column":65}},"56":{"start":{"line":205,"column":4},"end":{"line":205,"column":54}},"57":{"start":{"line":208,"column":25},"end":{"line":208,"column":92}},"58":{"start":{"line":209,"column":28},"end":{"line":209,"column":55}},"59":{"start":{"line":211,"column":4},"end":{"line":281,"column":5}},"60":{"start":{"line":213,"column":26},"end":{"line":213,"column":36}},"61":{"start":{"line":214,"column":6},"end":{"line":214,"column":48}},"62":{"start":{"line":216,"column":25},"end":{"line":216,"column":35}},"63":{"start":{"line":217,"column":6},"end":{"line":217,"column":47}},"64":{"start":{"line":219,"column":26},"end":{"line":219,"column":36}},"65":{"start":{"line":220,"column":6},"end":{"line":220,"column":47}},"66":{"start":{"line":222,"column":24},"end":{"line":222,"column":34}},"67":{"start":{"line":223,"column":6},"end":{"line":223,"column":45}},"68":{"start":{"line":225,"column":6},"end":{"line":234,"column":9}},"69":{"start":{"line":236,"column":6},"end":{"line":245,"column":9}},"70":{"start":{"line":247,"column":6},"end":{"line":256,"column":9}},"71":{"start":{"line":258,"column":6},"end":{"line":267,"column":9}},"72":{"start":{"line":269,"column":6},"end":{"line":278,"column":9}},"73":{"start":{"line":280,"column":6},"end":{"line":280,"column":70}},"74":{"start":{"line":284,"column":4},"end":{"line":284,"column":61}},"75":{"start":{"line":287,"column":27},"end":{"line":287,"column":99}},"76":{"start":{"line":288,"column":30},"end":{"line":288,"column":59}},"77":{"start":{"line":290,"column":4},"end":{"line":391,"column":5}},"78":{"start":{"line":292,"column":24},"end":{"line":292,"column":34}},"79":{"start":{"line":293,"column":6},"end":{"line":293,"column":47}},"80":{"start":{"line":294,"column":6},"end":{"line":294,"column":27}},"81":{"start":{"line":297,"column":24},"end":{"line":297,"column":34}},"82":{"start":{"line":298,"column":6},"end":{"line":298,"column":27}},"83":{"start":{"line":300,"column":6},"end":{"line":312,"column":9}},"84":{"start":{"line":314,"column":6},"end":{"line":326,"column":9}},"85":{"start":{"line":328,"column":6},"end":{"line":340,"column":9}},"86":{"start":{"line":343,"column":26},"end":{"line":343,"column":36}},"87":{"start":{"line":344,"column":6},"end":{"line":344,"column":71}},"88":{"start":{"line":345,"column":6},"end":{"line":345,"column":29}},"89":{"start":{"line":347,"column":26},"end":{"line":347,"column":36}},"90":{"start":{"line":348,"column":6},"end":{"line":348,"column":65}},"91":{"start":{"line":349,"column":6},"end":{"line":349,"column":29}},"92":{"start":{"line":351,"column":6},"end":{"line":363,"column":9}},"93":{"start":{"line":366,"column":23},"end":{"line":366,"column":33}},"94":{"start":{"line":367,"column":6},"end":{"line":367,"column":52}},"95":{"start":{"line":368,"column":6},"end":{"line":368,"column":27}},"96":{"start":{"line":369,"column":6},"end":{"line":369,"column":26}},"97":{"start":{"line":371,"column":23},"end":{"line":371,"column":33}},"98":{"start":{"line":372,"column":6},"end":{"line":372,"column":48}},"99":{"start":{"line":373,"column":6},"end":{"line":373,"column":27}},"100":{"start":{"line":374,"column":6},"end":{"line":374,"column":26}},"101":{"start":{"line":376,"column":6},"end":{"line":388,"column":9}},"102":{"start":{"line":390,"column":6},"end":{"line":390,"column":75}},"103":{"start":{"line":393,"column":4},"end":{"line":393,"column":53}},"104":{"start":{"line":395,"column":4},"end":{"line":395,"column":56}},"105":{"start":{"line":400,"column":0},"end":{"line":408,"column":5}},"106":{"start":{"line":402,"column":4},"end":{"line":402,"column":66}},"107":{"start":{"line":403,"column":4},"end":{"line":403,"column":20}},"108":{"start":{"line":406,"column":4},"end":{"line":406,"column":63}},"109":{"start":{"line":407,"column":4},"end":{"line":407,"column":20}}},"fnMap":{"0":{"name":"createReviewerAccount","decl":{"start":{"line":33,"column":15},"end":{"line":33,"column":36}},"loc":{"start":{"line":33,"column":39},"end":{"line":79,"column":1}},"line":33},"1":{"name":"populateReviewerData","decl":{"start":{"line":84,"column":15},"end":{"line":84,"column":35}},"loc":{"start":{"line":84,"column":41},"end":{"line":397,"column":1}},"line":84},"2":{"name":"(anonymous_2)","decl":{"start":{"line":101,"column":31},"end":{"line":101,"column":32}},"loc":{"start":{"line":101,"column":38},"end":{"line":108,"column":7}},"line":101},"3":{"name":"(anonymous_3)","decl":{"start":{"line":401,"column":8},"end":{"line":401,"column":9}},"loc":{"start":{"line":401,"column":14},"end":{"line":404,"column":3}},"line":401},"4":{"name":"(anonymous_4)","decl":{"start":{"line":405,"column":9},"end":{"line":405,"column":10}},"loc":{"start":{"line":405,"column":18},"end":{"line":408,"column":3}},"line":405}},"branchMap":{"0":{"loc":{"start":{"line":48,"column":6},"end":{"line":50,"column":7}},"type":"if","locations":[{"start":{"line":48,"column":6},"end":{"line":50,"column":7}},{"start":{},"end":{}}],"line":48},"1":{"loc":{"start":{"line":99,"column":4},"end":{"line":109,"column":5}},"type":"if","locations":[{"start":{"line":99,"column":4},"end":{"line":109,"column":5}},{"start":{},"end":{}}],"line":99},"2":{"loc":{"start":{"line":103,"column":8},"end":{"line":107,"column":9}},"type":"if","locations":[{"start":{"line":103,"column":8},"end":{"line":107,"column":9}},{"start":{"line":105,"column":15},"end":{"line":107,"column":9}}],"line":103},"3":{"loc":{"start":{"line":105,"column":15},"end":{"line":107,"column":9}},"type":"if","locations":[{"start":{"line":105,"column":15},"end":{"line":107,"column":9}},{"start":{},"end":{}}],"line":105},"4":{"loc":{"start":{"line":111,"column":4},"end":{"line":119,"column":5}},"type":"if","locations":[{"start":{"line":111,"column":4},"end":{"line":119,"column":5}},{"start":{},"end":{}}],"line":111},"5":{"loc":{"start":{"line":121,"column":4},"end":{"line":129,"column":5}},"type":"if","locations":[{"start":{"line":121,"column":4},"end":{"line":129,"column":5}},{"start":{},"end":{}}],"line":121},"6":{"loc":{"start":{"line":138,"column":4},"end":{"line":202,"column":5}},"type":"if","locations":[{"start":{"line":138,"column":4},"end":{"line":202,"column":5}},{"start":{"line":200,"column":11},"end":{"line":202,"column":5}}],"line":138},"7":{"loc":{"start":{"line":211,"column":4},"end":{"line":281,"column":5}},"type":"if","locations":[{"start":{"line":211,"column":4},"end":{"line":281,"column":5}},{"start":{"line":279,"column":11},"end":{"line":281,"column":5}}],"line":211},"8":{"loc":{"start":{"line":290,"column":4},"end":{"line":391,"column":5}},"type":"if","locations":[{"start":{"line":290,"column":4},"end":{"line":391,"column":5}},{"start":{"line":389,"column":11},"end":{"line":391,"column":5}}],"line":290}},"s":{"0":0,"1":0,"2":0,"3":0,"4":0,"5":0,"6":0,"7":0,"8":0,"9":0,"10":0,"11":0,"12":0,"13":0,"14":0,"15":0,"16":0,"17":0,"18":0,"19":0,"20":0,"21":0,"22":0,"23":0,"24":0,"25":0,"26":0,"27":0,"28":0,"29":0,"30":0,"31":0,"32":0,"33":0,"34":0,"35":0,"36":0,"37":0,"38":0,"39":0,"40":0,"41":0,"42":0,"43":0,"44":0,"45":0,"46":0,"47":0,"48":0,"49":0,"50":0,"51":0,"52":0,"53":0,"54":0,"55":0,"56":0,"57":0,"58":0,"59":0,"60":0,"61":0,"62":0,"63":0,"64":0,"65":0,"66":0,"67":0,"68":0,"69":0,"70":0,"71":0,"72":0,"73":0,"74":0,"75":0,"76":0,"77":0,"78":0,"79":0,"80":0,"81":0,"82":0,"83":0,"84":0,"85":0,"86":0,"87":0,"88":0,"89":0,"90":0,"91":0,"92":0,"93":0,"94":0,"95":0,"96":0,"97":0,"98":0,"99":0,"100":0,"101":0,"102":0,"103":0,"104":0,"105":0,"106":0,"107":0,"108":0,"109":0},"f":{"0":0,"1":0,"2":0,"3":0,"4":0},"b":{"0":[0,0],"1":[0,0],"2":[0,0],"3":[0,0],"4":[0,0],"5":[0,0],"6":[0,0],"7":[0,0],"8":[0,0]}}
,"/Users/briana/CascadeProjects/deductly-app/scripts/create-reviewer-account-v3.js": {"path":"/Users/briana/CascadeProjects/deductly-app/scripts/create-reviewer-account-v3.js","statementMap":{"0":{"start":{"line":15,"column":12},"end":{"line":15,"column":41}},"1":{"start":{"line":16,"column":13},"end":{"line":16,"column":25}},"2":{"start":{"line":17,"column":11},"end":{"line":17,"column":28}},"3":{"start":{"line":23,"column":2},"end":{"line":67,"column":3}},"4":{"start":{"line":24,"column":4},"end":{"line":24,"column":48}},"5":{"start":{"line":27,"column":4},"end":{"line":41,"column":5}},"6":{"start":{"line":28,"column":29},"end":{"line":32,"column":7}},"7":{"start":{"line":33,"column":6},"end":{"line":33,"column":65}},"8":{"start":{"line":34,"column":6},"end":{"line":34,"column":58}},"9":{"start":{"line":35,"column":6},"end":{"line":35,"column":13}},"10":{"start":{"line":37,"column":6},"end":{"line":39,"column":7}},"11":{"start":{"line":38,"column":8},"end":{"line":38,"column":20}},"12":{"start":{"line":44,"column":27},"end":{"line":48,"column":5}},"13":{"start":{"line":50,"column":16},"end":{"line":50,"column":39}},"14":{"start":{"line":53,"column":4},"end":{"line":58,"column":7}},"15":{"start":{"line":60,"column":4},"end":{"line":60,"column":58}},"16":{"start":{"line":63,"column":4},"end":{"line":63,"column":36}},"17":{"start":{"line":66,"column":4},"end":{"line":66,"column":61}},"18":{"start":{"line":74,"column":2},"end":{"line":385,"column":3}},"19":{"start":{"line":75,"column":4},"end":{"line":75,"column":67}},"20":{"start":{"line":77,"column":18},"end":{"line":77,"column":28}},"21":{"start":{"line":80,"column":4},"end":{"line":80,"column":44}},"22":{"start":{"line":83,"column":26},"end":{"line":83,"column":90}},"23":{"start":{"line":84,"column":29},"end":{"line":84,"column":57}},"24":{"start":{"line":88,"column":4},"end":{"line":98,"column":5}},"25":{"start":{"line":89,"column":6},"end":{"line":89,"column":69}},"26":{"start":{"line":90,"column":6},"end":{"line":97,"column":9}},"27":{"start":{"line":91,"column":24},"end":{"line":91,"column":34}},"28":{"start":{"line":92,"column":8},"end":{"line":96,"column":9}},"29":{"start":{"line":93,"column":10},"end":{"line":93,"column":38}},"30":{"start":{"line":94,"column":15},"end":{"line":96,"column":9}},"31":{"start":{"line":95,"column":10},"end":{"line":95,"column":39}},"32":{"start":{"line":100,"column":4},"end":{"line":108,"column":5}},"33":{"start":{"line":101,"column":34},"end":{"line":106,"column":8}},"34":{"start":{"line":107,"column":6},"end":{"line":107,"column":50}},"35":{"start":{"line":110,"column":4},"end":{"line":118,"column":5}},"36":{"start":{"line":111,"column":35},"end":{"line":116,"column":8}},"37":{"start":{"line":117,"column":6},"end":{"line":117,"column":52}},"38":{"start":{"line":121,"column":4},"end":{"line":121,"column":49}},"39":{"start":{"line":124,"column":28},"end":{"line":124,"column":91}},"40":{"start":{"line":125,"column":31},"end":{"line":125,"column":61}},"41":{"start":{"line":127,"column":4},"end":{"line":191,"column":5}},"42":{"start":{"line":129,"column":29},"end":{"line":129,"column":39}},"43":{"start":{"line":130,"column":6},"end":{"line":130,"column":52}},"44":{"start":{"line":132,"column":27},"end":{"line":132,"column":37}},"45":{"start":{"line":133,"column":6},"end":{"line":133,"column":50}},"46":{"start":{"line":135,"column":26},"end":{"line":135,"column":36}},"47":{"start":{"line":136,"column":6},"end":{"line":136,"column":49}},"48":{"start":{"line":138,"column":23},"end":{"line":138,"column":33}},"49":{"start":{"line":139,"column":6},"end":{"line":139,"column":44}},"50":{"start":{"line":142,"column":6},"end":{"line":152,"column":9}},"51":{"start":{"line":154,"column":6},"end":{"line":164,"column":9}},"52":{"start":{"line":166,"column":6},"end":{"line":176,"column":9}},"53":{"start":{"line":178,"column":6},"end":{"line":188,"column":9}},"54":{"start":{"line":190,"column":6},"end":{"line":190,"column":65}},"55":{"start":{"line":194,"column":4},"end":{"line":194,"column":54}},"56":{"start":{"line":197,"column":25},"end":{"line":197,"column":92}},"57":{"start":{"line":198,"column":28},"end":{"line":198,"column":55}},"58":{"start":{"line":200,"column":4},"end":{"line":270,"column":5}},"59":{"start":{"line":202,"column":26},"end":{"line":202,"column":36}},"60":{"start":{"line":203,"column":6},"end":{"line":203,"column":48}},"61":{"start":{"line":205,"column":25},"end":{"line":205,"column":35}},"62":{"start":{"line":206,"column":6},"end":{"line":206,"column":47}},"63":{"start":{"line":208,"column":26},"end":{"line":208,"column":36}},"64":{"start":{"line":209,"column":6},"end":{"line":209,"column":47}},"65":{"start":{"line":211,"column":24},"end":{"line":211,"column":34}},"66":{"start":{"line":212,"column":6},"end":{"line":212,"column":45}},"67":{"start":{"line":214,"column":6},"end":{"line":223,"column":9}},"68":{"start":{"line":225,"column":6},"end":{"line":234,"column":9}},"69":{"start":{"line":236,"column":6},"end":{"line":245,"column":9}},"70":{"start":{"line":247,"column":6},"end":{"line":256,"column":9}},"71":{"start":{"line":258,"column":6},"end":{"line":267,"column":9}},"72":{"start":{"line":269,"column":6},"end":{"line":269,"column":70}},"73":{"start":{"line":273,"column":4},"end":{"line":273,"column":61}},"74":{"start":{"line":276,"column":27},"end":{"line":276,"column":99}},"75":{"start":{"line":277,"column":30},"end":{"line":277,"column":59}},"76":{"start":{"line":279,"column":4},"end":{"line":380,"column":5}},"77":{"start":{"line":281,"column":24},"end":{"line":281,"column":34}},"78":{"start":{"line":282,"column":6},"end":{"line":282,"column":47}},"79":{"start":{"line":283,"column":6},"end":{"line":283,"column":27}},"80":{"start":{"line":286,"column":24},"end":{"line":286,"column":34}},"81":{"start":{"line":287,"column":6},"end":{"line":287,"column":27}},"82":{"start":{"line":289,"column":6},"end":{"line":301,"column":9}},"83":{"start":{"line":303,"column":6},"end":{"line":315,"column":9}},"84":{"start":{"line":317,"column":6},"end":{"line":329,"column":9}},"85":{"start":{"line":332,"column":26},"end":{"line":332,"column":36}},"86":{"start":{"line":333,"column":6},"end":{"line":333,"column":71}},"87":{"start":{"line":334,"column":6},"end":{"line":334,"column":29}},"88":{"start":{"line":336,"column":26},"end":{"line":336,"column":36}},"89":{"start":{"line":337,"column":6},"end":{"line":337,"column":65}},"90":{"start":{"line":338,"column":6},"end":{"line":338,"column":29}},"91":{"start":{"line":340,"column":6},"end":{"line":352,"column":9}},"92":{"start":{"line":355,"column":23},"end":{"line":355,"column":33}},"93":{"start":{"line":356,"column":6},"end":{"line":356,"column":52}},"94":{"start":{"line":357,"column":6},"end":{"line":357,"column":27}},"95":{"start":{"line":358,"column":6},"end":{"line":358,"column":26}},"96":{"start":{"line":360,"column":23},"end":{"line":360,"column":33}},"97":{"start":{"line":361,"column":6},"end":{"line":361,"column":48}},"98":{"start":{"line":362,"column":6},"end":{"line":362,"column":27}},"99":{"start":{"line":363,"column":6},"end":{"line":363,"column":26}},"100":{"start":{"line":365,"column":6},"end":{"line":377,"column":9}},"101":{"start":{"line":379,"column":6},"end":{"line":379,"column":75}},"102":{"start":{"line":382,"column":4},"end":{"line":382,"column":53}},"103":{"start":{"line":384,"column":4},"end":{"line":384,"column":56}},"104":{"start":{"line":389,"column":0},"end":{"line":397,"column":5}},"105":{"start":{"line":391,"column":4},"end":{"line":391,"column":66}},"106":{"start":{"line":392,"column":4},"end":{"line":392,"column":20}},"107":{"start":{"line":395,"column":4},"end":{"line":395,"column":63}},"108":{"start":{"line":396,"column":4},"end":{"line":396,"column":20}}},"fnMap":{"0":{"name":"createReviewerAccount","decl":{"start":{"line":22,"column":15},"end":{"line":22,"column":36}},"loc":{"start":{"line":22,"column":39},"end":{"line":68,"column":1}},"line":22},"1":{"name":"populateReviewerData","decl":{"start":{"line":73,"column":15},"end":{"line":73,"column":35}},"loc":{"start":{"line":73,"column":41},"end":{"line":386,"column":1}},"line":73},"2":{"name":"(anonymous_2)","decl":{"start":{"line":90,"column":31},"end":{"line":90,"column":32}},"loc":{"start":{"line":90,"column":38},"end":{"line":97,"column":7}},"line":90},"3":{"name":"(anonymous_3)","decl":{"start":{"line":390,"column":8},"end":{"line":390,"column":9}},"loc":{"start":{"line":390,"column":14},"end":{"line":393,"column":3}},"line":390},"4":{"name":"(anonymous_4)","decl":{"start":{"line":394,"column":9},"end":{"line":394,"column":10}},"loc":{"start":{"line":394,"column":18},"end":{"line":397,"column":3}},"line":394}},"branchMap":{"0":{"loc":{"start":{"line":37,"column":6},"end":{"line":39,"column":7}},"type":"if","locations":[{"start":{"line":37,"column":6},"end":{"line":39,"column":7}},{"start":{},"end":{}}],"line":37},"1":{"loc":{"start":{"line":88,"column":4},"end":{"line":98,"column":5}},"type":"if","locations":[{"start":{"line":88,"column":4},"end":{"line":98,"column":5}},{"start":{},"end":{}}],"line":88},"2":{"loc":{"start":{"line":92,"column":8},"end":{"line":96,"column":9}},"type":"if","locations":[{"start":{"line":92,"column":8},"end":{"line":96,"column":9}},{"start":{"line":94,"column":15},"end":{"line":96,"column":9}}],"line":92},"3":{"loc":{"start":{"line":94,"column":15},"end":{"line":96,"column":9}},"type":"if","locations":[{"start":{"line":94,"column":15},"end":{"line":96,"column":9}},{"start":{},"end":{}}],"line":94},"4":{"loc":{"start":{"line":100,"column":4},"end":{"line":108,"column":5}},"type":"if","locations":[{"start":{"line":100,"column":4},"end":{"line":108,"column":5}},{"start":{},"end":{}}],"line":100},"5":{"loc":{"start":{"line":110,"column":4},"end":{"line":118,"column":5}},"type":"if","locations":[{"start":{"line":110,"column":4},"end":{"line":118,"column":5}},{"start":{},"end":{}}],"line":110},"6":{"loc":{"start":{"line":127,"column":4},"end":{"line":191,"column":5}},"type":"if","locations":[{"start":{"line":127,"column":4},"end":{"line":191,"column":5}},{"start":{"line":189,"column":11},"end":{"line":191,"column":5}}],"line":127},"7":{"loc":{"start":{"line":200,"column":4},"end":{"line":270,"column":5}},"type":"if","locations":[{"start":{"line":200,"column":4},"end":{"line":270,"column":5}},{"start":{"line":268,"column":11},"end":{"line":270,"column":5}}],"line":200},"8":{"loc":{"start":{"line":279,"column":4},"end":{"line":380,"column":5}},"type":"if","locations":[{"start":{"line":279,"column":4},"end":{"line":380,"column":5}},{"start":{"line":378,"column":11},"end":{"line":380,"column":5}}],"line":279}},"s":{"0":0,"1":0,"2":0,"3":0,"4":0,"5":0,"6":0,"7":0,"8":0,"9":0,"10":0,"11":0,"12":0,"13":0,"14":0,"15":0,"16":0,"17":0,"18":0,"19":0,"20":0,"21":0,"22":0,"23":0,"24":0,"25":0,"26":0,"27":0,"28":0,"29":0,"30":0,"31":0,"32":0,"33":0,"34":0,"35":0,"36":0,"37":0,"38":0,"39":0,"40":0,"41":0,"42":0,"43":0,"44":0,"45":0,"46":0,"47":0,"48":0,"49":0,"50":0,"51":0,"52":0,"53":0,"54":0,"55":0,"56":0,"57":0,"58":0,"59":0,"60":0,"61":0,"62":0,"63":0,"64":0,"65":0,"66":0,"67":0,"68":0,"69":0,"70":0,"71":0,"72":0,"73":0,"74":0,"75":0,"76":0,"77":0,"78":0,"79":0,"80":0,"81":0,"82":0,"83":0,"84":0,"85":0,"86":0,"87":0,"88":0,"89":0,"90":0,"91":0,"92":0,"93":0,"94":0,"95":0,"96":0,"97":0,"98":0,"99":0,"100":0,"101":0,"102":0,"103":0,"104":0,"105":0,"106":0,"107":0,"108":0},"f":{"0":0,"1":0,"2":0,"3":0,"4":0},"b":{"0":[0,0],"1":[0,0],"2":[0,0],"3":[0,0],"4":[0,0],"5":[0,0],"6":[0,0],"7":[0,0],"8":[0,0]}}
,"/Users/briana/CascadeProjects/deductly-app/scripts/create-reviewer-account.js": {"path":"/Users/briana/CascadeProjects/deductly-app/scripts/create-reviewer-account.js","statementMap":{"0":{"start":{"line":13,"column":0},"end":{"line":13,"column":16}},"1":{"start":{"line":19,"column":2},"end":{"line":61,"column":3}},"2":{"start":{"line":20,"column":4},"end":{"line":20,"column":48}},"3":{"start":{"line":23,"column":4},"end":{"line":36,"column":5}},"4":{"start":{"line":24,"column":29},"end":{"line":27,"column":7}},"5":{"start":{"line":28,"column":6},"end":{"line":28,"column":65}},"6":{"start":{"line":29,"column":6},"end":{"line":29,"column":58}},"7":{"start":{"line":30,"column":6},"end":{"line":30,"column":13}},"8":{"start":{"line":32,"column":6},"end":{"line":34,"column":7}},"9":{"start":{"line":33,"column":8},"end":{"line":33,"column":20}},"10":{"start":{"line":39,"column":27},"end":{"line":42,"column":5}},"11":{"start":{"line":44,"column":16},"end":{"line":44,"column":39}},"12":{"start":{"line":47,"column":4},"end":{"line":52,"column":7}},"13":{"start":{"line":54,"column":4},"end":{"line":54,"column":58}},"14":{"start":{"line":57,"column":4},"end":{"line":57,"column":36}},"15":{"start":{"line":60,"column":4},"end":{"line":60,"column":61}},"16":{"start":{"line":68,"column":2},"end":{"line":384,"column":3}},"17":{"start":{"line":69,"column":4},"end":{"line":69,"column":67}},"18":{"start":{"line":71,"column":15},"end":{"line":71,"column":35}},"19":{"start":{"line":72,"column":18},"end":{"line":72,"column":28}},"20":{"start":{"line":75,"column":4},"end":{"line":75,"column":44}},"21":{"start":{"line":78,"column":29},"end":{"line":80,"column":12}},"22":{"start":{"line":84,"column":4},"end":{"line":94,"column":5}},"23":{"start":{"line":85,"column":6},"end":{"line":85,"column":69}},"24":{"start":{"line":86,"column":6},"end":{"line":93,"column":9}},"25":{"start":{"line":87,"column":24},"end":{"line":87,"column":34}},"26":{"start":{"line":88,"column":8},"end":{"line":92,"column":9}},"27":{"start":{"line":89,"column":10},"end":{"line":89,"column":38}},"28":{"start":{"line":90,"column":15},"end":{"line":92,"column":9}},"29":{"start":{"line":91,"column":10},"end":{"line":91,"column":39}},"30":{"start":{"line":96,"column":4},"end":{"line":104,"column":5}},"31":{"start":{"line":97,"column":34},"end":{"line":102,"column":8}},"32":{"start":{"line":103,"column":6},"end":{"line":103,"column":50}},"33":{"start":{"line":106,"column":4},"end":{"line":114,"column":5}},"34":{"start":{"line":107,"column":35},"end":{"line":112,"column":8}},"35":{"start":{"line":113,"column":6},"end":{"line":113,"column":52}},"36":{"start":{"line":117,"column":4},"end":{"line":117,"column":49}},"37":{"start":{"line":120,"column":31},"end":{"line":122,"column":12}},"38":{"start":{"line":124,"column":4},"end":{"line":188,"column":5}},"39":{"start":{"line":126,"column":29},"end":{"line":126,"column":39}},"40":{"start":{"line":127,"column":6},"end":{"line":127,"column":52}},"41":{"start":{"line":129,"column":27},"end":{"line":129,"column":37}},"42":{"start":{"line":130,"column":6},"end":{"line":130,"column":50}},"43":{"start":{"line":132,"column":26},"end":{"line":132,"column":36}},"44":{"start":{"line":133,"column":6},"end":{"line":133,"column":49}},"45":{"start":{"line":135,"column":23},"end":{"line":135,"column":33}},"46":{"start":{"line":136,"column":6},"end":{"line":136,"column":44}},"47":{"start":{"line":139,"column":6},"end":{"line":149,"column":9}},"48":{"start":{"line":151,"column":6},"end":{"line":161,"column":9}},"49":{"start":{"line":163,"column":6},"end":{"line":173,"column":9}},"50":{"start":{"line":175,"column":6},"end":{"line":185,"column":9}},"51":{"start":{"line":187,"column":6},"end":{"line":187,"column":65}},"52":{"start":{"line":191,"column":4},"end":{"line":191,"column":54}},"53":{"start":{"line":194,"column":28},"end":{"line":196,"column":12}},"54":{"start":{"line":198,"column":4},"end":{"line":268,"column":5}},"55":{"start":{"line":200,"column":26},"end":{"line":200,"column":36}},"56":{"start":{"line":201,"column":6},"end":{"line":201,"column":48}},"57":{"start":{"line":203,"column":25},"end":{"line":203,"column":35}},"58":{"start":{"line":204,"column":6},"end":{"line":204,"column":47}},"59":{"start":{"line":206,"column":26},"end":{"line":206,"column":36}},"60":{"start":{"line":207,"column":6},"end":{"line":207,"column":47}},"61":{"start":{"line":209,"column":24},"end":{"line":209,"column":34}},"62":{"start":{"line":210,"column":6},"end":{"line":210,"column":45}},"63":{"start":{"line":212,"column":6},"end":{"line":221,"column":9}},"64":{"start":{"line":223,"column":6},"end":{"line":232,"column":9}},"65":{"start":{"line":234,"column":6},"end":{"line":243,"column":9}},"66":{"start":{"line":245,"column":6},"end":{"line":254,"column":9}},"67":{"start":{"line":256,"column":6},"end":{"line":265,"column":9}},"68":{"start":{"line":267,"column":6},"end":{"line":267,"column":70}},"69":{"start":{"line":271,"column":4},"end":{"line":271,"column":61}},"70":{"start":{"line":274,"column":30},"end":{"line":276,"column":12}},"71":{"start":{"line":278,"column":4},"end":{"line":379,"column":5}},"72":{"start":{"line":280,"column":24},"end":{"line":280,"column":34}},"73":{"start":{"line":281,"column":6},"end":{"line":281,"column":47}},"74":{"start":{"line":282,"column":6},"end":{"line":282,"column":27}},"75":{"start":{"line":285,"column":24},"end":{"line":285,"column":34}},"76":{"start":{"line":286,"column":6},"end":{"line":286,"column":27}},"77":{"start":{"line":288,"column":6},"end":{"line":300,"column":9}},"78":{"start":{"line":302,"column":6},"end":{"line":314,"column":9}},"79":{"start":{"line":316,"column":6},"end":{"line":328,"column":9}},"80":{"start":{"line":331,"column":26},"end":{"line":331,"column":36}},"81":{"start":{"line":332,"column":6},"end":{"line":332,"column":71}},"82":{"start":{"line":333,"column":6},"end":{"line":333,"column":29}},"83":{"start":{"line":335,"column":26},"end":{"line":335,"column":36}},"84":{"start":{"line":336,"column":6},"end":{"line":336,"column":65}},"85":{"start":{"line":337,"column":6},"end":{"line":337,"column":29}},"86":{"start":{"line":339,"column":6},"end":{"line":351,"column":9}},"87":{"start":{"line":354,"column":23},"end":{"line":354,"column":33}},"88":{"start":{"line":355,"column":6},"end":{"line":355,"column":52}},"89":{"start":{"line":356,"column":6},"end":{"line":356,"column":27}},"90":{"start":{"line":357,"column":6},"end":{"line":357,"column":26}},"91":{"start":{"line":359,"column":23},"end":{"line":359,"column":33}},"92":{"start":{"line":360,"column":6},"end":{"line":360,"column":48}},"93":{"start":{"line":361,"column":6},"end":{"line":361,"column":27}},"94":{"start":{"line":362,"column":6},"end":{"line":362,"column":26}},"95":{"start":{"line":364,"column":6},"end":{"line":376,"column":9}},"96":{"start":{"line":378,"column":6},"end":{"line":378,"column":75}},"97":{"start":{"line":381,"column":4},"end":{"line":381,"column":53}},"98":{"start":{"line":383,"column":4},"end":{"line":383,"column":56}},"99":{"start":{"line":388,"column":0},"end":{"line":396,"column":5}},"100":{"start":{"line":390,"column":4},"end":{"line":390,"column":66}},"101":{"start":{"line":391,"column":4},"end":{"line":391,"column":20}},"102":{"start":{"line":394,"column":4},"end":{"line":394,"column":63}},"103":{"start":{"line":395,"column":4},"end":{"line":395,"column":20}}},"fnMap":{"0":{"name":"createReviewerAccount","decl":{"start":{"line":18,"column":15},"end":{"line":18,"column":36}},"loc":{"start":{"line":18,"column":39},"end":{"line":62,"column":1}},"line":18},"1":{"name":"populateReviewerData","decl":{"start":{"line":67,"column":15},"end":{"line":67,"column":35}},"loc":{"start":{"line":67,"column":41},"end":{"line":385,"column":1}},"line":67},"2":{"name":"(anonymous_2)","decl":{"start":{"line":86,"column":31},"end":{"line":86,"column":32}},"loc":{"start":{"line":86,"column":38},"end":{"line":93,"column":7}},"line":86},"3":{"name":"(anonymous_3)","decl":{"start":{"line":389,"column":8},"end":{"line":389,"column":9}},"loc":{"start":{"line":389,"column":14},"end":{"line":392,"column":3}},"line":389},"4":{"name":"(anonymous_4)","decl":{"start":{"line":393,"column":9},"end":{"line":393,"column":10}},"loc":{"start":{"line":393,"column":18},"end":{"line":396,"column":3}},"line":393}},"branchMap":{"0":{"loc":{"start":{"line":32,"column":6},"end":{"line":34,"column":7}},"type":"if","locations":[{"start":{"line":32,"column":6},"end":{"line":34,"column":7}},{"start":{},"end":{}}],"line":32},"1":{"loc":{"start":{"line":84,"column":4},"end":{"line":94,"column":5}},"type":"if","locations":[{"start":{"line":84,"column":4},"end":{"line":94,"column":5}},{"start":{},"end":{}}],"line":84},"2":{"loc":{"start":{"line":88,"column":8},"end":{"line":92,"column":9}},"type":"if","locations":[{"start":{"line":88,"column":8},"end":{"line":92,"column":9}},{"start":{"line":90,"column":15},"end":{"line":92,"column":9}}],"line":88},"3":{"loc":{"start":{"line":90,"column":15},"end":{"line":92,"column":9}},"type":"if","locations":[{"start":{"line":90,"column":15},"end":{"line":92,"column":9}},{"start":{},"end":{}}],"line":90},"4":{"loc":{"start":{"line":96,"column":4},"end":{"line":104,"column":5}},"type":"if","locations":[{"start":{"line":96,"column":4},"end":{"line":104,"column":5}},{"start":{},"end":{}}],"line":96},"5":{"loc":{"start":{"line":106,"column":4},"end":{"line":114,"column":5}},"type":"if","locations":[{"start":{"line":106,"column":4},"end":{"line":114,"column":5}},{"start":{},"end":{}}],"line":106},"6":{"loc":{"start":{"line":124,"column":4},"end":{"line":188,"column":5}},"type":"if","locations":[{"start":{"line":124,"column":4},"end":{"line":188,"column":5}},{"start":{"line":186,"column":11},"end":{"line":188,"column":5}}],"line":124},"7":{"loc":{"start":{"line":198,"column":4},"end":{"line":268,"column":5}},"type":"if","locations":[{"start":{"line":198,"column":4},"end":{"line":268,"column":5}},{"start":{"line":266,"column":11},"end":{"line":268,"column":5}}],"line":198},"8":{"loc":{"start":{"line":278,"column":4},"end":{"line":379,"column":5}},"type":"if","locations":[{"start":{"line":278,"column":4},"end":{"line":379,"column":5}},{"start":{"line":377,"column":11},"end":{"line":379,"column":5}}],"line":278}},"s":{"0":0,"1":0,"2":0,"3":0,"4":0,"5":0,"6":0,"7":0,"8":0,"9":0,"10":0,"11":0,"12":0,"13":0,"14":0,"15":0,"16":0,"17":0,"18":0,"19":0,"20":0,"21":0,"22":0,"23":0,"24":0,"25":0,"26":0,"27":0,"28":0,"29":0,"30":0,"31":0,"32":0,"33":0,"34":0,"35":0,"36":0,"37":0,"38":0,"39":0,"40":0,"41":0,"42":0,"43":0,"44":0,"45":0,"46":0,"47":0,"48":0,"49":0,"50":0,"51":0,"52":0,"53":0,"54":0,"55":0,"56":0,"57":0,"58":0,"59":0,"60":0,"61":0,"62":0,"63":0,"64":0,"65":0,"66":0,"67":0,"68":0,"69":0,"70":0,"71":0,"72":0,"73":0,"74":0,"75":0,"76":0,"77":0,"78":0,"79":0,"80":0,"81":0,"82":0,"83":0,"84":0,"85":0,"86":0,"87":0,"88":0,"89":0,"90":0,"91":0,"92":0,"93":0,"94":0,"95":0,"96":0,"97":0,"98":0,"99":0,"100":0,"101":0,"102":0,"103":0},"f":{"0":0,"1":0,"2":0,"3":0,"4":0},"b":{"0":[0,0],"1":[0,0],"2":[0,0],"3":[0,0],"4":[0,0],"5":[0,0],"6":[0,0],"7":[0,0],"8":[0,0]}}
,"/Users/briana/CascadeProjects/deductly-app/scripts/firebase-config.js": {"path":"/Users/briana/CascadeProjects/deductly-app/scripts/firebase-config.js","statementMap":{"0":{"start":{"line":8,"column":30},"end":{"line":16,"column":1}}},"fnMap":{},"branchMap":{},"s":{"0":0},"f":{},"b":{}}
,"/Users/briana/CascadeProjects/deductly-app/src/firebase.js": {"path":"/Users/briana/CascadeProjects/deductly-app/src/firebase.js","statementMap":{"0":{"start":{"line":8,"column":23},"end":{"line":15,"column":1}},"1":{"start":{"line":18,"column":12},"end":{"line":18,"column":41}},"2":{"start":{"line":19,"column":13},"end":{"line":19,"column":25}},"3":{"start":{"line":20,"column":18},"end":{"line":20,"column":35}},"4":{"start":{"line":21,"column":16},"end":{"line":21,"column":31}}},"fnMap":{},"branchMap":{},"s":{"0":0,"1":0,"2":0,"3":0,"4":0},"f":{},"b":{}}
,"/Users/briana/CascadeProjects/deductly-app/src/config/environments.js": {"path":"/Users/briana/CascadeProjects/deductly-app/src/config/environments.js","statementMap":{"0":{"start":{"line":5,"column":12},"end":{"line":63,"column":1}},"1":{"start":{"line":66,"column":19},"end":{"line":77,"column":1}},"2":{"start":{"line":68,"column":2},"end":{"line":70,"column":3}},"3":{"start":{"line":69,"column":4},"end":{"line":69,"column":20}},"4":{"start":{"line":72,"column":2},"end":{"line":74,"column":3}},"5":{"start":{"line":73,"column":4},"end":{"line":73,"column":23}},"6":{"start":{"line":76,"column":2},"end":{"line":76,"column":17}}},"fnMap":{"0":{"name":"(anonymous_0)","decl":{"start":{"line":66,"column":19},"end":{"line":66,"column":20}},"loc":{"start":{"line":66,"column":60},"end":{"line":77,"column":1}},"line":66}},"branchMap":{"0":{"loc":{"start":{"line":66,"column":20},"end":{"line":66,"column":55}},"type":"default-arg","locations":[{"start":{"line":66,"column":26},"end":{"line":66,"column":55}}],"line":66},"1":{"loc":{"start":{"line":66,"column":26},"end":{"line":66,"column":55}},"type":"binary-expr","locations":[{"start":{"line":66,"column":26},"end":{"line":66,"column":46}},{"start":{"line":66,"column":50},"end":{"line":66,"column":55}}],"line":66},"2":{"loc":{"start":{"line":68,"column":2},"end":{"line":70,"column":3}},"type":"if","locations":[{"start":{"line":68,"column":2},"end":{"line":70,"column":3}},{"start":{},"end":{}}],"line":68},"3":{"loc":{"start":{"line":72,"column":2},"end":{"line":74,"column":3}},"type":"if","locations":[{"start":{"line":72,"column":2},"end":{"line":74,"column":3}},{"start":{},"end":{}}],"line":72}},"s":{"0":0,"1":0,"2":0,"3":0,"4":0,"5":0,"6":0},"f":{"0":0},"b":{"0":[0],"1":[0,0],"2":[0,0],"3":[0,0]}}
,"/Users/briana/CascadeProjects/deductly-app/src/modules/AuthModule/index.js": {"path":"/Users/briana/CascadeProjects/deductly-app/src/modules/AuthModule/index.js","statementMap":{"0":{"start":{"line":6,"column":4},"end":{"line":6,"column":26}},"1":{"start":{"line":16,"column":4},"end":{"line":22,"column":5}},"2":{"start":{"line":17,"column":29},"end":{"line":17,"column":89}},"3":{"start":{"line":18,"column":6},"end":{"line":18,"column":59}},"4":{"start":{"line":19,"column":6},"end":{"line":19,"column":58}},"5":{"start":{"line":21,"column":6},"end":{"line":21,"column":54}},"6":{"start":{"line":32,"column":4},"end":{"line":38,"column":5}},"7":{"start":{"line":33,"column":29},"end":{"line":33,"column":93}},"8":{"start":{"line":34,"column":6},"end":{"line":34,"column":59}},"9":{"start":{"line":35,"column":6},"end":{"line":35,"column":58}},"10":{"start":{"line":37,"column":6},"end":{"line":37,"column":54}},"11":{"start":{"line":46,"column":4},"end":{"line":52,"column":5}},"12":{"start":{"line":47,"column":6},"end":{"line":47,"column":32}},"13":{"start":{"line":48,"column":6},"end":{"line":48,"column":36}},"14":{"start":{"line":49,"column":6},"end":{"line":49,"column":31}},"15":{"start":{"line":51,"column":6},"end":{"line":51,"column":54}},"16":{"start":{"line":61,"column":4},"end":{"line":66,"column":5}},"17":{"start":{"line":62,"column":6},"end":{"line":62,"column":53}},"18":{"start":{"line":63,"column":6},"end":{"line":63,"column":31}},"19":{"start":{"line":65,"column":6},"end":{"line":65,"column":54}},"20":{"start":{"line":75,"column":4},"end":{"line":80,"column":5}},"21":{"start":{"line":76,"column":6},"end":{"line":76,"column":55}},"22":{"start":{"line":77,"column":6},"end":{"line":77,"column":31}},"23":{"start":{"line":79,"column":6},"end":{"line":79,"column":54}},"24":{"start":{"line":88,"column":4},"end":{"line":93,"column":5}},"25":{"start":{"line":89,"column":6},"end":{"line":89,"column":53}},"26":{"start":{"line":90,"column":6},"end":{"line":90,"column":31}},"27":{"start":{"line":92,"column":6},"end":{"line":92,"column":54}},"28":{"start":{"line":101,"column":4},"end":{"line":107,"column":5}},"29":{"start":{"line":102,"column":24},"end":{"line":102,"column":67}},"30":{"start":{"line":103,"column":6},"end":{"line":103,"column":23}},"31":{"start":{"line":105,"column":6},"end":{"line":105,"column":59}},"32":{"start":{"line":106,"column":6},"end":{"line":106,"column":18}}},"fnMap":{"0":{"name":"(anonymous_0)","decl":{"start":{"line":5,"column":2},"end":{"line":5,"column":3}},"loc":{"start":{"line":5,"column":16},"end":{"line":7,"column":3}},"line":5},"1":{"name":"(anonymous_1)","decl":{"start":{"line":15,"column":2},"end":{"line":15,"column":3}},"loc":{"start":{"line":15,"column":32},"end":{"line":23,"column":3}},"line":15},"2":{"name":"(anonymous_2)","decl":{"start":{"line":31,"column":2},"end":{"line":31,"column":3}},"loc":{"start":{"line":31,"column":32},"end":{"line":39,"column":3}},"line":31},"3":{"name":"(anonymous_3)","decl":{"start":{"line":45,"column":2},"end":{"line":45,"column":3}},"loc":{"start":{"line":45,"column":18},"end":{"line":53,"column":3}},"line":45},"4":{"name":"(anonymous_4)","decl":{"start":{"line":60,"column":2},"end":{"line":60,"column":3}},"loc":{"start":{"line":60,"column":29},"end":{"line":67,"column":3}},"line":60},"5":{"name":"(anonymous_5)","decl":{"start":{"line":74,"column":2},"end":{"line":74,"column":3}},"loc":{"start":{"line":74,"column":30},"end":{"line":81,"column":3}},"line":74},"6":{"name":"(anonymous_6)","decl":{"start":{"line":87,"column":2},"end":{"line":87,"column":3}},"loc":{"start":{"line":87,"column":27},"end":{"line":94,"column":3}},"line":87},"7":{"name":"(anonymous_7)","decl":{"start":{"line":100,"column":2},"end":{"line":100,"column":3}},"loc":{"start":{"line":100,"column":27},"end":{"line":108,"column":3}},"line":100}},"branchMap":{},"s":{"0":0,"1":0,"2":0,"3":0,"4":0,"5":0,"6":0,"7":0,"8":0,"9":0,"10":0,"11":0,"12":0,"13":0,"14":0,"15":0,"16":0,"17":0,"18":0,"19":0,"20":0,"21":0,"22":0,"23":0,"24":0,"25":0,"26":0,"27":0,"28":0,"29":0,"30":0,"31":0,"32":0},"f":{"0":0,"1":0,"2":0,"3":0,"4":0,"5":0,"6":0,"7":0},"b":{}}
,"/Users/briana/CascadeProjects/deductly-app/src/modules/DeductionModule/index.js": {"path":"/Users/briana/CascadeProjects/deductly-app/src/modules/DeductionModule/index.js","statementMap":{"0":{"start":{"line":5,"column":4},"end":{"line":5,"column":29}},"1":{"start":{"line":6,"column":4},"end":{"line":16,"column":6}},"2":{"start":{"line":24,"column":4},"end":{"line":24,"column":27}},"3":{"start":{"line":34,"column":4},"end":{"line":48,"column":5}},"4":{"start":{"line":35,"column":28},"end":{"line":35,"column":78}},"5":{"start":{"line":37,"column":22},"end":{"line":41,"column":7}},"6":{"start":{"line":43,"column":21},"end":{"line":43,"column":57}},"7":{"start":{"line":45,"column":6},"end":{"line":45,"column":55}},"8":{"start":{"line":47,"column":6},"end":{"line":47,"column":54}},"9":{"start":{"line":59,"column":4},"end":{"line":76,"column":5}},"10":{"start":{"line":60,"column":27},"end":{"line":60,"column":83}},"11":{"start":{"line":62,"column":25},"end":{"line":65,"column":7}},"12":{"start":{"line":67,"column":6},"end":{"line":69,"column":7}},"13":{"start":{"line":68,"column":8},"end":{"line":68,"column":66}},"14":{"start":{"line":71,"column":6},"end":{"line":71,"column":48}},"15":{"start":{"line":73,"column":6},"end":{"line":73,"column":31}},"16":{"start":{"line":75,"column":6},"end":{"line":75,"column":54}},"17":{"start":{"line":86,"column":4},"end":{"line":93,"column":5}},"18":{"start":{"line":87,"column":27},"end":{"line":87,"column":83}},"19":{"start":{"line":88,"column":6},"end":{"line":88,"column":36}},"20":{"start":{"line":90,"column":6},"end":{"line":90,"column":31}},"21":{"start":{"line":92,"column":6},"end":{"line":92,"column":54}},"22":{"start":{"line":103,"column":4},"end":{"line":114,"column":5}},"23":{"start":{"line":104,"column":27},"end":{"line":104,"column":83}},"24":{"start":{"line":105,"column":27},"end":{"line":105,"column":53}},"25":{"start":{"line":107,"column":6},"end":{"line":109,"column":7}},"26":{"start":{"line":108,"column":8},"end":{"line":108,"column":64}},"27":{"start":{"line":111,"column":6},"end":{"line":111,"column":91}},"28":{"start":{"line":113,"column":6},"end":{"line":113,"column":54}},"29":{"start":{"line":124,"column":4},"end":{"line":159,"column":5}},"30":{"start":{"line":125,"column":28},"end":{"line":125,"column":78}},"31":{"start":{"line":126,"column":29},"end":{"line":126,"column":31}},"32":{"start":{"line":129,"column":6},"end":{"line":131,"column":7}},"33":{"start":{"line":130,"column":8},"end":{"line":130,"column":73}},"34":{"start":{"line":133,"column":6},"end":{"line":135,"column":7}},"35":{"start":{"line":134,"column":8},"end":{"line":134,"column":75}},"36":{"start":{"line":137,"column":6},"end":{"line":139,"column":7}},"37":{"start":{"line":138,"column":8},"end":{"line":138,"column":70}},"38":{"start":{"line":141,"column":6},"end":{"line":143,"column":7}},"39":{"start":{"line":142,"column":8},"end":{"line":142,"column":68}},"40":{"start":{"line":146,"column":6},"end":{"line":146,"column":53}},"41":{"start":{"line":148,"column":16},"end":{"line":148,"column":59}},"42":{"start":{"line":149,"column":28},"end":{"line":149,"column":44}},"43":{"start":{"line":151,"column":25},"end":{"line":151,"column":27}},"44":{"start":{"line":152,"column":6},"end":{"line":154,"column":9}},"45":{"start":{"line":153,"column":8},"end":{"line":153,"column":55}},"46":{"start":{"line":156,"column":6},"end":{"line":156,"column":43}},"47":{"start":{"line":158,"column":6},"end":{"line":158,"column":54}},"48":{"start":{"line":170,"column":4},"end":{"line":181,"column":5}},"49":{"start":{"line":171,"column":27},"end":{"line":171,"column":83}},"50":{"start":{"line":173,"column":6},"end":{"line":176,"column":9}},"51":{"start":{"line":178,"column":6},"end":{"line":178,"column":31}},"52":{"start":{"line":180,"column":6},"end":{"line":180,"column":54}},"53":{"start":{"line":191,"column":4},"end":{"line":235,"column":5}},"54":{"start":{"line":192,"column":31},"end":{"line":192,"column":72}},"55":{"start":{"line":194,"column":6},"end":{"line":196,"column":7}},"56":{"start":{"line":195,"column":8},"end":{"line":195,"column":32}},"57":{"start":{"line":198,"column":29},"end":{"line":198,"column":45}},"58":{"start":{"line":201,"column":26},"end":{"line":201,"column":97}},"59":{"start":{"line":201,"column":64},"end":{"line":201,"column":93}},"60":{"start":{"line":204,"column":30},"end":{"line":204,"column":32}},"61":{"start":{"line":205,"column":6},"end":{"line":207,"column":9}},"62":{"start":{"line":206,"column":8},"end":{"line":206,"column":38}},"63":{"start":{"line":209,"column":6},"end":{"line":212,"column":9}},"64":{"start":{"line":210,"column":25},"end":{"line":210,"column":62}},"65":{"start":{"line":211,"column":8},"end":{"line":211,"column":95}},"66":{"start":{"line":215,"column":27},"end":{"line":215,"column":29}},"67":{"start":{"line":216,"column":6},"end":{"line":222,"column":9}},"68":{"start":{"line":217,"column":8},"end":{"line":221,"column":9}},"69":{"start":{"line":218,"column":23},"end":{"line":218,"column":97}},"70":{"start":{"line":219,"column":28},"end":{"line":219,"column":99}},"71":{"start":{"line":220,"column":10},"end":{"line":220,"column":93}},"72":{"start":{"line":224,"column":6},"end":{"line":232,"column":8}},"73":{"start":{"line":234,"column":6},"end":{"line":234,"column":54}}},"fnMap":{"0":{"name":"(anonymous_0)","decl":{"start":{"line":4,"column":2},"end":{"line":4,"column":3}},"loc":{"start":{"line":4,"column":16},"end":{"line":17,"column":3}},"line":4},"1":{"name":"(anonymous_1)","decl":{"start":{"line":23,"column":2},"end":{"line":23,"column":3}},"loc":{"start":{"line":23,"column":18},"end":{"line":25,"column":3}},"line":23},"2":{"name":"(anonymous_2)","decl":{"start":{"line":33,"column":2},"end":{"line":33,"column":3}},"loc":{"start":{"line":33,"column":44},"end":{"line":49,"column":3}},"line":33},"3":{"name":"(anonymous_3)","decl":{"start":{"line":58,"column":2},"end":{"line":58,"column":3}},"loc":{"start":{"line":58,"column":60},"end":{"line":77,"column":3}},"line":58},"4":{"name":"(anonymous_4)","decl":{"start":{"line":85,"column":2},"end":{"line":85,"column":3}},"loc":{"start":{"line":85,"column":45},"end":{"line":94,"column":3}},"line":85},"5":{"name":"(anonymous_5)","decl":{"start":{"line":102,"column":2},"end":{"line":102,"column":3}},"loc":{"start":{"line":102,"column":42},"end":{"line":115,"column":3}},"line":102},"6":{"name":"(anonymous_6)","decl":{"start":{"line":123,"column":2},"end":{"line":123,"column":3}},"loc":{"start":{"line":123,"column":44},"end":{"line":160,"column":3}},"line":123},"7":{"name":"(anonymous_7)","decl":{"start":{"line":152,"column":28},"end":{"line":152,"column":29}},"loc":{"start":{"line":152,"column":37},"end":{"line":154,"column":7}},"line":152},"8":{"name":"(anonymous_8)","decl":{"start":{"line":169,"column":2},"end":{"line":169,"column":3}},"loc":{"start":{"line":169,"column":63},"end":{"line":182,"column":3}},"line":169},"9":{"name":"(anonymous_9)","decl":{"start":{"line":190,"column":2},"end":{"line":190,"column":3}},"loc":{"start":{"line":190,"column":51},"end":{"line":236,"column":3}},"line":190},"10":{"name":"(anonymous_10)","decl":{"start":{"line":201,"column":44},"end":{"line":201,"column":45}},"loc":{"start":{"line":201,"column":64},"end":{"line":201,"column":93}},"line":201},"11":{"name":"(anonymous_11)","decl":{"start":{"line":205,"column":30},"end":{"line":205,"column":31}},"loc":{"start":{"line":205,"column":42},"end":{"line":207,"column":7}},"line":205},"12":{"name":"(anonymous_12)","decl":{"start":{"line":209,"column":25},"end":{"line":209,"column":26}},"loc":{"start":{"line":209,"column":38},"end":{"line":212,"column":7}},"line":209},"13":{"name":"(anonymous_13)","decl":{"start":{"line":216,"column":25},"end":{"line":216,"column":26}},"loc":{"start":{"line":216,"column":38},"end":{"line":222,"column":7}},"line":216}},"branchMap":{"0":{"loc":{"start":{"line":40,"column":16},"end":{"line":40,"column":53}},"type":"binary-expr","locations":[{"start":{"line":40,"column":16},"end":{"line":40,"column":48}},{"start":{"line":40,"column":52},"end":{"line":40,"column":53}}],"line":40},"1":{"loc":{"start":{"line":67,"column":6},"end":{"line":69,"column":7}},"type":"if","locations":[{"start":{"line":67,"column":6},"end":{"line":69,"column":7}},{"start":{},"end":{}}],"line":67},"2":{"loc":{"start":{"line":68,"column":28},"end":{"line":68,"column":65}},"type":"binary-expr","locations":[{"start":{"line":68,"column":28},"end":{"line":68,"column":60}},{"start":{"line":68,"column":64},"end":{"line":68,"column":65}}],"line":68},"3":{"loc":{"start":{"line":107,"column":6},"end":{"line":109,"column":7}},"type":"if","locations":[{"start":{"line":107,"column":6},"end":{"line":109,"column":7}},{"start":{},"end":{}}],"line":107},"4":{"loc":{"start":{"line":123,"column":30},"end":{"line":123,"column":42}},"type":"default-arg","locations":[{"start":{"line":123,"column":40},"end":{"line":123,"column":42}}],"line":123},"5":{"loc":{"start":{"line":129,"column":6},"end":{"line":131,"column":7}},"type":"if","locations":[{"start":{"line":129,"column":6},"end":{"line":131,"column":7}},{"start":{},"end":{}}],"line":129},"6":{"loc":{"start":{"line":133,"column":6},"end":{"line":135,"column":7}},"type":"if","locations":[{"start":{"line":133,"column":6},"end":{"line":135,"column":7}},{"start":{},"end":{}}],"line":133},"7":{"loc":{"start":{"line":137,"column":6},"end":{"line":139,"column":7}},"type":"if","locations":[{"start":{"line":137,"column":6},"end":{"line":139,"column":7}},{"start":{},"end":{}}],"line":137},"8":{"loc":{"start":{"line":141,"column":6},"end":{"line":143,"column":7}},"type":"if","locations":[{"start":{"line":141,"column":6},"end":{"line":143,"column":7}},{"start":{},"end":{}}],"line":141},"9":{"loc":{"start":{"line":190,"column":37},"end":{"line":190,"column":49}},"type":"default-arg","locations":[{"start":{"line":190,"column":47},"end":{"line":190,"column":49}}],"line":190},"10":{"loc":{"start":{"line":194,"column":6},"end":{"line":196,"column":7}},"type":"if","locations":[{"start":{"line":194,"column":6},"end":{"line":196,"column":7}},{"start":{},"end":{}}],"line":194},"11":{"loc":{"start":{"line":201,"column":71},"end":{"line":201,"column":92}},"type":"binary-expr","locations":[{"start":{"line":201,"column":71},"end":{"line":201,"column":87}},{"start":{"line":201,"column":91},"end":{"line":201,"column":92}}],"line":201},"12":{"loc":{"start":{"line":210,"column":25},"end":{"line":210,"column":62}},"type":"binary-expr","locations":[{"start":{"line":210,"column":25},"end":{"line":210,"column":43}},{"start":{"line":210,"column":47},"end":{"line":210,"column":62}}],"line":210},"13":{"loc":{"start":{"line":211,"column":37},"end":{"line":211,"column":67}},"type":"binary-expr","locations":[{"start":{"line":211,"column":37},"end":{"line":211,"column":62}},{"start":{"line":211,"column":66},"end":{"line":211,"column":67}}],"line":211},"14":{"loc":{"start":{"line":211,"column":72},"end":{"line":211,"column":93}},"type":"binary-expr","locations":[{"start":{"line":211,"column":72},"end":{"line":211,"column":88}},{"start":{"line":211,"column":92},"end":{"line":211,"column":93}}],"line":211},"15":{"loc":{"start":{"line":217,"column":8},"end":{"line":221,"column":9}},"type":"if","locations":[{"start":{"line":217,"column":8},"end":{"line":221,"column":9}},{"start":{},"end":{}}],"line":217},"16":{"loc":{"start":{"line":218,"column":23},"end":{"line":218,"column":97}},"type":"cond-expr","locations":[{"start":{"line":218,"column":47},"end":{"line":218,"column":70}},{"start":{"line":218,"column":73},"end":{"line":218,"column":97}}],"line":218},"17":{"loc":{"start":{"line":220,"column":37},"end":{"line":220,"column":65}},"type":"binary-expr","locations":[{"start":{"line":220,"column":37},"end":{"line":220,"column":60}},{"start":{"line":220,"column":64},"end":{"line":220,"column":65}}],"line":220},"18":{"loc":{"start":{"line":220,"column":70},"end":{"line":220,"column":91}},"type":"binary-expr","locations":[{"start":{"line":220,"column":70},"end":{"line":220,"column":86}},{"start":{"line":220,"column":90},"end":{"line":220,"column":91}}],"line":220}},"s":{"0":0,"1":0,"2":0,"3":0,"4":0,"5":0,"6":0,"7":0,"8":0,"9":0,"10":0,"11":0,"12":0,"13":0,"14":0,"15":0,"16":0,"17":0,"18":0,"19":0,"20":0,"21":0,"22":0,"23":0,"24":0,"25":0,"26":0,"27":0,"28":0,"29":0,"30":0,"31":0,"32":0,"33":0,"34":0,"35":0,"36":0,"37":0,"38":0,"39":0,"40":0,"41":0,"42":0,"43":0,"44":0,"45":0,"46":0,"47":0,"48":0,"49":0,"50":0,"51":0,"52":0,"53":0,"54":0,"55":0,"56":0,"57":0,"58":0,"59":0,"60":0,"61":0,"62":0,"63":0,"64":0,"65":0,"66":0,"67":0,"68":0,"69":0,"70":0,"71":0,"72":0,"73":0},"f":{"0":0,"1":0,"2":0,"3":0,"4":0,"5":0,"6":0,"7":0,"8":0,"9":0,"10":0,"11":0,"12":0,"13":0},"b":{"0":[0,0],"1":[0,0],"2":[0,0],"3":[0,0],"4":[0],"5":[0,0],"6":[0,0],"7":[0,0],"8":[0,0],"9":[0],"10":[0,0],"11":[0,0],"12":[0,0],"13":[0,0],"14":[0,0],"15":[0,0],"16":[0,0],"17":[0,0],"18":[0,0]}}
,"/Users/briana/CascadeProjects/deductly-app/src/modules/MileageModule/index.js": {"path":"/Users/briana/CascadeProjects/deductly-app/src/modules/MileageModule/index.js","statementMap":{"0":{"start":{"line":6,"column":4},"end":{"line":6,"column":29}},"1":{"start":{"line":7,"column":4},"end":{"line":7,"column":28}},"2":{"start":{"line":8,"column":4},"end":{"line":8,"column":28}},"3":{"start":{"line":9,"column":4},"end":{"line":9,"column":37}},"4":{"start":{"line":10,"column":4},"end":{"line":10,"column":28}},"5":{"start":{"line":11,"column":4},"end":{"line":11,"column":26}},"6":{"start":{"line":12,"column":4},"end":{"line":12,"column":55}},"7":{"start":{"line":20,"column":4},"end":{"line":37,"column":5}},"8":{"start":{"line":21,"column":25},"end":{"line":21,"column":75}},"9":{"start":{"line":22,"column":6},"end":{"line":24,"column":7}},"10":{"start":{"line":23,"column":8},"end":{"line":23,"column":76}},"11":{"start":{"line":26,"column":31},"end":{"line":26,"column":81}},"12":{"start":{"line":27,"column":6},"end":{"line":32,"column":7}},"13":{"start":{"line":28,"column":8},"end":{"line":31,"column":10}},"14":{"start":{"line":34,"column":6},"end":{"line":34,"column":31}},"15":{"start":{"line":36,"column":6},"end":{"line":36,"column":54}},"16":{"start":{"line":48,"column":4},"end":{"line":50,"column":5}},"17":{"start":{"line":49,"column":6},"end":{"line":49,"column":72}},"18":{"start":{"line":52,"column":4},"end":{"line":94,"column":5}},"19":{"start":{"line":54,"column":31},"end":{"line":54,"column":70}},"20":{"start":{"line":55,"column":6},"end":{"line":57,"column":7}},"21":{"start":{"line":56,"column":8},"end":{"line":56,"column":32}},"22":{"start":{"line":60,"column":23},"end":{"line":68,"column":7}},"23":{"start":{"line":70,"column":23},"end":{"line":70,"column":68}},"24":{"start":{"line":71,"column":21},"end":{"line":71,"column":53}},"25":{"start":{"line":74,"column":6},"end":{"line":74,"column":29}},"26":{"start":{"line":75,"column":6},"end":{"line":75,"column":35}},"27":{"start":{"line":76,"column":6},"end":{"line":76,"column":30}},"28":{"start":{"line":77,"column":6},"end":{"line":77,"column":34}},"29":{"start":{"line":80,"column":6},"end":{"line":87,"column":8}},"30":{"start":{"line":89,"column":6},"end":{"line":89,"column":50}},"31":{"start":{"line":91,"column":6},"end":{"line":91,"column":30}},"32":{"start":{"line":92,"column":6},"end":{"line":92,"column":30}},"33":{"start":{"line":93,"column":6},"end":{"line":93,"column":54}},"34":{"start":{"line":102,"column":4},"end":{"line":102,"column":54}},"35":{"start":{"line":102,"column":47},"end":{"line":102,"column":54}},"36":{"start":{"line":104,"column":4},"end":{"line":111,"column":7}},"37":{"start":{"line":123,"column":14},"end":{"line":123,"column":18}},"38":{"start":{"line":124,"column":17},"end":{"line":124,"column":42}},"39":{"start":{"line":125,"column":17},"end":{"line":125,"column":42}},"40":{"start":{"line":127,"column":6},"end":{"line":129,"column":41}},"41":{"start":{"line":130,"column":14},"end":{"line":130,"column":58}},"42":{"start":{"line":131,"column":21},"end":{"line":131,"column":26}},"43":{"start":{"line":132,"column":4},"end":{"line":132,"column":20}},"44":{"start":{"line":141,"column":4},"end":{"line":141,"column":31}},"45":{"start":{"line":149,"column":4},"end":{"line":151,"column":5}},"46":{"start":{"line":150,"column":6},"end":{"line":150,"column":33}},"47":{"start":{"line":153,"column":26},"end":{"line":153,"column":27}},"48":{"start":{"line":155,"column":4},"end":{"line":165,"column":5}},"49":{"start":{"line":155,"column":17},"end":{"line":155,"column":18}},"50":{"start":{"line":156,"column":27},"end":{"line":156,"column":52}},"51":{"start":{"line":157,"column":27},"end":{"line":157,"column":48}},"52":{"start":{"line":159,"column":30},"end":{"line":162,"column":7}},"53":{"start":{"line":164,"column":6},"end":{"line":164,"column":41}},"54":{"start":{"line":167,"column":31},"end":{"line":167,"column":57}},"55":{"start":{"line":169,"column":4},"end":{"line":172,"column":6}},"56":{"start":{"line":181,"column":4},"end":{"line":183,"column":5}},"57":{"start":{"line":182,"column":6},"end":{"line":182,"column":62}},"58":{"start":{"line":185,"column":4},"end":{"line":226,"column":5}},"59":{"start":{"line":187,"column":6},"end":{"line":190,"column":7}},"60":{"start":{"line":188,"column":8},"end":{"line":188,"column":43}},"61":{"start":{"line":189,"column":8},"end":{"line":189,"column":41}},"62":{"start":{"line":192,"column":22},"end":{"line":192,"column":32}},"63":{"start":{"line":193,"column":23},"end":{"line":193,"column":52}},"64":{"start":{"line":194,"column":25},"end":{"line":194,"column":49}},"65":{"start":{"line":195,"column":30},"end":{"line":195,"column":60}},"66":{"start":{"line":198,"column":22},"end":{"line":198,"column":78}},"67":{"start":{"line":199,"column":6},"end":{"line":206,"column":9}},"68":{"start":{"line":209,"column":22},"end":{"line":209,"column":43}},"69":{"start":{"line":210,"column":23},"end":{"line":210,"column":60}},"70":{"start":{"line":213,"column":30},"end":{"line":213,"column":46}},"71":{"start":{"line":214,"column":6},"end":{"line":214,"column":30}},"72":{"start":{"line":215,"column":6},"end":{"line":215,"column":30}},"73":{"start":{"line":216,"column":6},"end":{"line":216,"column":30}},"74":{"start":{"line":217,"column":6},"end":{"line":217,"column":28}},"75":{"start":{"line":219,"column":6},"end":{"line":223,"column":8}},"76":{"start":{"line":225,"column":6},"end":{"line":225,"column":54}},"77":{"start":{"line":234,"column":4},"end":{"line":236,"column":5}},"78":{"start":{"line":235,"column":6},"end":{"line":235,"column":35}},"79":{"start":{"line":238,"column":28},"end":{"line":238,"column":57}},"80":{"start":{"line":239,"column":22},"end":{"line":239,"column":49}},"81":{"start":{"line":240,"column":27},"end":{"line":240,"column":56}},"82":{"start":{"line":242,"column":4},"end":{"line":250,"column":6}}},"fnMap":{"0":{"name":"(anonymous_0)","decl":{"start":{"line":5,"column":2},"end":{"line":5,"column":3}},"loc":{"start":{"line":5,"column":16},"end":{"line":13,"column":3}},"line":5},"1":{"name":"(anonymous_1)","decl":{"start":{"line":19,"column":2},"end":{"line":19,"column":3}},"loc":{"start":{"line":19,"column":37},"end":{"line":38,"column":3}},"line":19},"2":{"name":"(anonymous_2)","decl":{"start":{"line":47,"column":2},"end":{"line":47,"column":3}},"loc":{"start":{"line":47,"column":46},"end":{"line":95,"column":3}},"line":47},"3":{"name":"(anonymous_3)","decl":{"start":{"line":101,"column":2},"end":{"line":101,"column":3}},"loc":{"start":{"line":101,"column":29},"end":{"line":112,"column":3}},"line":101},"4":{"name":"(anonymous_4)","decl":{"start":{"line":122,"column":2},"end":{"line":122,"column":3}},"loc":{"start":{"line":122,"column":44},"end":{"line":133,"column":3}},"line":122},"5":{"name":"(anonymous_5)","decl":{"start":{"line":140,"column":2},"end":{"line":140,"column":3}},"loc":{"start":{"line":140,"column":15},"end":{"line":142,"column":3}},"line":140},"6":{"name":"(anonymous_6)","decl":{"start":{"line":148,"column":2},"end":{"line":148,"column":3}},"loc":{"start":{"line":148,"column":27},"end":{"line":173,"column":3}},"line":148},"7":{"name":"(anonymous_7)","decl":{"start":{"line":180,"column":2},"end":{"line":180,"column":3}},"loc":{"start":{"line":180,"column":24},"end":{"line":227,"column":3}},"line":180},"8":{"name":"(anonymous_8)","decl":{"start":{"line":233,"column":2},"end":{"line":233,"column":3}},"loc":{"start":{"line":233,"column":18},"end":{"line":251,"column":3}},"line":233}},"branchMap":{"0":{"loc":{"start":{"line":22,"column":6},"end":{"line":24,"column":7}},"type":"if","locations":[{"start":{"line":22,"column":6},"end":{"line":24,"column":7}},{"start":{},"end":{}}],"line":22},"1":{"loc":{"start":{"line":27,"column":6},"end":{"line":32,"column":7}},"type":"if","locations":[{"start":{"line":27,"column":6},"end":{"line":32,"column":7}},{"start":{},"end":{}}],"line":27},"2":{"loc":{"start":{"line":48,"column":4},"end":{"line":50,"column":5}},"type":"if","locations":[{"start":{"line":48,"column":4},"end":{"line":50,"column":5}},{"start":{},"end":{}}],"line":48},"3":{"loc":{"start":{"line":55,"column":6},"end":{"line":57,"column":7}},"type":"if","locations":[{"start":{"line":55,"column":6},"end":{"line":57,"column":7}},{"start":{},"end":{}}],"line":55},"4":{"loc":{"start":{"line":102,"column":4},"end":{"line":102,"column":54}},"type":"if","locations":[{"start":{"line":102,"column":4},"end":{"line":102,"column":54}},{"start":{},"end":{}}],"line":102},"5":{"loc":{"start":{"line":102,"column":8},"end":{"line":102,"column":45}},"type":"binary-expr","locations":[{"start":{"line":102,"column":8},"end":{"line":102,"column":24}},{"start":{"line":102,"column":28},"end":{"line":102,"column":45}}],"line":102},"6":{"loc":{"start":{"line":149,"column":4},"end":{"line":151,"column":5}},"type":"if","locations":[{"start":{"line":149,"column":4},"end":{"line":151,"column":5}},{"start":{},"end":{}}],"line":149},"7":{"loc":{"start":{"line":181,"column":4},"end":{"line":183,"column":5}},"type":"if","locations":[{"start":{"line":181,"column":4},"end":{"line":183,"column":5}},{"start":{},"end":{}}],"line":181},"8":{"loc":{"start":{"line":181,"column":8},"end":{"line":181,"column":45}},"type":"binary-expr","locations":[{"start":{"line":181,"column":8},"end":{"line":181,"column":24}},{"start":{"line":181,"column":28},"end":{"line":181,"column":45}}],"line":181},"9":{"loc":{"start":{"line":187,"column":6},"end":{"line":190,"column":7}},"type":"if","locations":[{"start":{"line":187,"column":6},"end":{"line":190,"column":7}},{"start":{},"end":{}}],"line":187},"10":{"loc":{"start":{"line":234,"column":4},"end":{"line":236,"column":5}},"type":"if","locations":[{"start":{"line":234,"column":4},"end":{"line":236,"column":5}},{"start":{},"end":{}}],"line":234}},"s":{"0":0,"1":0,"2":0,"3":0,"4":0,"5":0,"6":0,"7":0,"8":0,"9":0,"10":0,"11":0,"12":0,"13":0,"14":0,"15":0,"16":0,"17":0,"18":0,"19":0,"20":0,"21":0,"22":0,"23":0,"24":0,"25":0,"26":0,"27":0,"28":0,"29":0,"30":0,"31":0,"32":0,"33":0,"34":0,"35":0,"36":0,"37":0,"38":0,"39":0,"40":0,"41":0,"42":0,"43":0,"44":0,"45":0,"46":0,"47":0,"48":0,"49":0,"50":0,"51":0,"52":0,"53":0
[...]
column":62}},"76":{"start":{"line":262,"column":32},"end":{"line":262,"column":62}},"77":{"start":{"line":263,"column":8},"end":{"line":263,"column":61}},"78":{"start":{"line":267,"column":27},"end":{"line":274,"column":7}},"79":{"start":{"line":268,"column":40},"end":{"line":268,"column":50}},"80":{"start":{"line":271,"column":42},"end":{"line":271,"column":52}},"81":{"start":{"line":276,"column":6},"end":{"line":287,"column":8}},"82":{"start":{"line":289,"column":6},"end":{"line":289,"column":60}},"83":{"start":{"line":290,"column":6},"end":{"line":293,"column":8}},"84":{"start":{"line":307,"column":4},"end":{"line":370,"column":5}},"85":{"start":{"line":308,"column":21},"end":{"line":314,"column":7}},"86":{"start":{"line":316,"column":6},"end":{"line":318,"column":7}},"87":{"start":{"line":317,"column":8},"end":{"line":317,"column":38}},"88":{"start":{"line":320,"column":29},"end":{"line":320,"column":42}},"89":{"start":{"line":322,"column":6},"end":{"line":327,"column":7}},"90":{"start":{"line":323,"column":8},"end":{"line":326,"column":10}},"91":{"start":{"line":330,"column":16},"end":{"line":330,"column":72}},"92":{"start":{"line":333,"column":6},"end":{"line":343,"column":9}},"93":{"start":{"line":334,"column":21},"end":{"line":334,"column":63}},"94":{"start":{"line":335,"column":22},"end":{"line":335,"column":87}},"95":{"start":{"line":336,"column":23},"end":{"line":336,"column":44}},"96":{"start":{"line":337,"column":25},"end":{"line":337,"column":96}},"97":{"start":{"line":338,"column":24},"end":{"line":338,"column":101}},"98":{"start":{"line":339,"column":22},"end":{"line":339,"column":87}},"99":{"start":{"line":340,"column":27},"end":{"line":340,"column":53}},"100":{"start":{"line":342,"column":8},"end":{"line":342,"column":92}},"101":{"start":{"line":346,"column":24},"end":{"line":346,"column":70}},"102":{"start":{"line":347,"column":23},"end":{"line":347,"column":59}},"103":{"start":{"line":350,"column":22},"end":{"line":350,"column":66}},"104":{"start":{"line":351,"column":6},"end":{"line":351,"column":56}},"105":{"start":{"line":354,"column":6},"end":{"line":358,"column":7}},"106":{"start":{"line":355,"column":8},"end":{"line":355,"column":42}},"107":{"start":{"line":357,"column":8},"end":{"line":357,"column":67}},"108":{"start":{"line":360,"column":6},"end":{"line":363,"column":8}},"109":{"start":{"line":365,"column":6},"end":{"line":365,"column":65}},"110":{"start":{"line":366,"column":6},"end":{"line":369,"column":8}},"111":{"start":{"line":383,"column":4},"end":{"line":447,"column":5}},"112":{"start":{"line":384,"column":21},"end":{"line":390,"column":7}},"113":{"start":{"line":392,"column":6},"end":{"line":394,"column":7}},"114":{"start":{"line":393,"column":8},"end":{"line":393,"column":38}},"115":{"start":{"line":396,"column":24},"end":{"line":396,"column":37}},"116":{"start":{"line":398,"column":6},"end":{"line":403,"column":7}},"117":{"start":{"line":399,"column":8},"end":{"line":402,"column":10}},"118":{"start":{"line":406,"column":16},"end":{"line":406,"column":119}},"119":{"start":{"line":409,"column":6},"end":{"line":420,"column":9}},"120":{"start":{"line":410,"column":26},"end":{"line":410,"column":54}},"121":{"start":{"line":411,"column":24},"end":{"line":411,"column":50}},"122":{"start":{"line":412,"column":25},"end":{"line":412,"column":43}},"123":{"start":{"line":413,"column":25},"end":{"line":413,"column":83}},"124":{"start":{"line":414,"column":24},"end":{"line":414,"column":91}},"125":{"start":{"line":415,"column":24},"end":{"line":415,"column":83}},"126":{"start":{"line":416,"column":30},"end":{"line":416,"column":99}},"127":{"start":{"line":417,"column":28},"end":{"line":417,"column":93}},"128":{"start":{"line":419,"column":8},"end":{"line":419,"column":121}},"129":{"start":{"line":423,"column":24},"end":{"line":423,"column":70}},"130":{"start":{"line":424,"column":23},"end":{"line":424,"column":56}},"131":{"start":{"line":427,"column":22},"end":{"line":427,"column":66}},"132":{"start":{"line":428,"column":6},"end":{"line":428,"column":56}},"133":{"start":{"line":431,"column":6},"end":{"line":435,"column":7}},"134":{"start":{"line":432,"column":8},"end":{"line":432,"column":42}},"135":{"start":{"line":434,"column":8},"end":{"line":434,"column":67}},"136":{"start":{"line":437,"column":6},"end":{"line":440,"column":8}},"137":{"start":{"line":442,"column":6},"end":{"line":442,"column":62}},"138":{"start":{"line":443,"column":6},"end":{"line":446,"column":8}}},"fnMap":{"0":{"name":"(anonymous_0)","decl":{"start":{"line":10,"column":2},"end":{"line":10,"column":3}},"loc":{"start":{"line":10,"column":25},"end":{"line":18,"column":3}},"line":10},"1":{"name":"(anonymous_1)","decl":{"start":{"line":27,"column":2},"end":{"line":27,"column":3}},"loc":{"start":{"line":27,"column":86},"end":{"line":73,"column":3}},"line":27},"2":{"name":"(anonymous_2)","decl":{"start":{"line":84,"column":2},"end":{"line":84,"column":3}},"loc":{"start":{"line":84,"column":111},"end":{"line":198,"column":3}},"line":84},"3":{"name":"(anonymous_3)","decl":{"start":{"line":104,"column":43},"end":{"line":104,"column":44}},"loc":{"start":{"line":104,"column":51},"end":{"line":108,"column":7}},"line":104},"4":{"name":"(anonymous_4)","decl":{"start":{"line":111,"column":44},"end":{"line":111,"column":45}},"loc":{"start":{"line":111,"column":64},"end":{"line":111,"column":86}},"line":111},"5":{"name":"(anonymous_5)","decl":{"start":{"line":116,"column":25},"end":{"line":116,"column":26}},"loc":{"start":{"line":116,"column":38},"end":{"line":127,"column":7}},"line":116},"6":{"name":"(anonymous_6)","decl":{"start":{"line":130,"column":59},"end":{"line":130,"column":60}},"loc":{"start":{"line":130,"column":69},"end":{"line":130,"column":88}},"line":130},"7":{"name":"(anonymous_7)","decl":{"start":{"line":133,"column":44},"end":{"line":133,"column":45}},"loc":{"start":{"line":133,"column":61},"end":{"line":147,"column":7}},"line":133},"8":{"name":"(anonymous_8)","decl":{"start":{"line":151,"column":25},"end":{"line":151,"column":26}},"loc":{"start":{"line":151,"column":38},"end":{"line":160,"column":7}},"line":151},"9":{"name":"(anonymous_9)","decl":{"start":{"line":163,"column":57},"end":{"line":163,"column":58}},"loc":{"start":{"line":163,"column":67},"end":{"line":167,"column":7}},"line":163},"10":{"name":"(anonymous_10)","decl":{"start":{"line":171,"column":32},"end":{"line":171,"column":33}},"loc":{"start":{"line":171,"column":40},"end":{"line":171,"column":50}},"line":171},"11":{"name":"(anonymous_11)","decl":{"start":{"line":174,"column":34},"end":{"line":174,"column":35}},"loc":{"start":{"line":174,"column":42},"end":{"line":174,"column":53}},"line":174},"12":{"name":"(anonymous_12)","decl":{"start":{"line":209,"column":2},"end":{"line":209,"column":3}},"loc":{"start":{"line":209,"column":109},"end":{"line":295,"column":3}},"line":209},"13":{"name":"(anonymous_13)","decl":{"start":{"line":229,"column":38},"end":{"line":229,"column":39}},"loc":{"start":{"line":229,"column":46},"end":{"line":234,"column":7}},"line":229},"14":{"name":"(anonymous_14)","decl":{"start":{"line":237,"column":38},"end":{"line":237,"column":39}},"loc":{"start":{"line":237,"column":53},"end":{"line":237,"column":79}},"line":237},"15":{"name":"(anonymous_15)","decl":{"start":{"line":239,"column":41},"end":{"line":239,"column":42}},"loc":{"start":{"line":239,"column":56},"end":{"line":242,"column":7}},"line":239},"16":{"name":"(anonymous_16)","decl":{"start":{"line":246,"column":20},"end":{"line":246,"column":21}},"loc":{"start":{"line":246,"column":28},"end":{"line":257,"column":7}},"line":246},"17":{"name":"(anonymous_17)","decl":{"start":{"line":260,"column":57},"end":{"line":260,"column":58}},"loc":{"start":{"line":260,"column":67},"end":{"line":264,"column":7}},"line":260},"18":{"name":"(anonymous_18)","decl":{"start":{"line":268,"column":32},"end":{"line":268,"column":33}},"loc":{"start":{"line":268,"column":40},"end":{"line":268,"column":50}},"line":268},"19":{"name":"(anonymous_19)","decl":{"start":{"line":271,"column":34},"end":{"line":271,"column":35}},"loc":{"start":{"line":271,"column":42},"end":{"line":271,"column":52}},"line":271},"20":{"name":"(anonymous_20)","decl":{"start":{"line":306,"column":2},"end":{"line":306,"column":3}},"loc":{"start":{"line":306,"column":114},"end":{"line":371,"column":3}},"line":306},"21":{"name":"(anonymous_21)","decl":{"start":{"line":333,"column":25},"end":{"line":333,"column":26}},"loc":{"start":{"line":333,"column":38},"end":{"line":343,"column":7}},"line":333},"22":{"name":"(anonymous_22)","decl":{"start":{"line":382,"column":2},"end":{"line":382,"column":3}},"loc":{"start":{"line":382,"column":111},"end":{"line":448,"column":3}},"line":382},"23":{"name":"(anonymous_23)","decl":{"start":{"line":409,"column":20},"end":{"line":409,"column":21}},"loc":{"start":{"line":409,"column":28},"end":{"line":420,"column":7}},"line":409}},"branchMap":{"0":{"loc":{"start":{"line":27,"column":40},"end":{"line":27,"column":62}},"type":"default-arg","locations":[{"start":{"line":27,"column":58},"end":{"line":27,"column":62}}],"line":27},"1":{"loc":{"start":{"line":27,"column":64},"end":{"line":27,"column":84}},"type":"default-arg","locations":[{"start":{"line":27,"column":80},"end":{"line":27,"column":84}}],"line":27},"2":{"loc":{"start":{"line":32,"column":4},"end":{"line":72,"column":5}},"type":"switch","locations":[{"start":{"line":33,"column":6},"end":{"line":37,"column":10}},{"start":{"line":39,"column":6},"end":{"line":44,"column":10}},{"start":{"line":46,"column":6},"end":{"line":50,"column":10}},{"start":{"line":52,"column":6},"end":{"line":56,"column":10}},{"start":{"line":58,"column":6},"end":{"line":65,"column":10}},{"start":{"line":67,"column":6},"end":{"line":71,"column":10}}],"line":32},"3":{"loc":{"start":{"line":59,"column":8},"end":{"line":61,"column":9}},"type":"if","locations":[{"start":{"line":59,"column":8},"end":{"line":61,"column":9}},{"start":{},"end":{}}],"line":59},"4":{"loc":{"start":{"line":59,"column":12},"end":{"line":59,"column":46}},"type":"binary-expr","locations":[{"start":{"line":59,"column":12},"end":{"line":59,"column":28}},{"start":{"line":59,"column":32},"end":{"line":59,"column":46}}],"line":59},"5":{"loc":{"start":{"line":84,"column":47},"end":{"line":84,"column":63}},"type":"default-arg","locations":[{"start":{"line":84,"column":59},"end":{"line":84,"column":63}}],"line":84},"6":{"loc":{"start":{"line":84,"column":65},"end":{"line":84,"column":87}},"type":"default-arg","locations":[{"start":{"line":84,"column":83},"end":{"line":84,"column":87}}],"line":84},"7":{"loc":{"start":{"line":84,"column":89},"end":{"line":84,"column":109}},"type":"default-arg","locations":[{"start":{"line":84,"column":105},"end":{"line":84,"column":109}}],"line":84},"8":{"loc":{"start":{"line":99,"column":6},"end":{"line":101,"column":7}},"type":"if","locations":[{"start":{"line":99,"column":6},"end":{"line":101,"column":7}},{"start":{},"end":{}}],"line":99},"9":{"loc":{"start":{"line":117,"column":25},"end":{"line":117,"column":62}},"type":"binary-expr","locations":[{"start":{"line":117,"column":25},"end":{"line":117,"column":43}},{"start":{"line":117,"column":47},"end":{"line":117,"column":62}}],"line":117},"10":{"loc":{"start":{"line":118,"column":8},"end":{"line":124,"column":9}},"type":"if","locations":[{"start":{"line":118,"column":8},"end":{"line":124,"column":9}},{"start":{},"end":{}}],"line":118},"11":{"loc":{"start":{"line":153,"column":8},"end":{"line":158,"column":9}},"type":"if","locations":[{"start":{"line":153,"column":8},"end":{"line":158,"column":9}},{"start":{},"end":{}}],"line":153},"12":{"loc":{"start":{"line":209,"column":45},"end":{"line":209,"column":61}},"type":"default-arg","locations":[{"start":{"line":209,"column":57},"end":{"line":209,"column":61}}],"line":209},"13":{"loc":{"start":{"line":209,"column":63},"end":{"line":209,"column":85}},"type":"default-arg","locations":[{"start":{"line":209,"column":81},"end":{"line":209,"column":85}}],"line":209},"14":{"loc":{"start":{"line":209,"column":87},"end":{"line":209,"column":107}},"type":"default-arg","locations":[{"start":{"line":209,"column":103},"end":{"line":209,"column":107}}],"line":209},"15":{"loc":{"start":{"line":224,"column":6},"end":{"line":226,"column":7}},"type":"if","locations":[{"start":{"line":224,"column":6},"end":{"line":226,"column":7}},{"start":{},"end":{}}],"line":224},"16":{"loc":{"start":{"line":237,"column":60},"end":{"line":237,"column":78}},"type":"binary-expr","locations":[{"start":{"line":237,"column":60},"end":{"line":237,"column":73}},{"start":{"line":237,"column":77},"end":{"line":237,"column":78}}],"line":237},"17":{"loc":{"start":{"line":248,"column":8},"end":{"line":254,"column":9}},"type":"if","locations":[{"start":{"line":248,"column":8},"end":{"line":254,"column":9}},{"start":{},"end":{}}],"line":248},"18":{"loc":{"start":{"line":255,"column":40},"end":{"line":255,"column":58}},"type":"binary-expr","locations":[{"start":{"line":255,"column":40},"end":{"line":255,"column":53}},{"start":{"line":255,"column":57},"end":{"line":255,"column":58}}],"line":255},"19":{"loc":{"start":{"line":306,"column":50},"end":{"line":306,"column":66}},"type":"default-arg","locations":[{"start":{"line":306,"column":62},"end":{"line":306,"column":66}}],"line":306},"20":{"loc":{"start":{"line":306,"column":68},"end":{"line":306,"column":90}},"type":"default-arg","locations":[{"start":{"line":306,"column":86},"end":{"line":306,"column":90}}],"line":306},"21":{"loc":{"start":{"line":306,"column":92},"end":{"line":306,"column":112}},"type":"default-arg","locations":[{"start":{"line":306,"column":108},"end":{"line":306,"column":112}}],"line":306},"22":{"loc":{"start":{"line":316,"column":6},"end":{"line":318,"column":7}},"type":"if","locations":[{"start":{"line":316,"column":6},"end":{"line":318,"column":7}},{"start":{},"end":{}}],"line":316},"23":{"loc":{"start":{"line":322,"column":6},"end":{"line":327,"column":7}},"type":"if","locations":[{"start":{"line":322,"column":6},"end":{"line":327,"column":7}},{"start":{},"end":{}}],"line":322},"24":{"loc":{"start":{"line":335,"column":22},"end":{"line":335,"column":87}},"type":"cond-expr","locations":[{"start":{"line":335,"column":40},"end":{"line":335,"column":82}},{"start":{"line":335,"column":85},"end":{"line":335,"column":87}}],"line":335},"25":{"loc":{"start":{"line":336,"column":23},"end":{"line":336,"column":44}},"type":"binary-expr","locations":[{"start":{"line":336,"column":23},"end":{"line":336,"column":39}},{"start":{"line":336,"column":43},"end":{"line":336,"column":44}}],"line":336},"26":{"loc":{"start":{"line":337,"column":25},"end":{"line":337,"column":96}},"type":"cond-expr","locations":[{"start":{"line":337,"column":46},"end":{"line":337,"column":91}},{"start":{"line":337,"column":94},"end":{"line":337,"column":96}}],"line":337},"27":{"loc":{"start":{"line":338,"column":24},"end":{"line":338,"column":101}},"type":"cond-expr","locations":[{"start":{"line":338,"column":48},"end":{"line":338,"column":96}},{"start":{"line":338,"column":99},"end":{"line":338,"column":101}}],"line":338},"28":{"loc":{"start":{"line":339,"column":22},"end":{"line":339,"column":87}},"type":"cond-expr","locations":[{"start":{"line":339,"column":40},"end":{"line":339,"column":82}},{"start":{"line":339,"column":85},"end":{"line":339,"column":87}}],"line":339},"29":{"loc":{"start":{"line":340,"column":27},"end":{"line":340,"column":53}},"type":"binary-expr","locations":[{"start":{"line":340,"column":27},"end":{"line":340,"column":47}},{"start":{"line":340,"column":51},"end":{"line":340,"column":53}}],"line":340},"30":{"loc":{"start":{"line":354,"column":6},"end":{"line":358,"column":7}},"type":"if","locations":[{"start":{"line":354,"column":6},"end":{"line":358,"column":7}},{"start":{"line":356,"column":13},"end":{"line":358,"column":7}}],"line":354},"31":{"loc":{"start":{"line":382,"column":47},"end":{"line":382,"column":63}},"type":"default-arg","locations":[{"start":{"line":382,"column":59},"end":{"line":382,"column":63}}],"line":382},"32":{"loc":{"start":{"line":382,"column":65},"end":{"line":382,"column":87}},"type":"default-arg","locations":[{"start":{"line":382,"column":83},"end":{"line":382,"column":87}}],"line":382},"33":{"loc":{"start":{"line":382,"column":89},"end":{"line":382,"column":109}},"type":"default-arg","locations":[{"start":{"line":382,"column":105},"end":{"line":382,"column":109}}],"line":382},"34":{"loc":{"start":{"line":392,"column":6},"end":{"line":394,"column":7}},"type":"if","locations":[{"start":{"line":392,"column":6},"end":{"line":394,"column":7}},{"start":{},"end":{}}],"line":392},"35":{"loc":{"start":{"line":398,"column":6},"end":{"line":403,"column":7}},"type":"if","locations":[{"start":{"line":398,"column":6},"end":{"line":403,"column":7}},{"start":{},"end":{}}],"line":398},"36":{"loc":{"start":{"line":412,"column":25},"end":{"line":412,"column":43}},"type":"binary-expr","locations":[{"start":{"line":412,"column":25},"end":{"line":412,"column":38}},{"start":{"line":412,"column":42},"end":{"line":412,"column":43}}],"line":412},"37":{"loc":{"start":{"line":414,"column":24},"end":{"line":414,"column":91}},"type":"cond-expr","locations":[{"start":{"line":414,"column":43},"end":{"line":414,"column":86}},{"start":{"line":414,"column":89},"end":{"line":414,"column":91}}],"line":414},"38":{"loc":{"start":{"line":415,"column":24},"end":{"line":415,"column":83}},"type":"cond-expr","locations":[{"start":{"line":415,"column":39},"end":{"line":415,"column":78}},{"start":{"line":415,"column":81},"end":{"line":415,"column":83}}],"line":415},"39":{"loc":{"start":{"line":416,"column":30},"end":{"line":416,"column":99}},"type":"cond-expr","locations":[{"start":{"line":416,"column":50},"end":{"line":416,"column":94}},{"start":{"line":416,"column":97},"end":{"line":416,"column":99}}],"line":416},"40":{"loc":{"start":{"line":417,"column":28},"end":{"line":417,"column":93}},"type":"cond-expr","locations":[{"start":{"line":417,"column":46},"end":{"line":417,"column":88}},{"start":{"line":417,"column":91},"end":{"line":417,"column":93}}],"line":417},"41":{"loc":{"start":{"line":431,"column":6},"end":{"line":435,"column":7}},"type":"if","locations":[{"start":{"line":431,"column":6},"end":{"line":435,"column":7}},{"start":{"line":433,"column":13},"end":{"line":435,"column":7}}],"line":431}},"s":{"0":0,"1":0,"2":0,"3":0,"4":0,"5":0,"6":0,"7":0,"8":0,"9":0,"10":0,"11":0,"12":0,"13":0,"14":0,"15":0,"16":0,"17":0,"18":0,"19":0,"20":0,"21":0,"22":0,"23":0,"24":0,"25":0,"26":0,"27":0,"28":0,"29":0,"30":0,"31":0,"32":0,"33":0,"34":0,"35":0,"36":0,"37":0,"38":0,"39":0,"40":0,"41":0,"42":0,"43":0,"44":0,"45":0,"46":0,"47":0,"48":0,"49":0,"50":0,"51":0,"52":0,"53":0,"54":0,"55":0,"56":0,"57":0,"58":0,"59":0,"60":0,"61":0,"62":0,"63":0,"64":0,"65":0,"66":0,"67":0,"68":0,"69":0,"70":0,"71":0,"72":0,"73":0,"74":0,"75":0,"76":0,"77":0,"78":0,"79":0,"80":0,"81":0,"82":0,"83":0,"84":0,"85":0,"86":0,"87":0,"88":0,"89":0,"90":0,"91":0,"92":0,"93":0,"94":0,"95":0,"96":0,"97":0,"98":0,"99":0,"100":0,"101":0,"102":0,"103":0,"104":0,"105":0,"106":0,"107":0,"108":0,"109":0,"110":0,"111":0,"112":0,"113":0,"114":0,"115":0,"116":0,"117":0,"118":0,"119":0,"120":0,"121":0,"122":0,"123":0,"124":0,"125":0,"126":0,"127":0,"128":0,"129":0,"130":0,"131":0,"132":0,"133":0,"134":0,"135":0,"136":0,"137":0,"138":0},"f":{"0":0,"1":0,"2":0,"3":0,"4":0,"5":0,"6":0,"7":0,"8":0,"9":0,"10":0,"11":0,"12":0,"13":0,"14":0,"15":0,"16":0,"17":0,"18":0,"19":0,"20":0,"21":0,"22":0,"23":0},"b":{"0":[0],"1":[0],"2":[0,0,0,0,0,0],"3":[0,0],"4":[0,0],"5":[0],"6":[0],"7":[0],"8":[0,0],"9":[0,0],"10":[0,0],"11":[0,0],"12":[0],"13":[0],"14":[0],"15":[0,0],"16":[0,0],"17":[0,0],"18":[0,0],"19":[0],"20":[0],"21":[0],"22":[0,0],"23":[0,0],"24":[0,0],"25":[0,0],"26":[0,0],"27":[0,0],"28":[0,0],"29":[0,0],"30":[0,0],"31":[0],"32":[0],"33":[0],"34":[0,0],"35":[0,0],"36":[0,0],"37":[0,0],"38":[0,0],"39":[0,0],"40":[0,0],"41":[0,0]}}
}
