TN:
SF:.eslintrc.js
FNF:0
FNH:0
DA:1,0
LF:1
LH:0
BRF:0
BRH:0
end_of_record
TN:
SF:App.js
FN:14,(anonymous_0)
FN:30,App
FNF:2
FNH:0
FNDA:0,(anonymous_0)
FNDA:0,App
DA:14,0
DA:15,0
DA:17,0
DA:19,0
DA:22,0
DA:31,0
LF:6
LH:0
BRDA:17,0,0,0
BRDA:17,0,1,0
BRDA:24,1,0,0
BRDA:24,1,1,0
BRF:4
BRH:0
end_of_record
TN:
SF:scripts/check-reviewer-account.js
FN:20,checkReviewerAccount
FN:51,(anonymous_1)
FN:55,(anonymous_2)
FNF:3
FNH:0
FNDA:0,checkReviewerAccount
FNDA:0,(anonymous_1)
FNDA:0,(anonymous_2)
DA:2,0
DA:3,0
DA:6,0
DA:16,0
DA:17,0
DA:21,0
DA:22,0
DA:24,0
DA:26,0
DA:30,0
DA:31,0
DA:32,0
DA:34,0
DA:35,0
DA:36,0
DA:37,0
DA:39,0
DA:41,0
DA:44,0
DA:45,0
DA:50,0
DA:52,0
DA:53,0
DA:56,0
DA:57,0
LF:25
LH:0
BRDA:16,0,0,0
BRDA:16,0,1,0
BRDA:34,1,0,0
BRDA:34,1,1,0
BRDA:36,2,0,0
BRDA:36,2,1,0
BRF:6
BRH:0
end_of_record
TN:
SF:scripts/create-reviewer-account-fixed.js
FN:13,(anonymous_0)
FN:26,createReviewerAccount
FN:75,populateReviewerData
FN:94,(anonymous_3)
FN:397,(anonymous_4)
FN:401,(anonymous_5)
FNF:6
FNH:0
FNDA:0,(anonymous_0)
FNDA:0,createReviewerAccount
FNDA:0,populateReviewerData
FNDA:0,(anonymous_3)
FNDA:0,(anonymous_4)
FNDA:0,(anonymous_5)
DA:13,0
DA:14,0
DA:15,0
DA:17,0
DA:21,0
DA:27,0
DA:28,0
DA:31,0
DA:32,0
DA:36,0
DA:37,0
DA:38,0
DA:40,0
DA:41,0
DA:47,0
DA:52,0
DA:55,0
DA:62,0
DA:65,0
DA:68,0
DA:76,0
DA:77,0
DA:79,0
DA:80,0
DA:83,0
DA:86,0
DA:92,0
DA:93,0
DA:94,0
DA:95,0
DA:96,0
DA:97,0
DA:98,0
DA:99,0
DA:104,0
DA:105,0
DA:111,0
DA:114,0
DA:115,0
DA:121,0
DA:125,0
DA:128,0
DA:132,0
DA:134,0
DA:135,0
DA:137,0
DA:138,0
DA:140,0
DA:141,0
DA:143,0
DA:144,0
DA:147,0
DA:159,0
DA:171,0
DA:183,0
DA:195,0
DA:199,0
DA:202,0
DA:206,0
DA:208,0
DA:209,0
DA:211,0
DA:212,0
DA:214,0
DA:215,0
DA:217,0
DA:218,0
DA:220,0
DA:231,0
DA:242,0
DA:253,0
DA:264,0
DA:275,0
DA:279,0
DA:282,0
DA:286,0
DA:288,0
DA:289,0
DA:290,0
DA:293,0
DA:294,0
DA:296,0
DA:310,0
DA:324,0
DA:339,0
DA:340,0
DA:341,0
DA:343,0
DA:344,0
DA:345,0
DA:347,0
DA:362,0
DA:363,0
DA:364,0
DA:365,0
DA:367,0
DA:368,0
DA:369,0
DA:370,0
DA:372,0
DA:386,0
DA:389,0
DA:391,0
DA:396,0
DA:398,0
DA:399,0
DA:402,0
DA:403,0
LF:108
LH:0
BRDA:14,0,0,0
BRDA:14,0,1,0
BRDA:40,1,0,0
BRDA:40,1,1,0
BRDA:92,2,0,0
BRDA:92,2,1,0
BRDA:96,3,0,0
BRDA:96,3,1,0
BRDA:98,4,0,0
BRDA:98,4,1,0
BRDA:104,5,0,0
BRDA:104,5,1,0
BRDA:114,6,0,0
BRDA:114,6,1,0
BRDA:132,7,0,0
BRDA:132,7,1,0
BRDA:206,8,0,0
BRDA:206,8,1,0
BRDA:286,9,0,0
BRDA:286,9,1,0
BRF:20
BRH:0
end_of_record
TN:
SF:scripts/create-reviewer-account-v2.js
FN:33,createReviewerAccount
FN:84,populateReviewerData
FN:101,(anonymous_2)
FN:401,(anonymous_3)
FN:405,(anonymous_4)
FNF:5
FNH:0
FNDA:0,createReviewerAccount
FNDA:0,populateReviewerData
FNDA:0,(anonymous_2)
FNDA:0,(anonymous_3)
FNDA:0,(anonymous_4)
DA:13,0
DA:26,0
DA:27,0
DA:28,0
DA:34,0
DA:35,0
DA:38,0
DA:39,0
DA:44,0
DA:45,0
DA:46,0
DA:48,0
DA:49,0
DA:55,0
DA:61,0
DA:64,0
DA:71,0
DA:74,0
DA:77,0
DA:85,0
DA:86,0
DA:88,0
DA:91,0
DA:94,0
DA:95,0
DA:99,0
DA:100,0
DA:101,0
DA:102,0
DA:103,0
DA:104,0
DA:105,0
DA:106,0
DA:111,0
DA:112,0
DA:118,0
DA:121,0
DA:122,0
DA:128,0
DA:132,0
DA:135,0
DA:136,0
DA:138,0
DA:140,0
DA:141,0
DA:143,0
DA:144,0
DA:146,0
DA:147,0
DA:149,0
DA:150,0
DA:153,0
DA:165,0
DA:177,0
DA:189,0
DA:201,0
DA:205,0
DA:208,0
DA:209,0
DA:211,0
DA:213,0
DA:214,0
DA:216,0
DA:217,0
DA:219,0
DA:220,0
DA:222,0
DA:223,0
DA:225,0
DA:236,0
DA:247,0
DA:258,0
DA:269,0
DA:280,0
DA:284,0
DA:287,0
DA:288,0
DA:290,0
DA:292,0
DA:293,0
DA:294,0
DA:297,0
DA:298,0
DA:300,0
DA:314,0
DA:328,0
DA:343,0
DA:344,0
DA:345,0
DA:347,0
DA:348,0
DA:349,0
DA:351,0
DA:366,0
DA:367,0
DA:368,0
DA:369,0
DA:371,0
DA:372,0
DA:373,0
DA:374,0
DA:376,0
DA:390,0
DA:393,0
DA:395,0
DA:400,0
DA:402,0
DA:403,0
DA:406,0
DA:407,0
LF:110
LH:0
BRDA:48,0,0,0
BRDA:48,0,1,0
BRDA:99,1,0,0
BRDA:99,1,1,0
BRDA:103,2,0,0
BRDA:103,2,1,0
BRDA:105,3,0,0
BRDA:105,3,1,0
BRDA:111,4,0,0
BRDA:111,4,1,0
BRDA:121,5,0,0
BRDA:121,5,1,0
BRDA:138,6,0,0
BRDA:138,6,1,0
BRDA:211,7,0,0
BRDA:211,7,1,0
BRDA:290,8,0,0
BRDA:290,8,1,0
BRF:18
BRH:0
end_of_record
TN:
SF:scripts/create-reviewer-account-v3.js
FN:22,createReviewerAccount
FN:73,populateReviewerData
FN:90,(anonymous_2)
FN:390,(anonymous_3)
FN:394,(anonymous_4)
FNF:5
FNH:0
FNDA:0,createReviewerAccount
FNDA:0,populateReviewerData
FNDA:0,(anonymous_2)
FNDA:0,(anonymous_3)
FNDA:0,(anonymous_4)
DA:15,0
DA:16,0
DA:17,0
DA:23,0
DA:24,0
DA:27,0
DA:28,0
DA:33,0
DA:34,0
DA:35,0
DA:37,0
DA:38,0
DA:44,0
DA:50,0
DA:53,0
DA:60,0
DA:63,0
DA:66,0
DA:74,0
DA:75,0
DA:77,0
DA:80,0
DA:83,0
DA:84,0
DA:88,0
DA:89,0
DA:90,0
DA:91,0
DA:92,0
DA:93,0
DA:94,0
DA:95,0
DA:100,0
DA:101,0
DA:107,0
DA:110,0
DA:111,0
DA:117,0
DA:121,0
DA:124,0
DA:125,0
DA:127,0
DA:129,0
DA:130,0
DA:132,0
DA:133,0
DA:135,0
DA:136,0
DA:138,0
DA:139,0
DA:142,0
DA:154,0
DA:166,0
DA:178,0
DA:190,0
DA:194,0
DA:197,0
DA:198,0
DA:200,0
DA:202,0
DA:203,0
DA:205,0
DA:206,0
DA:208,0
DA:209,0
DA:211,0
DA:212,0
DA:214,0
DA:225,0
DA:236,0
DA:247,0
DA:258,0
DA:269,0
DA:273,0
DA:276,0
DA:277,0
DA:279,0
DA:281,0
DA:282,0
DA:283,0
DA:286,0
DA:287,0
DA:289,0
DA:303,0
DA:317,0
DA:332,0
DA:333,0
DA:334,0
DA:336,0
DA:337,0
DA:338,0
DA:340,0
DA:355,0
DA:356,0
DA:357,0
DA:358,0
DA:360,0
DA:361,0
DA:362,0
DA:363,0
DA:365,0
DA:379,0
DA:382,0
DA:384,0
DA:389,0
DA:391,0
DA:392,0
DA:395,0
DA:396,0
LF:109
LH:0
BRDA:37,0,0,0
BRDA:37,0,1,0
BRDA:88,1,0,0
BRDA:88,1,1,0
BRDA:92,2,0,0
BRDA:92,2,1,0
BRDA:94,3,0,0
BRDA:94,3,1,0
BRDA:100,4,0,0
BRDA:100,4,1,0
BRDA:110,5,0,0
BRDA:110,5,1,0
BRDA:127,6,0,0
BRDA:127,6,1,0
BRDA:200,7,0,0
BRDA:200,7,1,0
BRDA:279,8,0,0
BRDA:279,8,1,0
BRF:18
BRH:0
end_of_record
TN:
SF:scripts/create-reviewer-account.js
FN:18,createReviewerAccount
FN:67,populateReviewerData
FN:86,(anonymous_2)
FN:389,(anonymous_3)
FN:393,(anonymous_4)
FNF:5
FNH:0
FNDA:0,createReviewerAccount
FNDA:0,populateReviewerData
FNDA:0,(anonymous_2)
FNDA:0,(anonymous_3)
FNDA:0,(anonymous_4)
DA:13,0
DA:19,0
DA:20,0
DA:23,0
DA:24,0
DA:28,0
DA:29,0
DA:30,0
DA:32,0
DA:33,0
DA:39,0
DA:44,0
DA:47,0
DA:54,0
DA:57,0
DA:60,0
DA:68,0
DA:69,0
DA:71,0
DA:72,0
DA:75,0
DA:78,0
DA:84,0
DA:85,0
DA:86,0
DA:87,0
DA:88,0
DA:89,0
DA:90,0
DA:91,0
DA:96,0
DA:97,0
DA:103,0
DA:106,0
DA:107,0
DA:113,0
DA:117,0
DA:120,0
DA:124,0
DA:126,0
DA:127,0
DA:129,0
DA:130,0
DA:132,0
DA:133,0
DA:135,0
DA:136,0
DA:139,0
DA:151,0
DA:163,0
DA:175,0
DA:187,0
DA:191,0
DA:194,0
DA:198,0
DA:200,0
DA:201,0
DA:203,0
DA:204,0
DA:206,0
DA:207,0
DA:209,0
DA:210,0
DA:212,0
DA:223,0
DA:234,0
DA:245,0
DA:256,0
DA:267,0
DA:271,0
DA:274,0
DA:278,0
DA:280,0
DA:281,0
DA:282,0
DA:285,0
DA:286,0
DA:288,0
DA:302,0
DA:316,0
DA:331,0
DA:332,0
DA:333,0
DA:335,0
DA:336,0
DA:337,0
DA:339,0
DA:354,0
DA:355,0
DA:356,0
DA:357,0
DA:359,0
DA:360,0
DA:361,0
DA:362,0
DA:364,0
DA:378,0
DA:381,0
DA:383,0
DA:388,0
DA:390,0
DA:391,0
DA:394,0
DA:395,0
LF:104
LH:0
BRDA:32,0,0,0
BRDA:32,0,1,0
BRDA:84,1,0,0
BRDA:84,1,1,0
BRDA:88,2,0,0
BRDA:88,2,1,0
BRDA:90,3,0,0
BRDA:90,3,1,0
BRDA:96,4,0,0
BRDA:96,4,1,0
BRDA:106,5,0,0
BRDA:106,5,1,0
BRDA:124,6,0,0
BRDA:124,6,1,0
BRDA:198,7,0,0
BRDA:198,7,1,0
BRDA:278,8,0,0
BRDA:278,8,1,0
BRF:18
BRH:0
end_of_record
TN:
SF:scripts/firebase-config.js
FNF:0
FNH:0
DA:8,0
LF:1
LH:0
BRF:0
BRH:0
end_of_record
TN:
SF:src/firebase.js
FNF:0
FNH:0
DA:8,0
DA:18,0
DA:19,0
DA:20,0
DA:21,0
LF:5
LH:0
BRF:0
BRH:0
end_of_record
TN:
SF:src/config/environments.js
FN:66,(anonymous_0)
FNF:1
FNH:0
FNDA:0,(anonymous_0)
DA:5,0
DA:66,0
DA:68,0
DA:69,0
DA:72,0
DA:73,0
DA:76,0
LF:7
LH:0
BRDA:66,0,0,0
BRDA:66,1,0,0
BRDA:66,1,1,0
BRDA:68,2,0,0
BRDA:68,2,1,0
BRDA:72,3,0,0
BRDA:72,3,1,0
BRF:7
BRH:0
end_of_record
TN:
SF:src/contexts/AuthContext.js
FN:7,(anonymous_0)
FN:9,(anonymous_1)
FN:14,(anonymous_2)
FN:15,(anonymous_3)
FN:30,(anonymous_4)
FN:39,(anonymous_5)
FN:48,(anonymous_6)
FNF:7
FNH:0
FNDA:0,(anonymous_0)
FNDA:0,(anonymous_1)
FNDA:0,(anonymous_2)
FNDA:0,(anonymous_3)
FNDA:0,(anonymous_4)
FNDA:0,(anonymous_5)
FNDA:0,(anonymous_6)
DA:5,0
DA:7,0
DA:9,0
DA:10,0
DA:11,0
DA:12,0
DA:14,0
DA:15,0
DA:16,0
DA:17,0
DA:19,0
DA:21,0
DA:22,0
DA:24,0
DA:27,0
DA:30,0
DA:31,0
DA:32,0
DA:33,0
DA:35,0
DA:39,0
DA:40,0
DA:41,0
DA:42,0
DA:44,0
DA:48,0
DA:49,0
DA:50,0
DA:51,0
DA:53,0
DA:57,0
DA:65,0
LF:32
LH:0
BRDA:16,0,0,0
BRDA:16,0,1,0
BRF:2
BRH:0
end_of_record
TN:
SF:src/contexts/ProfileContext.js
FN:7,(anonymous_0)
FN:9,(anonymous_1)
FN:17,(anonymous_2)
FN:27,(anonymous_3)
FN:36,(anonymous_4)
FN:53,(anonymous_5)
FN:77,(anonymous_6)
FN:87,(anonymous_7)
FN:104,(anonymous_8)
FN:111,(anonymous_9)
FN:125,(anonymous_10)
FN:126,(anonymous_11)
FNF:12
FNH:0
FNDA:0,(anonymous_0)
FNDA:0,(anonymous_1)
FNDA:0,(anonymous_2)
FNDA:0,(anonymous_3)
FNDA:0,(anonymous_4)
FNDA:0,(anonymous_5)
FNDA:0,(anonymous_6)
FNDA:0,(anonymous_7)
FNDA:0,(anonymous_8)
FNDA:0,(anonymous_9)
FNDA:0,(anonymous_10)
FNDA:0,(anonymous_11)
DA:5,0
DA:7,0
DA:9,0
DA:10,0
DA:11,0
DA:12,0
DA:13,0
DA:14,0
DA:17,0
DA:18,0
DA:19,0
DA:21,0
DA:22,0
DA:23,0
DA:27,0
DA:28,0
DA:30,0
DA:31,0
DA:32,0
DA:33,0
DA:35,0
DA:36,0
DA:37,0
DA:40,0
DA:43,0
DA:44,0
DA:47,0
DA:49,0
DA:53,0
DA:54,0
DA:56,0
DA:57,0
DA:58,0
DA:63,0
DA:64,0
DA:67,0
DA:68,0
DA:71,0
DA:73,0
DA:77,0
DA:78,0
DA:80,0
DA:81,0
DA:82,0
DA:87,0
DA:88,0
DA:91,0
DA:94,0
DA:95,0
DA:98,0
DA:100,0
DA:104,0
DA:105,0
DA:107,0
DA:108,0
DA:109,0
DA:111,0
DA:112,0
DA:115,0
DA:116,0
DA:119,0
DA:121,0
DA:125,0
DA:126,0
DA:127,0
DA:128,0
DA:129,0
DA:131,0
DA:134,0
DA:145,0
LF:70
LH:0
BRDA:18,0,0,0
BRDA:18,0,1,0
BRDA:28,1,0,0
BRDA:28,1,1,0
BRDA:43,2,0,0
BRDA:43,2,1,0
BRDA:43,3,0,0
BRDA:43,3,1,0
BRDA:54,4,0,0
BRDA:54,4,1,0
BRDA:67,5,0,0
BRDA:67,5,1,0
BRDA:78,6,0,0
BRDA:78,6,1,0
BRDA:88,7,0,0
BRDA:88,7,1,0
BRDA:94,8,0,0
BRDA:94,8,1,0
BRDA:94,9,0,0
BRDA:94,9,1,0
BRDA:105,10,0,0
BRDA:105,10,1,0
BRDA:115,11,0,0
BRDA:115,11,1,0
BRDA:115,12,0,0
BRDA:115,12,1,0
BRDA:116,13,0,0
BRDA:116,13,1,0
BRDA:127,14,0,0
BRDA:127,14,1,0
BRF:30
BRH:0
end_of_record
TN:
SF:src/contexts/ThemeContext.js
FN:6,(anonymous_0)
FN:8,(anonymous_1)
FN:13,(anonymous_2)
FN:14,(anonymous_3)
FN:31,(anonymous_4)
FN:37,(anonymous_5)
FN:38,(anonymous_6)
FNF:7
FNH:0
FNDA:0,(anonymous_0)
FNDA:0,(anonymous_1)
FNDA:0,(anonymous_2)
FNDA:0,(anonymous_3)
FNDA:0,(anonymous_4)
FNDA:0,(anonymous_5)
FNDA:0,(anonymous_6)
DA:4,0
DA:6,0
DA:8,0
DA:9,0
DA:10,0
DA:13,0
DA:14,0
DA:15,0
DA:16,0
DA:17,0
DA:18,0
DA:21,0
DA:23,0
DA:27,0
DA:31,0
DA:32,0
DA:33,0
DA:37,0
DA:38,0
DA:42,0
DA:56,0
DA:70,0
DA:72,0
DA:79,0
LF:24
LH:0
BRDA:17,0,0,0
BRDA:17,0,1,0
BRDA:32,1,0,0
BRDA:32,1,1,0
BRDA:33,2,0,0
BRDA:33,2,1,0
BRDA:70,3,0,0
BRDA:70,3,1,0
BRF:8
BRH:0
end_of_record
TN:
SF:src/modules/AuthModule/index.js
FN:5,(anonymous_0)
FN:15,(anonymous_1)
FN:31,(anonymous_2)
FN:45,(anonymous_3)
FN:60,(anonymous_4)
FN:74,(anonymous_5)
FN:87,(anonymous_6)
FN:100,(anonymous_7)
FNF:8
FNH:5
FNDA:1,(anonymous_0)
FNDA:2,(anonymous_1)
FNDA:1,(anonymous_2)
FNDA:0,(anonymous_3)
FNDA:1,(anonymous_4)
FNDA:2,(anonymous_5)
FNDA:0,(anonymous_6)
FNDA:0,(anonymous_7)
DA:6,1
DA:16,2
DA:17,2
DA:18,1
DA:19,1
DA:21,1
DA:32,1
DA:33,1
DA:34,1
DA:35,1
DA:37,0
DA:46,0
DA:47,0
DA:48,0
DA:49,0
DA:51,0
DA:61,1
DA:62,1
DA:63,1
DA:65,0
DA:75,2
DA:76,2
DA:77,2
DA:79,0
DA:88,0
DA:89,0
DA:90,0
DA:92,0
DA:101,0
DA:102,0
DA:103,0
DA:105,0
DA:106,0
LF:33
LH:16
BRF:0
BRH:0
end_of_record
TN:
SF:src/modules/DeductionModule/index.js
FN:4,(anonymous_0)
FN:23,(anonymous_1)
FN:33,(anonymous_2)
FN:58,(anonymous_3)
FN:85,(anonymous_4)
FN:102,(anonymous_5)
FN:123,(anonymous_6)
FN:152,(anonymous_7)
FN:169,(anonymous_8)
FN:190,(anonymous_9)
FN:201,(anonymous_10)
FN:205,(anonymous_11)
FN:209,(anonymous_12)
FN:216,(anonymous_13)
FNF:14
FNH:14
FNDA:1,(anonymous_0)
FNDA:1,(anonymous_1)
FNDA:3,(anonymous_2)
FNDA:2,(anonymous_3)
FNDA:2,(anonymous_4)
FNDA:3,(anonymous_5)
FNDA:3,(anonymous_6)
FNDA:4,(anonymous_7)
FNDA:2,(anonymous_8)
FNDA:2,(anonymous_9)
FNDA:3,(anonymous_10)
FNDA:9,(anonymous_11)
FNDA:3,(anonymous_12)
FNDA:3,(anonymous_13)
DA:5,1
DA:6,1
DA:24,1
DA:34,3
DA:35,3
DA:37,3
DA:43,3
DA:45,2
DA:47,1
DA:59,2
DA:60,2
DA:62,2
DA:67,2
DA:68,2
DA:71,2
DA:73,1
DA:75,1
DA:86,2
DA:87,2
DA:88,2
DA:90,1
DA:92,1
DA:103,3
DA:104,3
DA:105,3
DA:107,2
DA:108,1
DA:111,1
DA:113,1
DA:124,3
DA:125,3
DA:126,3
DA:129,3
DA:130,1
DA:133,3
DA:134,1
DA:137,3
DA:138,1
DA:141,3
DA:142,1
DA:146,3
DA:148,3
DA:149,3
DA:151,2
DA:152,2
DA:153,4
DA:156,2
DA:158,1
DA:170,2
DA:171,2
DA:173,2
DA:178,1
DA:180,1
DA:191,2
DA:192,2
DA:194,2
DA:195,1
DA:198,1
DA:201,3
DA:204,1
DA:205,1
DA:206,9
DA:209,1
DA:210,3
DA:211,3
DA:215,1
DA:216,1
DA:217,3
DA:218,3
DA:219,3
DA:220,3
DA:224,1
DA:234,0
LF:73
LH:72
BRDA:40,0,0,3
BRDA:40,0,1,0
BRDA:67,1,0,2
BRDA:67,1,1,0
BRDA:68,2,0,2
BRDA:68,2,1,0
BRDA:107,3,0,1
BRDA:107,3,1,1
BRDA:123,4,0,2
BRDA:129,5,0,1
BRDA:129,5,1,2
BRDA:133,6,0,1
BRDA:133,6,1,2
BRDA:137,7,0,1
BRDA:137,7,1,2
BRDA:141,8,0,1
BRDA:141,8,1,2
BRDA:190,9,0,2
BRDA:194,10,0,1
BRDA:194,10,1,1
BRDA:201,11,0,3
BRDA:201,11,1,0
BRDA:210,12,0,3
BRDA:210,12,1,0
BRDA:211,13,0,3
BRDA:211,13,1,2
BRDA:211,14,0,3
BRDA:211,14,1,0
BRDA:217,15,0,3
BRDA:217,15,1,0
BRDA:218,16,0,0
BRDA:218,16,1,3
BRDA:220,17,0,3
BRDA:220,17,1,2
BRDA:220,18,0,3
BRDA:220,18,1,0
BRF:36
BRH:27
end_of_record
TN:
SF:src/modules/MileageModule/index.js
FN:5,(anonymous_0)
FN:19,(anonymous_1)
FN:47,(anonymous_2)
FN:101,(anonymous_3)
FN:122,(anonymous_4)
FN:140,(anonymous_5)
FN:148,(anonymous_6)
FN:180,(anonymous_7)
FN:233,(anonymous_8)
FNF:9
FNH:9
FNDA:1,(anonymous_0)
FNDA:7,(anonymous_1)
FNDA:4,(anonymous_2)
FNDA:2,(anonymous_3)
FNDA:5,(anonymous_4)
FNDA:20,(anonymous_5)
FNDA:5,(anonymous_6)
FNDA:3,(anonymous_7)
FNDA:2,(anonymous_8)
DA:6,1
DA:7,1
DA:8,1
DA:9,1
DA:10,1
DA:11,1
DA:12,1
DA:20,7
DA:21,7
DA:22,6
DA:23,2
DA:26,4
DA:27,4
DA:28,1
DA:34,3
DA:36,1
DA:48,4
DA:49,1
DA:52,3
DA:54,3
DA:55,3
DA:56,1
DA:60,2
DA:70,2
DA:71,2
DA:74,1
DA:75,1
DA:76,1
DA:77,1
DA:80,1
DA:89,1
DA:91,1
DA:92,1
DA:93,1
DA:102,2
DA:104,1
DA:123,5
DA:124,5
DA:125,5
DA:127,5
DA:130,5
DA:131,5
DA:132,5
DA:141,20
DA:149,5
DA:150,1
DA:153,4
DA:155,4
DA:156,5
DA:157,5
DA:159,5
DA:164,5
DA:167,4
DA:169,4
DA:181,3
DA:182,1
DA:185,2
DA:187,2
DA:188,2
DA:189,2
DA:192,2
DA:193,2
DA:194,2
DA:195,2
DA:198,2
DA:199,2
DA:209,1
DA:210,1
DA:213,1
DA:214,1
DA:215,1
DA:216,1
DA:217,1
DA:219,1
DA:225,1
DA:234,2
DA:235,1
DA:238,1
DA:239,1
DA:240,1
DA:242,1
LF:81
LH:81
BRDA:22,0,0,2
BRDA:22,0,1,4
BRDA:27,1,0,1
BRDA:27,1,1,3
BRDA:48,2,0,1
BRDA:48,2,1,3
BRDA:55,3,0,1
BRDA:55,3,1,2
BRDA:102,4,0,1
BRDA:102,4,1,1
BRDA:102,5,0,2
BRDA:102,5,1,1
BRDA:149,6,0,1
BRDA:149,6,1,4
BRDA:181,7,0,1
BRDA:181,7,1,2
BRDA:181,8,0,3
BRDA:181,8,1,2
BRDA:187,9,0,2
BRDA:187,9,1,0
BRDA:234,10,0,1
BRDA:234,10,1,1
BRF:22
BRH:21
end_of_record
TN:
SF:src/modules/OCRModule/index.js
FN:6,(anonymous_0)
FN:15,(anonymous_1)
FN:36,(anonymous_2)
FN:74,(anonymous_3)
FN:99,(anonymous_4)
FN:111,(anonymous_5)
FN:178,(anonymous_6)
FNF:7
FNH:7
FNDA:1,(anonymous_0)
FNDA:5,(anonymous_1)
FNDA:3,(anonymous_2)
FNDA:5,(anonymous_3)
FNDA:9,(anonymous_4)
FNDA:31,(anonymous_5)
FNDA:2,(anonymous_6)
DA:7,1
DA:8,1
DA:16,5
DA:17,5
DA:18,1
DA:21,4
DA:22,3
DA:24,3
DA:26,1
DA:27,1
DA:37,3
DA:39,3
DA:40,1
DA:41,1
DA:42,0
DA:47,3
DA:50,3
DA:53,2
DA:56,2
DA:58,2
DA:64,1
DA:65,1
DA:75,5
DA:77,5
DA:87,4
DA:89,1
DA:90,1
DA:101,9
DA:109,9
DA:111,31
DA:114,8
DA:115,8
DA:116,8
DA:117,8
DA:118,8
DA:123,8
DA:124,8
DA:125,20
DA:126,20
DA:127,6
DA:128,6
DA:133,8
DA:134,8
DA:135,28
DA:136,28
DA:137,5
DA:138,5
DA:143,8
DA:144,3
DA:145,3
DA:147,3
DA:149,8
DA:150,3
DA:151,3
DA:152,3
DA:157,3
DA:158,1
DA:163,8
DA:164,8
DA:165,30
DA:166,30
DA:167,2
DA:168,2
DA:172,8
DA:179,2
DA:180,1
DA:181,1
LF:67
LH:66
BRDA:17,0,0,1
BRDA:17,0,1,4
BRDA:39,1,0,1
BRDA:39,1,1,2
BRDA:41,2,0,0
BRDA:41,2,1,1
BRDA:109,3,0,1
BRDA:109,3,1,8
BRDA:116,4,0,8
BRDA:116,4,1,0
BRDA:116,5,0,8
BRDA:116,5,1,8
BRDA:116,5,2,8
BRDA:126,6,0,6
BRDA:126,6,1,14
BRDA:136,7,0,5
BRDA:136,7,1,23
BRDA:143,8,0,3
BRDA:143,8,1,5
BRDA:151,9,0,3
BRDA:151,9,1,0
BRDA:157,10,0,1
BRDA:157,10,1,2
BRDA:166,11,0,2
BRDA:166,11,1,28
BRDA:179,12,0,1
BRDA:179,12,1,1
BRDA:179,13,0,2
BRDA:179,13,1,1
BRF:29
BRH:26
end_of_record
TN:
SF:src/modules/ProfileModule/index.js
FN:4,(anonymous_0)
FN:14,(anonymous_1)
FN:38,(anonymous_2)
FN:59,(anonymous_3)
FN:76,(anonymous_4)
FN:96,(anonymous_5)
FN:102,(anonymous_6)
FN:118,(anonymous_7)
FN:133,(anonymous_8)
FN:148,(anonymous_9)
FNF:10
FNH:10
FNDA:1,(anonymous_0)
FNDA:2,(anonymous_1)
FNDA:2,(anonymous_2)
FNDA:2,(anonymous_3)
FNDA:3,(anonymous_4)
FNDA:2,(anonymous_5)
FNDA:2,(anonymous_6)
FNDA:3,(anonymous_7)
FNDA:3,(anonymous_8)
FNDA:3,(anonymous_9)
DA:5,1
DA:15,2
DA:16,2
DA:18,2
DA:23,2
DA:25,1
DA:27,1
DA:39,2
DA:40,2
DA:42,2
DA:47,1
DA:49,1
DA:60,2
DA:61,2
DA:62,2
DA:64,1
DA:66,1
DA:77,3
DA:78,3
DA:79,3
DA:81,2
DA:82,1
DA:85,1
DA:87,1
DA:97,2
DA:98,2
DA:99,2
DA:101,1
DA:102,1
DA:103,2
DA:106,1
DA:108,1
DA:119,3
DA:121,3
DA:122,3
DA:123,1
DA:127,2
DA:128,2
DA:130,1
DA:131,1
DA:133,1
DA:134,3
DA:135,3
DA:136,2
DA:137,2
DA:142,1
DA:143,1
DA:145,1
DA:146,1
DA:148,1
DA:149,3
DA:150,3
DA:151,2
DA:152,2
DA:156,1
DA:167,1
LF:56
LH:56
BRDA:81,0,0,1
BRDA:81,0,1,1
BRDA:122,1,0,1
BRDA:122,1,1,2
BRDA:135,2,0,2
BRDA:135,2,1,1
BRDA:137,3,0,2
BRDA:137,3,1,0
BRDA:150,4,0,2
BRDA:150,4,1,1
BRDA:152,5,0,2
BRDA:152,5,1,0
BRF:12
BRH:10
end_of_record
TN:
SF:src/modules/ReceiptModule/index.js
FN:6,(anonymous_0)
FN:15,(anonymous_1)
FN:31,(anonymous_2)
FN:47,(anonymous_3)
FN:75,(anonymous_4)
FN:105,(anonymous_5)
FN:131,(anonymous_6)
FN:156,(anonymous_7)
FN:177,(anonymous_8)
FNF:9
FNH:9
FNDA:1,(anonymous_0)
FNDA:6,(anonymous_1)
FNDA:4,(anonymous_2)
FNDA:3,(anonymous_3)
FNDA:2,(anonymous_4)
FNDA:2,(anonymous_5)
FNDA:2,(anonymous_6)
FNDA:2,(anonymous_7)
FNDA:3,(anonymous_8)
DA:7,1
DA:8,1
DA:16,6
DA:17,6
DA:18,5
DA:19,2
DA:21,3
DA:23,1
DA:32,4
DA:33,4
DA:34,4
DA:35,1
DA:37,3
DA:39,0
DA:48,3
DA:49,3
DA:50,3
DA:51,1
DA:54,2
DA:61,2
DA:62,1
DA:65,1
DA:67,0
DA:76,2
DA:77,2
DA:78,2
DA:79,0
DA:82,2
DA:89,2
DA:90,1
DA:93,1
DA:95,0
DA:106,2
DA:107,2
DA:108,2
DA:109,2
DA:112,2
DA:113,2
DA:116,2
DA:117,1
DA:119,1
DA:121,1
DA:132,2
DA:133,2
DA:135,2
DA:141,2
DA:143,1
DA:145,1
DA:157,2
DA:158,2
DA:160,2
DA:165,1
DA:167,1
DA:178,3
DA:179,3
DA:180,3
DA:182,2
DA:183,1
DA:186,1
DA:188,1
LF:60
LH:56
BRDA:18,0,0,2
BRDA:18,0,1,3
BRDA:34,1,0,1
BRDA:34,1,1,3
BRDA:50,2,0,1
BRDA:50,2,1,2
BRDA:61,3,0,1
BRDA:61,3,1,1
BRDA:78,4,0,0
BRDA:78,4,1,2
BRDA:89,5,0,1
BRDA:89,5,1,1
BRDA:182,6,0,1
BRDA:182,6,1,1
BRF:14
BRH:13
end_of_record
TN:
SF:src/modules/RecurringModule/index.js
FN:4,(anonymous_0)
FN:14,(anonymous_1)
FN:41,(anonymous_2)
FN:63,(anonymous_3)
FN:80,(anonymous_4)
FN:86,(anonymous_5)
FN:103,(anonymous_6)
FN:125,(anonymous_7)
FN:144,(anonymous_8)
FN:203,(anonymous_9)
FNF:10
FNH:8
FNDA:1,(anonymous_0)
FNDA:2,(anonymous_1)
FNDA:2,(anonymous_2)
FNDA:2,(anonymous_3)
FNDA:0,(anonymous_4)
FNDA:0,(anonymous_5)
FNDA:3,(anonymous_6)
FNDA:3,(anonymous_7)
FNDA:5,(anonymous_8)
FNDA:20,(anonymous_9)
DA:5,1
DA:15,2
DA:16,2
DA:18,2
DA:25,2
DA:27,1
DA:29,1
DA:30,1
DA:42,2
DA:43,2
DA:45,2
DA:50,1
DA:52,1
DA:53,1
DA:64,2
DA:65,2
DA:66,2
DA:68,1
DA:70,1
DA:71,1
DA:81,0
DA:82,0
DA:83,0
DA:85,0
DA:86,0
DA:87,0
DA:90,0
DA:92,0
DA:93,0
DA:104,3
DA:105,3
DA:106,3
DA:108,2
DA:109,1
DA:112,1
DA:114,1
DA:115,1
DA:126,3
DA:129,3
DA:130,1
DA:136,2
DA:142,3
DA:143,2
DA:144,2
DA:145,5
DA:148,2
DA:149,2
DA:152,2
DA:153,5
DA:155,5
DA:157,3
DA:170,3
DA:171,3
DA:174,3
DA:175,3
DA:179,3
DA:186,2
DA:192,1
DA:193,1
DA:204,20
DA:205,2
DA:208,18
DA:211,18
DA:212,3
DA:215,15
DA:217,15
DA:220,2
DA:221,2
DA:225,2
DA:226,2
DA:230,2
DA:231,2
DA:235,4
DA:242,2
DA:243,2
DA:244,2
DA:251,2
DA:254,1
LF:78
LH:69
BRDA:108,0,0,1
BRDA:108,0,1,1
BRDA:125,1,0,2
BRDA:129,2,0,1
BRDA:129,2,1,2
BRDA:155,3,0,3
BRDA:155,3,1,2
BRDA:162,4,0,3
BRDA:162,4,1,3
BRDA:204,5,0,2
BRDA:204,5,1,18
BRDA:208,6,0,15
BRDA:208,6,1,3
BRDA:211,7,0,3
BRDA:211,7,1,15
BRDA:215,8,0,15
BRDA:215,8,1,0
BRDA:217,9,0,2
BRDA:217,9,1,2
BRDA:217,9,2,2
BRDA:217,9,3,4
BRDA:217,9,4,2
BRDA:217,9,5,2
BRDA:217,9,6,1
BRDA:236,10,0,4
BRDA:236,10,1,2
BRDA:245,11,0,2
BRDA:245,11,1,1
BRF:28
BRH:27
end_of_record
TN:
SF:src/modules/ReportModule/index.js
FN:10,(anonymous_0)
FN:27,(anonymous_1)
FN:84,(anonymous_2)
FN:104,(anonymous_3)
FN:111,(anonymous_4)
FN:116,(anonymous_5)
FN:130,(anonymous_6)
FN:133,(anonymous_7)
FN:151,(anonymous_8)
FN:163,(anonymous_9)
FN:171,(anonymous_10)
FN:174,(anonymous_11)
FN:209,(anonymous_12)
FN:229,(anonymous_13)
FN:237,(anonymous_14)
FN:239,(anonymous_15)
FN:246,(anonymous_16)
FN:260,(anonymous_17)
FN:268,(anonymous_18)
FN:271,(anonymous_19)
FN:306,(anonymous_20)
FN:333,(anonymous_21)
FN:382,(anonymous_22)
FN:409,(anonymous_23)
FNF:24
FNH:0
FNDA:0,(anonymous_0)
FNDA:0,(anonymous_1)
FNDA:0,(anonymous_2)
FNDA:0,(anonymous_3)
FNDA:0,(anonymous_4)
FNDA:0,(anonymous_5)
FNDA:0,(anonymous_6)
FNDA:0,(anonymous_7)
FNDA:0,(anonymous_8)
FNDA:0,(anonymous_9)
FNDA:0,(anonymous_10)
FNDA:0,(anonymous_11)
FNDA:0,(anonymous_12)
FNDA:0,(anonymous_13)
FNDA:0,(anonymous_14)
FNDA:0,(anonymous_15)
FNDA:0,(anonymous_16)
FNDA:0,(anonymous_17)
FNDA:0,(anonymous_18)
FNDA:0,(anonymous_19)
FNDA:0,(anonymous_20)
FNDA:0,(anonymous_21)
FNDA:0,(anonymous_22)
FNDA:0,(anonymous_23)
DA:11,0
DA:28,0
DA:29,0
DA:30,0
DA:32,0
DA:34,0
DA:40,0
DA:41,0
DA:47,0
DA:53,0
DA:59,0
DA:60,0
DA:62,0
DA:68,0
DA:85,0
DA:86,0
DA:92,0
DA:99,0
DA:100,0
DA:103,0
DA:104,0
DA:111,0
DA:112,0
DA:115,0
DA:116,0
DA:117,0
DA:118,0
DA:119,0
DA:125,0
DA:126,0
DA:130,0
DA:133,0
DA:134,0
DA:139,0
DA:150,0
DA:151,0
DA:152,0
DA:153,0
DA:154,0
DA:159,0
DA:163,0
DA:164,0
DA:165,0
DA:166,0
DA:170,0
DA:171,0
DA:174,0
DA:179,0
DA:192,0
DA:193,0
DA:210,0
DA:211,0
DA:217,0
DA:224,0
DA:225,0
DA:228,0
DA:229,0
DA:237,0
DA:238,0
DA:239,0
DA:240,0
DA:241,0
DA:245,0
DA:246,0
DA:247,0
DA:248,0
DA:249,0
DA:255,0
DA:256,0
DA:260,0
DA:261,0
DA:262,0
DA:263,0
DA:267,0
DA:268,0
DA:271,0
DA:276,0
DA:289,0
DA:290,0
DA:307,0
DA:308,0
DA:316,0
DA:317,0
DA:320,0
DA:322,0
DA:323,0
DA:330,0
DA:333,0
DA:334,0
DA:335,0
DA:336,0
DA:337,0
DA:338,0
DA:339,0
DA:340,0
DA:342,0
DA:346,0
DA:347,0
DA:350,0
DA:351,0
DA:354,0
DA:355,0
DA:357,0
DA:360,0
DA:365,0
DA:366,0
DA:383,0
DA:384,0
DA:392,0
DA:393,0
DA:396,0
DA:398,0
DA:399,0
DA:406,0
DA:409,0
DA:410,0
DA:411,0
DA:412,0
DA:413,0
DA:414,0
DA:415,0
DA:416,0
DA:417,0
DA:419,0
DA:423,0
DA:424,0
DA:427,0
DA:428,0
DA:431,0
DA:432,0
DA:434,0
DA:437,0
DA:442,0
DA:443,0
LF:134
LH:0
BRDA:27,0,0,0
BRDA:27,1,0,0
BRDA:32,2,0,0
BRDA:32,2,1,0
BRDA:32,2,2,0
BRDA:32,2,3,0
BRDA:32,2,4,0
BRDA:32,2,5,0
BRDA:59,3,0,0
BRDA:59,3,1,0
BRDA:59,4,0,0
BRDA:59,4,1,0
BRDA:84,5,0,0
BRDA:84,6,0,0
BRDA:84,7,0,0
BRDA:99,8,0,0
BRDA:99,8,1,0
BRDA:117,9,0,0
BRDA:117,9,1,0
BRDA:118,10,0,0
BRDA:118,10,1,0
BRDA:153,11,0,0
BRDA:153,11,1,0
BRDA:209,12,0,0
BRDA:209,13,0,0
BRDA:209,14,0,0
BRDA:224,15,0,0
BRDA:224,15,1,0
BRDA:237,16,0,0
BRDA:237,16,1,0
BRDA:248,17,0,0
BRDA:248,17,1,0
BRDA:255,18,0,0
BRDA:255,18,1,0
BRDA:306,19,0,0
BRDA:306,20,0,0
BRDA:306,21,0,0
BRDA:316,22,0,0
BRDA:316,22,1,0
BRDA:322,23,0,0
BRDA:322,23,1,0
BRDA:335,24,0,0
BRDA:335,24,1,0
BRDA:336,25,0,0
BRDA:336,25,1,0
BRDA:337,26,0,0
BRDA:337,26,1,0
BRDA:338,27,0,0
BRDA:338,27,1,0
BRDA:339,28,0,0
BRDA:339,28,1,0
BRDA:340,29,0,0
BRDA:340,29,1,0
BRDA:354,30,0,0
BRDA:354,30,1,0
BRDA:382,31,0,0
BRDA:382,32,0,0
BRDA:382,33,0,0
BRDA:392,34,0,0
BRDA:392,34,1,0
BRDA:398,35,0,0
BRDA:398,35,1,0
BRDA:412,36,0,0
BRDA:412,36,1,0
BRDA:414,37,0,0
BRDA:414,37,1,0
BRDA:415,38,0,0
BRDA:415,38,1,0
BRDA:416,39,0,0
BRDA:416,39,1,0
BRDA:417,40,0,0
BRDA:417,40,1,0
BRDA:431,41,0,0
BRDA:431,41,1,0
BRF:74
BRH:0
end_of_record
TN:
SF:src/navigation/AuthNavigator.js
FN:9,(anonymous_0)
FNF:1
FNH:0
FNDA:0,(anonymous_0)
DA:7,0
DA:9,0
DA:10,0
LF:3
LH:0
BRF:0
BRH:0
end_of_record
TN:
SF:src/navigation/MainNavigator.js
FN:30,(anonymous_0)
FN:53,(anonymous_1)
FN:76,(anonymous_2)
FN:99,(anonymous_3)
FN:121,(anonymous_4)
FN:149,(anonymous_5)
FN:154,(anonymous_6)
FN:155,(anonymous_7)
FNF:8
FNH:0
FNDA:0,(anonymous_0)
FNDA:0,(anonymous_1)
FNDA:0,(anonymous_2)
FNDA:0,(anonymous_3)
FNDA:0,(anonymous_4)
FNDA:0,(anonymous_5)
FNDA:0,(anonymous_6)
FNDA:0,(anonymous_7)
DA:22,0
DA:23,0
DA:24,0
DA:25,0
DA:26,0
DA:27,0
DA:30,0
DA:31,0
DA:33,0
DA:53,0
DA:54,0
DA:56,0
DA:76,0
DA:77,0
DA:79,0
DA:99,0
DA:100,0
DA:102,0
DA:121,0
DA:122,0
DA:124,0
DA:149,0
DA:150,0
DA:152,0
DA:154,0
DA:158,0
DA:159,0
DA:160,0
DA:161,0
DA:162,0
DA:163,0
DA:164,0
DA:165,0
DA:166,0
DA:167,0
DA:170,0
LF:36
LH:0
BRDA:158,0,0,0
BRDA:158,0,1,0
BRDA:159,1,0,0
BRDA:159,1,1,0
BRDA:160,2,0,0
BRDA:160,2,1,0
BRDA:161,3,0,0
BRDA:161,3,1,0
BRDA:162,4,0,0
BRDA:162,4,1,0
BRDA:163,5,0,0
BRDA:163,5,1,0
BRDA:164,6,0,0
BRDA:164,6,1,0
BRDA:165,7,0,0
BRDA:165,7,1,0
BRDA:166,8,0,0
BRDA:166,8,1,0
BRDA:167,9,0,0
BRDA:167,9,1,0
BRF:20
BRH:0
end_of_record
TN:
SF:src/screens/AddDeductionScreen.js
FN:24,(anonymous_0)
FN:40,(anonymous_1)
FN:85,(anonymous_2)
FN:97,(anonymous_3)
FN:106,(anonymous_4)
FN:115,(anonymous_5)
FN:122,(anonymous_6)
FN:303,(anonymous_7)
FN:323,(anonymous_8)
FN:330,(anonymous_9)
FNF:10
FNH:0
FNDA:0,(anonymous_0)
FNDA:0,(anonymous_1)
FNDA:0,(anonymous_2)
FNDA:0,(anonymous_3)
FNDA:0,(anonymous_4)
FNDA:0,(anonymous_5)
FNDA:0,(anonymous_6)
FNDA:0,(anonymous_7)
FNDA:0,(anonymous_8)
FNDA:0,(anonymous_9)
DA:24,0
DA:25,0
DA:26,0
DA:27,0
DA:29,0
DA:30,0
DA:31,0
DA:32,0
DA:33,0
DA:34,0
DA:35,0
DA:36,0
DA:38,0
DA:40,0
DA:41,0
DA:42,0
DA:43,0
DA:46,0
DA:47,0
DA:48,0
DA:51,0
DA:53,0
DA:54,0
DA:57,0
DA:58,0
DA:59,0
DA:60,0
DA:62,0
DA:67,0
DA:79,0
DA:81,0
DA:82,0
DA:85,0
DA:88,0
DA:91,0
DA:93,0
DA:97,0
DA:98,0
DA:99,0
DA:100,0
DA:101,0
DA:102,0
DA:106,0
DA:107,0
DA:108,0
DA:109,0
DA:110,0
DA:111,0
DA:115,0
DA:116,0
DA:117,0
DA:118,0
DA:122,0
DA:124,0
DA:126,0
DA:127,0
DA:128,0
DA:132,0
DA:133,0
DA:134,0
DA:137,0
DA:138,0
DA:141,0
DA:269,0
DA:303,0
DA:324,0
DA:330,0
LF:67
LH:0
BRDA:41,0,0,0
BRDA:41,0,1,0
BRDA:41,1,0,0
BRDA:41,1,1,0
BRDA:41,1,2,0
BRDA:46,2,0,0
BRDA:46,2,1,0
BRDA:57,3,0,0
BRDA:57,3,1,0
BRDA:59,4,0,0
BRDA:59,4,1,0
BRDA:81,5,0,0
BRDA:81,5,1,0
BRDA:99,6,0,0
BRDA:99,6,1,0
BRDA:101,7,0,0
BRDA:101,7,1,0
BRDA:108,8,0,0
BRDA:108,8,1,0
BRDA:110,9,0,0
BRDA:110,9,1,0
BRDA:117,10,0,0
BRDA:117,10,1,0
BRDA:126,11,0,0
BRDA:126,11,1,0
BRDA:133,12,0,0
BRDA:133,12,1,0
BRDA:272,13,0,0
BRDA:272,13,1,0
BRDA:310,14,0,0
BRDA:310,14,1,0
BRDA:328,15,0,0
BRDA:328,15,1,0
BRDA:335,16,0,0
BRDA:335,16,1,0
BRDA:368,17,0,0
BRDA:368,17,1,0
BRDA:385,18,0,0
BRDA:385,18,1,0
BRF:39
BRH:0
end_of_record
TN:
SF:src/screens/CreateProfileScreen.js
FN:20,(anonymous_0)
FN:41,(anonymous_1)
FN:63,(anonymous_2)
FN:193,(anonymous_3)
FN:200,(anonymous_4)
FNF:5
FNH:0
FNDA:0,(anonymous_0)
FNDA:0,(anonymous_1)
FNDA:0,(anonymous_2)
FNDA:0,(anonymous_3)
FNDA:0,(anonymous_4)
DA:20,0
DA:21,0
DA:22,0
DA:23,0
DA:25,0
DA:26,0
DA:27,0
DA:28,0
DA:30,0
DA:41,0
DA:42,0
DA:43,0
DA:44,0
DA:47,0
DA:49,0
DA:50,0
DA:57,0
DA:59,0
DA:60,0
DA:63,0
DA:66,0
DA:69,0
DA:71,0
DA:75,0
DA:165,0
DA:194,0
DA:200,0
LF:27
LH:0
BRDA:42,0,0,0
BRDA:42,0,1,0
BRDA:52,1,0,0
BRDA:52,1,1,0
BRDA:59,2,0,0
BRDA:59,2,1,0
BRDA:66,3,0,0
BRDA:66,3,1,0
BRDA:168,4,0,0
BRDA:168,4,1,0
BRDA:198,5,0,0
BRDA:198,5,1,0
BRDA:205,6,0,0
BRDA:205,6,1,0
BRDA:237,7,0,0
BRDA:237,7,1,0
BRF:16
BRH:0
end_of_record
TN:
SF:src/screens/DeductionDetailsScreen.js
FN:22,(anonymous_0)
FN:35,(anonymous_1)
FN:39,(anonymous_2)
FN:62,(anonymous_3)
FN:88,(anonymous_4)
FN:97,(anonymous_5)
FN:107,(anonymous_6)
FN:122,(anonymous_7)
FN:126,(anonymous_8)
FN:136,(anonymous_9)
FN:140,(anonymous_10)
FN:146,(anonymous_11)
FN:158,(anonymous_12)
FN:169,(anonymous_13)
FN:183,(anonymous_14)
FN:203,(anonymous_15)
FN:210,(anonymous_16)
FN:230,(anonymous_17)
FN:240,(anonymous_18)
FN:264,(anonymous_19)
FN:320,(anonymous_20)
FNF:21
FNH:0
FNDA:0,(anonymous_0)
FNDA:0,(anonymous_1)
FNDA:0,(anonymous_2)
FNDA:0,(anonymous_3)
FNDA:0,(anonymous_4)
FNDA:0,(anonymous_5)
FNDA:0,(anonymous_6)
FNDA:0,(anonymous_7)
FNDA:0,(anonymous_8)
FNDA:0,(anonymous_9)
FNDA:0,(anonymous_10)
FNDA:0,(anonymous_11)
FNDA:0,(anonymous_12)
FNDA:0,(anonymous_13)
FNDA:0,(anonymous_14)
FNDA:0,(anonymous_15)
FNDA:0,(anonymous_16)
FNDA:0,(anonymous_17)
FNDA:0,(anonymous_18)
FNDA:0,(anonymous_19)
FNDA:0,(anonymous_20)
DA:22,0
DA:23,0
DA:24,0
DA:25,0
DA:26,0
DA:28,0
DA:29,0
DA:30,0
DA:31,0
DA:32,0
DA:33,0
DA:35,0
DA:36,0
DA:39,0
DA:40,0
DA:42,0
DA:44,0
DA:45,0
DA:47,0
DA:48,0
DA:49,0
DA:51,0
DA:52,0
DA:55,0
DA:56,0
DA:58,0
DA:62,0
DA:63,0
DA:65,0
DA:67,0
DA:68,0
DA:74,0
DA:75,0
DA:76,0
DA:77,0
DA:79,0
DA:82,0
DA:84,0
DA:88,0
DA:89,0
DA:98,0
DA:100,0
DA:101,0
DA:103,0
DA:104,0
DA:107,0
DA:110,0
DA:113,0
DA:114,0
DA:122,0
DA:123,0
DA:126,0
DA:127,0
DA:128,0
DA:129,0
DA:136,0
DA:137,0
DA:140,0
DA:141,0
DA:142,0
DA:143,0
DA:146,0
DA:147,0
DA:149,0
DA:151,0
DA:158,0
DA:170,0
DA:171,0
DA:183,0
DA:204,0
DA:210,0
DA:230,0
DA:241,0
DA:242,0
DA:264,0
DA:265,0
DA:267,0
DA:320,0
DA:338,0
DA:540,0
DA:541,0
DA:550,0
LF:82
LH:0
BRDA:40,0,0,0
BRDA:40,0,1,0
BRDA:40,1,0,0
BRDA:40,1,1,0
BRDA:47,2,0,0
BRDA:47,2,1,0
BRDA:51,3,0,0
BRDA:51,3,1,0
BRDA:63,4,0,0
BRDA:63,4,1,0
BRDA:74,5,0,0
BRDA:74,5,1,0
BRDA:79,6,0,0
BRDA:79,6,1,0
BRDA:103,7,0,0
BRDA:103,7,1,0
BRDA:110,8,0,0
BRDA:110,8,1,0
BRDA:128,9,0,0
BRDA:128,9,1,0
BRDA:141,10,0,0
BRDA:141,10,1,0
BRDA:147,11,0,0
BRDA:147,11,1,0
BRDA:190,12,0,0
BRDA:190,12,1,0
BRDA:208,13,0,0
BRDA:208,13,1,0
BRDA:215,14,0,0
BRDA:215,14,1,0
BRDA:229,15,0,0
BRDA:229,15,1,0
BRDA:253,16,0,0
BRDA:253,16,1,0
BRDA:265,17,0,0
BRDA:265,17,1,0
BRDA:288,18,0,0
BRDA:288,18,1,0
BRDA:291,19,0,0
BRDA:291,19,1,0
BRDA:298,20,0,0
BRDA:298,20,1,0
BRDA:540,21,0,0
BRDA:540,21,1,0
BRDA:554,22,0,0
BRDA:554,22,1,0
BRDA:557,23,0,0
BRDA:557,23,1,0
BRF:48
BRH:0
end_of_record
TN:
SF:src/screens/EditProfileScreen.js
FN:20,(anonymous_0)
FN:43,(anonymous_1)
FN:44,(anonymous_2)
FN:56,(anonymous_3)
FN:79,(anonymous_4)
FN:219,(anonymous_5)
FN:226,(anonymous_6)
FNF:7
FNH:0
FNDA:0,(anonymous_0)
FNDA:0,(anonymous_1)
FNDA:0,(anonymous_2)
FNDA:0,(anonymous_3)
FNDA:0,(anonymous_4)
FNDA:0,(anonymous_5)
FNDA:0,(anonymous_6)
DA:20,0
DA:21,0
DA:22,0
DA:23,0
DA:24,0
DA:26,0
DA:27,0
DA:28,0
DA:29,0
DA:30,0
DA:32,0
DA:43,0
DA:44,0
DA:45,0
DA:46,0
DA:47,0
DA:48,0
DA:49,0
DA:51,0
DA:52,0
DA:56,0
DA:57,0
DA:58,0
DA:59,0
DA:62,0
DA:64,0
DA:65,0
DA:73,0
DA:75,0
DA:76,0
DA:79,0
DA:82,0
DA:85,0
DA:87,0
DA:91,0
DA:181,0
DA:182,0
DA:191,0
DA:220,0
DA:226,0
LF:40
LH:0
BRDA:45,0,0,0
BRDA:45,0,1,0
BRDA:47,1,0,0
BRDA:47,1,1,0
BRDA:48,2,0,0
BRDA:48,2,1,0
BRDA:49,3,0,0
BRDA:49,3,1,0
BRDA:57,4,0,0
BRDA:57,4,1,0
BRDA:68,5,0,0
BRDA:68,5,1,0
BRDA:75,6,0,0
BRDA:75,6,1,0
BRDA:82,7,0,0
BRDA:82,7,1,0
BRDA:181,8,0,0
BRDA:181,8,1,0
BRDA:194,9,0,0
BRDA:194,9,1,0
BRDA:224,10,0,0
BRDA:224,10,1,0
BRDA:231,11,0,0
BRDA:231,11,1,0
BRDA:263,12,0,0
BRDA:263,12,1,0
BRF:26
BRH:0
end_of_record
TN:
SF:src/screens/ForgotPasswordScreen.js
FN:18,(anonymous_0)
FN:23,(anonymous_1)
FN:38,(anonymous_2)
FN:166,(anonymous_3)
FNF:4
FNH:0
FNDA:0,(anonymous_0)
FNDA:0,(anonymous_1)
FNDA:0,(anonymous_2)
FNDA:0,(anonymous_3)
DA:18,0
DA:19,0
DA:20,0
DA:21,0
DA:23,0
DA:24,0
DA:25,0
DA:26,0
DA:29,0
DA:31,0
DA:32,0
DA:34,0
DA:35,0
DA:38,0
DA:41,0
DA:44,0
DA:46,0
DA:50,0
DA:128,0
DA:166,0
LF:20
LH:0
BRDA:24,0,0,0
BRDA:24,0,1,0
BRDA:34,1,0,0
BRDA:34,1,1,0
BRDA:41,2,0,0
BRDA:41,2,1,0
BRDA:131,3,0,0
BRDA:131,3,1,0
BRDA:174,4,0,0
BRDA:174,4,1,0
BRF:10
BRH:0
end_of_record
TN:
SF:src/screens/HomeScreen.js
FN:19,(anonymous_0)
FN:32,(anonymous_1)
FN:55,(anonymous_2)
FN:69,(anonymous_3)
FN:73,(anonymous_4)
FN:78,(anonymous_5)
FN:82,(anonymous_6)
FN:228,(anonymous_7)
FN:250,(anonymous_8)
FN:257,(anonymous_9)
FN:266,(anonymous_10)
FN:270,(anonymous_11)
FN:290,(anonymous_12)
FNF:13
FNH:0
FNDA:0,(anonymous_0)
FNDA:0,(anonymous_1)
FNDA:0,(anonymous_2)
FNDA:0,(anonymous_3)
FNDA:0,(anonymous_4)
FNDA:0,(anonymous_5)
FNDA:0,(anonymous_6)
FNDA:0,(anonymous_7)
FNDA:0,(anonymous_8)
FNDA:0,(anonymous_9)
FNDA:0,(anonymous_10)
FNDA:0,(anonymous_11)
FNDA:0,(anonymous_12)
DA:19,0
DA:20,0
DA:21,0
DA:22,0
DA:23,0
DA:24,0
DA:25,0
DA:29,0
DA:30,0
DA:32,0
DA:33,0
DA:35,0
DA:36,0
DA:38,0
DA:43,0
DA:44,0
DA:50,0
DA:53,0
DA:55,0
DA:60,0
DA:62,0
DA:64,0
DA:65,0
DA:69,0
DA:70,0
DA:73,0
DA:74,0
DA:75,0
DA:78,0
DA:79,0
DA:82,0
DA:83,0
DA:84,0
DA:85,0
DA:88,0
DA:213,0
DA:214,0
DA:223,0
DA:229,0
DA:250,0
DA:257,0
DA:267,0
DA:270,0
DA:291,0
LF:44
LH:0
BRDA:33,0,0,0
BRDA:33,0,1,0
BRDA:43,1,0,0
BRDA:43,1,1,0
BRDA:54,2,0,0
BRDA:54,2,1,0
BRDA:55,3,0,0
BRDA:55,3,1,0
BRDA:83,4,0,0
BRDA:83,4,1,0
BRDA:84,5,0,0
BRDA:84,5,1,0
BRDA:213,6,0,0
BRDA:213,6,1,0
BRDA:213,7,0,0
BRDA:213,7,1,0
BRDA:232,8,0,0
BRDA:232,8,1,0
BRDA:265,9,0,0
BRDA:265,9,1,0
BRDA:289,10,0,0
BRDA:289,10,1,0
BRF:22
BRH:0
end_of_record
TN:
SF:src/screens/LoginScreen.js
FN:17,(anonymous_0)
FN:24,(anonymous_1)
FN:137,(anonymous_2)
FN:141,(anonymous_3)
FNF:4
FNH:0
FNDA:0,(anonymous_0)
FNDA:0,(anonymous_1)
FNDA:0,(anonymous_2)
FNDA:0,(anonymous_3)
DA:17,0
DA:18,0
DA:19,0
DA:20,0
DA:21,0
DA:22,0
DA:24,0
DA:25,0
DA:26,0
DA:27,0
DA:30,0
DA:31,0
DA:32,0
DA:34,0
DA:35,0
DA:39,0
DA:95,0
DA:137,0
DA:141,0
LF:19
LH:0
BRDA:25,0,0,0
BRDA:25,0,1,0
BRDA:25,1,0,0
BRDA:25,1,1,0
BRDA:34,2,0,0
BRDA:34,2,1,0
BRDA:98,3,0,0
BRDA:98,3,1,0
BRDA:128,4,0,0
BRDA:128,4,1,0
BRF:10
BRH:0
end_of_record
TN:
SF:src/screens/MileageScreen.js
FN:18,(anonymous_0)
FN:32,(anonymous_1)
FN:36,(anonymous_2)
FN:52,(anonymous_3)
FN:54,(anonymous_4)
FN:74,(anonymous_5)
FN:78,(anonymous_6)
FN:88,(anonymous_7)
FN:96,(anonymous_8)
FN:137,(anonymous_9)
FN:146,(anonymous_10)
FN:153,(anonymous_11)
FN:404,(anonymous_12)
FNF:13
FNH:0
FNDA:0,(anonymous_0)
FNDA:0,(anonymous_1)
FNDA:0,(anonymous_2)
FNDA:0,(anonymous_3)
FNDA:0,(anonymous_4)
FNDA:0,(anonymous_5)
FNDA:0,(anonymous_6)
FNDA:0,(anonymous_7)
FNDA:0,(anonymous_8)
FNDA:0,(anonymous_9)
FNDA:0,(anonymous_10)
FNDA:0,(anonymous_11)
FNDA:0,(anonymous_12)
DA:18,0
DA:19,0
DA:20,0
DA:21,0
DA:23,0
DA:24,0
DA:25,0
DA:30,0
DA:32,0
DA:33,0
DA:36,0
DA:37,0
DA:39,0
DA:41,0
DA:42,0
DA:48,0
DA:49,0
DA:52,0
DA:53,0
DA:54,0
DA:55,0
DA:56,0
DA:59,0
DA:65,0
DA:68,0
DA:70,0
DA:74,0
DA:75,0
DA:78,0
DA:79,0
DA:80,0
DA:82,0
DA:83,0
DA:85,0
DA:88,0
DA:89,0
DA:90,0
DA:91,0
DA:93,0
DA:137,0
DA:138,0
DA:144,0
DA:147,0
DA:153,0
DA:169,0
DA:355,0
DA:404,0
LF:47
LH:0
BRDA:37,0,0,0
BRDA:37,0,1,0
BRDA:48,1,0,0
BRDA:48,1,1,0
BRDA:52,2,0,0
BRDA:52,2,1,0
BRDA:65,3,0,0
BRDA:65,3,1,0
BRDA:82,4,0,0
BRDA:82,4,1,0
BRDA:111,5,0,0
BRDA:111,5,1,0
BRDA:120,6,0,0
BRDA:120,6,1,0
BRDA:127,7,0,0
BRDA:127,7,1,0
BRDA:151,8,0,0
BRDA:151,8,1,0
BRDA:158,9,0,0
BRDA:158,9,1,0
BRDA:384,10,0,0
BRDA:384,10,1,0
BRDA:396,11,0,0
BRDA:396,11,1,0
BRDA:400,12,0,0
BRDA:400,12,1,0
BRF:26
BRH:0
end_of_record
TN:
SF:src/screens/MileageTripScreen.js
FN:19,(anonymous_0)
FN:32,(anonymous_1)
FN:37,(anonymous_2)
FN:44,(anonymous_3)
FN:57,(anonymous_4)
FN:58,(anonymous_5)
FN:59,(anonymous_6)
FN:65,(anonymous_7)
FN:101,(anonymous_8)
FN:122,(anonymous_9)
FN:135,(anonymous_10)
FNF:11
FNH:0
FNDA:0,(anonymous_0)
FNDA:0,(anonymous_1)
FNDA:0,(anonymous_2)
FNDA:0,(anonymous_3)
FNDA:0,(anonymous_4)
FNDA:0,(anonymous_5)
FNDA:0,(anonymous_6)
FNDA:0,(anonymous_7)
FNDA:0,(anonymous_8)
FNDA:0,(anonymous_9)
FNDA:0,(anonymous_10)
DA:19,0
DA:20,0
DA:21,0
DA:22,0
DA:23,0
DA:24,0
DA:25,0
DA:26,0
DA:27,0
DA:28,0
DA:29,0
DA:30,0
DA:32,0
DA:34,0
DA:37,0
DA:38,0
DA:39,0
DA:44,0
DA:45,0
DA:47,0
DA:48,0
DA:49,0
DA:50,0
DA:53,0
DA:57,0
DA:58,0
DA:59,0
DA:62,0
DA:65,0
DA:66,0
DA:67,0
DA:68,0
DA:71,0
DA:72,0
DA:73,0
DA:76,0
DA:78,0
DA:79,0
DA:81,0
DA:82,0
DA:83,0
DA:84,0
DA:87,0
DA:88,0
DA:90,0
DA:92,0
DA:95,0
DA:97,0
DA:101,0
DA:102,0
DA:104,0
DA:106,0
DA:107,0
DA:109,0
DA:110,0
DA:111,0
DA:113,0
DA:114,0
DA:115,0
DA:118,0
DA:122,0
DA:126,0
DA:129,0
DA:131,0
DA:135,0
DA:136,0
DA:137,0
DA:138,0
DA:140,0
DA:143,0
DA:222,0
LF:71
LH:0
BRDA:38,0,0,0
BRDA:38,0,1,0
BRDA:47,1,0,0
BRDA:47,1,1,0
BRDA:66,2,0,0
BRDA:66,2,1,0
BRDA:71,3,0,0
BRDA:71,3,1,0
BRDA:81,4,0,0
BRDA:81,4,1,0
BRDA:92,5,0,0
BRDA:92,5,1,0
BRDA:102,6,0,0
BRDA:102,6,1,0
BRDA:109,7,0,0
BRDA:109,7,1,0
BRDA:113,8,0,0
BRDA:113,8,1,0
BRDA:126,9,0,0
BRDA:126,9,1,0
BRDA:202,10,0,0
BRDA:202,10,1,0
BRDA:235,11,0,0
BRDA:235,11,1,0
BRDA:244,12,0,0
BRDA:244,12,1,0
BRDA:256,13,0,0
BRDA:256,13,1,0
BRDA:256,14,0,0
BRDA:256,14,1,0
BRDA:259,15,0,0
BRDA:259,15,1,0
BRDA:265,16,0,0
BRDA:265,16,1,0
BRDA:272,17,0,0
BRDA:272,17,1,0
BRDA:272,18,0,0
BRDA:272,18,1,0
BRDA:281,19,0,0
BRDA:281,19,1,0
BRDA:282,20,0,0
BRDA:282,20,1,0
BRDA:282,20,2,0
BRDA:285,21,0,0
BRDA:285,21,1,0
BRDA:290,22,0,0
BRDA:290,22,1,0
BRF:47
BRH:0
end_of_record
TN:
SF:src/screens/ProfilesScreen.js
FN:17,(anonymous_0)
FN:23,(anonymous_1)
FN:28,(anonymous_2)
FN:32,(anonymous_3)
FN:40,(anonymous_4)
FN:55,(anonymous_5)
FN:64,(anonymous_6)
FN:84,(anonymous_7)
FN:91,(anonymous_8)
FN:230,(anonymous_9)
FN:244,(anonymous_10)
FNF:11
FNH:0
FNDA:0,(anonymous_0)
FNDA:0,(anonymous_1)
FNDA:0,(anonymous_2)
FNDA:0,(anonymous_3)
FNDA:0,(anonymous_4)
FNDA:0,(anonymous_5)
FNDA:0,(anonymous_6)
FNDA:0,(anonymous_7)
FNDA:0,(anonymous_8)
FNDA:0,(anonymous_9)
FNDA:0,(anonymous_10)
DA:17,0
DA:18,0
DA:19,0
DA:20,0
DA:21,0
DA:23,0
DA:24,0
DA:25,0
DA:28,0
DA:29,0
DA:32,0
DA:33,0
DA:41,0
DA:42,0
DA:43,0
DA:45,0
DA:46,0
DA:55,0
DA:56,0
DA:58,0
DA:64,0
DA:84,0
DA:91,0
DA:100,0
DA:216,0
DA:230,0
DA:244,0
LF:27
LH:0
BRDA:45,0,0,0
BRDA:45,0,1,0
BRDA:46,1,0,0
BRDA:46,1,1,0
BRDA:56,2,0,0
BRDA:56,2,1,0
BRDA:62,3,0,0
BRDA:62,3,1,0
BRDA:67,4,0,0
BRDA:67,4,1,0
BRDA:70,5,0,0
BRDA:70,5,1,0
BRDA:71,6,0,0
BRDA:71,6,1,0
BRDA:76,7,0,0
BRDA:76,7,1,0
BRDA:226,8,0,0
BRDA:226,8,1,0
BRDA:251,9,0,0
BRDA:251,9,1,0
BRF:20
BRH:0
end_of_record
TN:
SF:src/screens/ReceiptCaptureScreen.js
FN:22,(anonymous_0)
FN:38,(anonymous_1)
FN:39,(anonymous_2)
FN:45,(anonymous_3)
FN:53,(anonymous_4)
FN:61,(anonymous_5)
FN:78,(anonymous_6)
FN:82,(anonymous_7)
FN:103,(anonymous_8)
FN:160,(anonymous_9)
FN:190,(anonymous_10)
FN:418,(anonymous_11)
FN:426,(anonymous_12)
FN:432,(anonymous_13)
FN:475,(anonymous_14)
FN:532,(anonymous_15)
FN:575,(anonymous_16)
FNF:17
FNH:0
FNDA:0,(anonymous_0)
FNDA:0,(anonymous_1)
FNDA:0,(anonymous_2)
FNDA:0,(anonymous_3)
FNDA:0,(anonymous_4)
FNDA:0,(anonymous_5)
FNDA:0,(anonymous_6)
FNDA:0,(anonymous_7)
FNDA:0,(anonymous_8)
FNDA:0,(anonymous_9)
FNDA:0,(anonymous_10)
FNDA:0,(anonymous_11)
FNDA:0,(anonymous_12)
FNDA:0,(anonymous_13)
FNDA:0,(anonymous_14)
FNDA:0,(anonymous_15)
FNDA:0,(anonymous_16)
DA:22,0
DA:23,0
DA:24,0
DA:25,0
DA:26,0
DA:28,0
DA:29,0
DA:30,0
DA:31,0
DA:32,0
DA:33,0
DA:34,0
DA:35,0
DA:36,0
DA:38,0
DA:39,0
DA:40,0
DA:41,0
DA:45,0
DA:46,0
DA:53,0
DA:54,0
DA:61,0
DA:62,0
DA:63,0
DA:64,0
DA:65,0
DA:69,0
DA:71,0
DA:73,0
DA:78,0
DA:79,0
DA:82,0
DA:83,0
DA:85,0
DA:87,0
DA:88,0
DA:90,0
DA:91,0
DA:92,0
DA:94,0
DA:97,0
DA:99,0
DA:103,0
DA:104,0
DA:106,0
DA:108,0
DA:110,0
DA:111,0
DA:115,0
DA:117,0
DA:118,0
DA:122,0
DA:137,0
DA:139,0
DA:140,0
DA:144,0
DA:145,0
DA:150,0
DA:151,0
DA:154,0
DA:157,0
DA:160,0
DA:163,0
DA:165,0
DA:166,0
DA:170,0
DA:171,0
DA:180,0
DA:181,0
DA:190,0
DA:199,0
DA:418,0
DA:419,0
DA:421,0
DA:426,0
DA:432,0
DA:475,0
DA:486,0
DA:487,0
DA:532,0
DA:561,0
DA:575,0
LF:83
LH:0
BRDA:23,0,0,0
BRDA:23,0,1,0
BRDA:47,1,0,0
BRDA:47,1,1,0
BRDA:55,2,0,0
BRDA:55,2,1,0
BRDA:62,3,0,0
BRDA:62,3,1,0
BRDA:83,4,0,0
BRDA:83,4,1,0
BRDA:90,5,0,0
BRDA:90,5,1,0
BRDA:104,6,0,0
BRDA:104,6,1,0
BRDA:110,7,0,0
BRDA:110,7,1,0
BRDA:117,8,0,0
BRDA:117,8,1,0
BRDA:125,9,0,0
BRDA:125,9,1,0
BRDA:126,10,0,0
BRDA:126,10,1,0
BRDA:127,11,0,0
BRDA:127,11,1,0
BRDA:128,12,0,0
BRDA:128,12,1,0
BRDA:139,13,0,0
BRDA:139,13,1,0
BRDA:144,14,0,0
BRDA:144,14,1,0
BRDA:150,15,0,0
BRDA:150,15,1,0
BRDA:150,16,0,0
BRDA:150,16,1,0
BRDA:170,17,0,0
BRDA:170,17,1,0
BRDA:180,18,0,0
BRDA:180,18,1,0
BRDA:419,19,0,0
BRDA:419,19,1,0
BRDA:438,20,0,0
BRDA:438,20,1,0
BRDA:445,21,0,0
BRDA:445,21,1,0
BRDA:452,22,0,0
BRDA:452,22,1,0
BRDA:459,23,0,0
BRDA:459,23,1,0
BRDA:486,24,0,0
BRDA:486,24,1,0
BRDA:512,25,0,0
BRDA:512,25,1,0
BRDA:518,26,0,0
BRDA:518,26,1,0
BRDA:529,27,0,0
BRDA:529,27,1,0
BRDA:544,28,0,0
BRDA:544,28,1,0
BRDA:589,29,0,0
BRDA:589,29,1,0
BRDA:600,30,0,0
BRDA:600,30,1,0
BRF:62
BRH:0
end_of_record
TN:
SF:src/screens/RecurringDeductionFormScreen.js
FN:22,(anonymous_0)
FN:65,(anonymous_1)
FN:71,(anonymous_2)
FN:99,(anonymous_3)
FN:123,(anonymous_4)
FN:133,(anonymous_5)
FN:157,(anonymous_6)
FN:344,(anonymous_7)
FN:349,(anonymous_8)
FN:361,(anonymous_9)
FN:365,(anonymous_10)
FN:377,(anonymous_11)
FN:382,(anonymous_12)
FN:394,(anonymous_13)
FNF:14
FNH:0
FNDA:0,(anonymous_0)
FNDA:0,(anonymous_1)
FNDA:0,(anonymous_2)
FNDA:0,(anonymous_3)
FNDA:0,(anonymous_4)
FNDA:0,(anonymous_5)
FNDA:0,(anonymous_6)
FNDA:0,(anonymous_7)
FNDA:0,(anonymous_8)
FNDA:0,(anonymous_9)
FNDA:0,(anonymous_10)
FNDA:0,(anonymous_11)
FNDA:0,(anonymous_12)
FNDA:0,(anonymous_13)
DA:22,0
DA:23,0
DA:24,0
DA:25,0
DA:27,0
DA:28,0
DA:30,0
DA:31,0
DA:33,0
DA:34,0
DA:35,0
DA:36,0
DA:37,0
DA:38,0
DA:39,0
DA:41,0
DA:56,0
DA:65,0
DA:66,0
DA:67,0
DA:71,0
DA:72,0
DA:74,0
DA:75,0
DA:76,0
DA:78,0
DA:79,0
DA:80,0
DA:81,0
DA:82,0
DA:83,0
DA:84,0
DA:85,0
DA:86,0
DA:88,0
DA:89,0
DA:92,0
DA:93,0
DA:95,0
DA:99,0
DA:100,0
DA:101,0
DA:102,0
DA:105,0
DA:106,0
DA:107,0
DA:110,0
DA:111,0
DA:112,0
DA:115,0
DA:116,0
DA:117,0
DA:120,0
DA:123,0
DA:124,0
DA:125,0
DA:126,0
DA:127,0
DA:130,0
DA:132,0
DA:133,0
DA:134,0
DA:147,0
DA:148,0
DA:150,0
DA:153,0
DA:154,0
DA:157,0
DA:160,0
DA:163,0
DA:165,0
DA:169,0
DA:287,0
DA:288,0
DA:302,0
DA:344,0
DA:350,0
DA:361,0
DA:366,0
DA:377,0
DA:383,0
DA:394,0
LF:82
LH:0
BRDA:27,0,0,0
BRDA:27,0,1,0
BRDA:38,1,0,0
BRDA:38,1,1,0
BRDA:66,2,0,0
BRDA:66,2,1,0
BRDA:66,3,0,0
BRDA:66,3,1,0
BRDA:72,4,0,0
BRDA:72,4,1,0
BRDA:72,5,0,0
BRDA:72,5,1,0
BRDA:78,6,0,0
BRDA:78,6,1,0
BRDA:80,7,0,0
BRDA:80,7,1,0
BRDA:81,8,0,0
BRDA:81,8,1,0
BRDA:82,9,0,0
BRDA:82,9,1,0
BRDA:83,10,0,0
BRDA:83,10,1,0
BRDA:84,11,0,0
BRDA:84,11,1,0
BRDA:85,12,0,0
BRDA:85,12,1,0
BRDA:86,13,0,0
BRDA:86,13,1,0
BRDA:88,14,0,0
BRDA:88,14,1,0
BRDA:100,15,0,0
BRDA:100,15,1,0
BRDA:105,16,0,0
BRDA:105,16,1,0
BRDA:105,17,0,0
BRDA:105,17,1,0
BRDA:105,17,2,0
BRDA:110,18,0,0
BRDA:110,18,1,0
BRDA:115,19,0,0
BRDA:115,19,1,0
BRDA:124,20,0,0
BRDA:124,20,1,0
BRDA:125,21,0,0
BRDA:125,21,1,0
BRDA:141,22,0,0
BRDA:141,22,1,0
BRDA:147,23,0,0
BRDA:147,23,1,0
BRDA:147,24,0,0
BRDA:147,24,1,0
BRDA:153,25,0,0
BRDA:153,25,1,0
BRDA:156,26,0,0
BRDA:156,26,1,0
BRDA:160,27,0,0
BRDA:160,27,1,0
BRDA:275,28,0,0
BRDA:275,28,1,0
BRDA:283,29,0,0
BRDA:283,29,1,0
BRDA:287,30,0,0
BRDA:287,30,1,0
BRDA:292,31,0,0
BRDA:292,31,1,0
BRDA:306,32,0,0
BRDA:306,32,1,0
BRDA:307,33,0,0
BRDA:307,33,1,0
BRDA:311,34,0,0
BRDA:311,34,1,0
BRDA:389,35,0,0
BRDA:389,35,1,0
BRDA:419,36,0,0
BRDA:419,36,1,0
BRDA:425,37,0,0
BRDA:425,37,1,0
BRF:77
BRH:0
end_of_record
TN:
SF:src/screens/RecurringDeductionsScreen.js
FN:19,(anonymous_0)
FN:31,(anonymous_1)
FN:35,(anonymous_2)
FN:45,(anonymous_3)
FN:49,(anonymous_4)
FN:65,(anonymous_5)
FN:70,(anonymous_6)
FN:74,(anonymous_7)
FN:78,(anonymous_8)
FN:87,(anonymous_9)
FN:93,(anonymous_10)
FN:107,(anonymous_11)
FN:115,(anonymous_12)
FN:129,(anonymous_13)
FN:156,(anonymous_14)
FN:161,(anonymous_15)
FN:173,(anonymous_16)
FN:181,(anonymous_17)
FN:224,(anonymous_18)
FN:232,(anonymous_19)
FN:238,(anonymous_20)
FN:283,(anonymous_21)
FN:285,(anonymous_22)
FN:294,(anonymous_23)
FN:307,(anonymous_24)
FN:309,(anonymous_25)
FN:545,(anonymous_26)
FNF:27
FNH:0
FNDA:0,(anonymous_0)
FNDA:0,(anonymous_1)
FNDA:0,(anonymous_2)
FNDA:0,(anonymous_3)
FNDA:0,(anonymous_4)
FNDA:0,(anonymous_5)
FNDA:0,(anonymous_6)
FNDA:0,(anonymous_7)
FNDA:0,(anonymous_8)
FNDA:0,(anonymous_9)
FNDA:0,(anonymous_10)
FNDA:0,(anonymous_11)
FNDA:0,(anonymous_12)
FNDA:0,(anonymous_13)
FNDA:0,(anonymous_14)
FNDA:0,(anonymous_15)
FNDA:0,(anonymous_16)
FNDA:0,(anonymous_17)
FNDA:0,(anonymous_18)
FNDA:0,(anonymous_19)
FNDA:0,(anonymous_20)
FNDA:0,(anonymous_21)
FNDA:0,(anonymous_22)
FNDA:0,(anonymous_23)
FNDA:0,(anonymous_24)
FNDA:0,(anonymous_25)
FNDA:0,(anonymous_26)
DA:19,0
DA:20,0
DA:21,0
DA:22,0
DA:24,0
DA:25,0
DA:26,0
DA:27,0
DA:28,0
DA:29,0
DA:31,0
DA:32,0
DA:35,0
DA:36,0
DA:38,0
DA:39,0
DA:40,0
DA:42,0
DA:44,0
DA:45,0
DA:49,0
DA:50,0
DA:53,0
DA:55,0
DA:58,0
DA:60,0
DA:61,0
DA:65,0
DA:66,0
DA:67,0
DA:70,0
DA:71,0
DA:74,0
DA:75,0
DA:78,0
DA:79,0
DA:88,0
DA:89,0
DA:91,0
DA:93,0
DA:94,0
DA:96,0
DA:99,0
DA:107,0
DA:108,0
DA:109,0
DA:113,0
DA:115,0
DA:116,0
DA:117,0
DA:119,0
DA:122,0
DA:125,0
DA:129,0
DA:130,0
DA:132,0
DA:133,0
DA:134,0
DA:135,0
DA:137,0
DA:138,0
DA:139,0
DA:144,0
DA:147,0
DA:150,0
DA:152,0
DA:156,0
DA:157,0
DA:158,0
DA:161,0
DA:162,0
DA:163,0
DA:164,0
DA:165,0
DA:166,0
DA:167,0
DA:168,0
DA:169,0
DA:173,0
DA:174,0
DA:178,0
DA:181,0
DA:224,0
DA:225,0
DA:227,0
DA:232,0
DA:238,0
DA:284,0
DA:285,0
DA:295,0
DA:296,0
DA:308,0
DA:309,0
DA:322,0
DA:523,0
DA:545,0
LF:96
LH:0
BRDA:36,0,0,0
BRDA:36,0,1,0
BRDA:42,1,0,0
BRDA:42,1,1,0
BRDA:44,2,0,0
BRDA:44,2,1,0
BRDA:55,3,0,0
BRDA:55,3,1,0
BRDA:91,4,0,0
BRDA:91,4,1,0
BRDA:96,5,0,0
BRDA:96,5,1,0
BRDA:113,6,0,0
BRDA:113,6,1,0
BRDA:116,7,0,0
BRDA:116,7,1,0
BRDA:122,8,0,0
BRDA:122,8,1,0
BRDA:130,9,0,0
BRDA:130,9,1,0
BRDA:134,10,0,0
BRDA:134,10,1,0
BRDA:137,11,0,0
BRDA:137,11,1,0
BRDA:138,12,0,0
BRDA:138,12,1,0
BRDA:141,13,0,0
BRDA:141,13,1,0
BRDA:147,14,0,0
BRDA:147,14,1,0
BRDA:162,15,0,0
BRDA:162,15,1,0
BRDA:162,15,2,0
BRDA:162,15,3,0
BRDA:162,15,4,0
BRDA:162,15,5,0
BRDA:162,15,6,0
BRDA:174,16,0,0
BRDA:174,16,1,0
BRDA:213,17,0,0
BRDA:213,17,1,0
BRDA:215,18,0,0
BRDA:215,18,1,0
BRDA:217,19,0,0
BRDA:217,19,1,0
BRDA:225,20,0,0
BRDA:225,20,1,0
BRDA:266,21,0,0
BRDA:266,21,1,0
BRDA:268,22,0,0
BRDA:268,22,1,0
BRDA:272,23,0,0
BRDA:272,23,1,0
BRDA:293,24,0,0
BRDA:293,24,1,0
BRDA:299,25,0,0
BRDA:299,25,1,0
BRDA:301,26,0,0
BRDA:301,26,1,0
BRDA:530,27,0,0
BRDA:530,27,1,0
BRDA:534,28,0,0
BRDA:534,28,1,0
BRDA:559,29,0,0
BRDA:559,29,1,0
BRF:65
BRH:0
end_of_record
TN:
SF:src/screens/ReportsScreen.js
FN:19,(anonymous_0)
FN:32,(anonymous_1)
FN:36,(anonymous_2)
FN:64,(anonymous_3)
FN:177,(anonymous_4)
FN:180,(anonymous_5)
FN:189,(anonymous_6)
FN:207,(anonymous_7)
FN:224,(anonymous_8)
FN:250,(anonymous_9)
FNF:10
FNH:0
FNDA:0,(anonymous_0)
FNDA:0,(anonymous_1)
FNDA:0,(anonymous_2)
FNDA:0,(anonymous_3)
FNDA:0,(anonymous_4)
FNDA:0,(anonymous_5)
FNDA:0,(anonymous_6)
FNDA:0,(anonymous_7)
FNDA:0,(anonymous_8)
FNDA:0,(anonymous_9)
DA:19,0
DA:20,0
DA:21,0
DA:22,0
DA:24,0
DA:25,0
DA:26,0
DA:27,0
DA:29,0
DA:30,0
DA:32,0
DA:33,0
DA:36,0
DA:37,0
DA:39,0
DA:40,0
DA:42,0
DA:43,0
DA:49,0
DA:50,0
DA:52,0
DA:55,0
DA:57,0
DA:61,0
DA:64,0
DA:73,0
DA:177,0
DA:178,0
DA:181,0
DA:189,0
DA:207,0
DA:208,0
DA:210,0
DA:224,0
DA:225,0
DA:226,0
DA:234,0
DA:250,0
DA:251,0
DA:257,0
DA:265,0
DA:279,0
DA:280,0
DA:289,0
LF:44
LH:0
BRDA:37,0,0,0
BRDA:37,0,1,0
BRDA:49,1,0,0
BRDA:49,1,1,0
BRDA:64,2,0,0
BRDA:64,3,0,0
BRDA:64,3,1,0
BRDA:185,4,0,0
BRDA:185,4,1,0
BRDA:194,5,0,0
BRDA:194,5,1,0
BRDA:208,6,0,0
BRDA:208,6,1,0
BRDA:217,7,0,0
BRDA:217,7,1,0
BRDA:218,8,0,0
BRDA:218,8,1,0
BRDA:225,9,0,0
BRDA:225,9,1,0
BRDA:225,10,0,0
BRDA:225,10,1,0
BRDA:225,10,2,0
BRDA:251,11,0,0
BRDA:251,11,1,0
BRDA:252,12,0,0
BRDA:252,12,1,0
BRDA:252,12,2,0
BRDA:252,12,3,0
BRDA:279,13,0,0
BRDA:279,13,1,0
BRDA:305,14,0,0
BRDA:305,14,1,0
BRF:32
BRH:0
end_of_record
TN:
SF:src/screens/SettingsScreen.js
FN:18,(anonymous_0)
FN:24,(anonymous_1)
FN:34,(anonymous_2)
FN:145,(anonymous_3)
FN:164,(anonymous_4)
FN:191,(anonymous_5)
FN:207,(anonymous_6)
FNF:7
FNH:0
FNDA:0,(anonymous_0)
FNDA:0,(anonymous_1)
FNDA:0,(anonymous_2)
FNDA:0,(anonymous_3)
FNDA:0,(anonymous_4)
FNDA:0,(anonymous_5)
FNDA:0,(anonymous_6)
DA:18,0
DA:19,0
DA:20,0
DA:21,0
DA:22,0
DA:24,0
DA:25,0
DA:26,0
DA:27,0
DA:29,0
DA:30,0
DA:34,0
DA:35,0
DA:45,0
DA:132,0
DA:145,0
DA:164,0
DA:191,0
DA:207,0
LF:19
LH:0
BRDA:29,0,0,0
BRDA:29,0,1,0
BRDA:30,1,0,0
BRDA:30,1,1,0
BRDA:150,2,0,0
BRDA:150,2,1,0
BRDA:238,3,0,0
BRDA:238,3,1,0
BRF:8
BRH:0
end_of_record
TN:
SF:src/screens/SignupScreen.js
FN:17,(anonymous_0)
FN:25,(anonymous_1)
FN:153,(anonymous_2)
FNF:3
FNH:0
FNDA:0,(anonymous_0)
FNDA:0,(anonymous_1)
FNDA:0,(anonymous_2)
DA:17,0
DA:18,0
DA:19,0
DA:20,0
DA:21,0
DA:22,0
DA:23,0
DA:25,0
DA:26,0
DA:27,0
DA:28,0
DA:31,0
DA:32,0
DA:33,0
DA:36,0
DA:37,0
DA:38,0
DA:40,0
DA:41,0
DA:45,0
DA:101,0
DA:153,0
LF:22
LH:0
BRDA:26,0,0,0
BRDA:26,0,1,0
BRDA:26,1,0,0
BRDA:26,1,1,0
BRDA:26,1,2,0
BRDA:31,2,0,0
BRDA:31,2,1,0
BRDA:40,3,0,0
BRDA:40,3,1,0
BRDA:104,4,0,0
BRDA:104,4,1,0
BRDA:143,5,0,0
BRDA:143,5,1,0
BRF:13
BRH:0
end_of_record
